<?xml version="1.0" encoding="UTF-8"?>
<coverage generated="1764163451710" clover="3.2.0">
  <project timestamp="1764163451711" name="All files">
    <metrics statements="3052" coveredstatements="356" conditionals="1671" coveredconditionals="33" methods="288" coveredmethods="9" elements="5011" coveredelements="398" complexity="0" loc="3052" ncloc="3052" packages="3" files="7" classes="7"/>
    <package name="backend">
      <metrics statements="2867" coveredstatements="316" conditionals="1538" coveredconditionals="19" methods="270" coveredmethods="7"/>
      <file name="admin-panel.js" path="D:\matrix-delivery\backend\admin-panel.js">
        <metrics statements="407" coveredstatements="23" conditionals="140" coveredconditionals="0" methods="37" coveredmethods="1"/>
        <line num="4" count="1" type="stmt"/>
        <line num="7" count="1" type="stmt"/>
        <line num="8" count="0" type="stmt"/>
        <line num="9" count="0" type="stmt"/>
        <line num="10" count="0" type="cond" truecount="0" falsecount="2"/>
        <line num="12" count="0" type="stmt"/>
        <line num="15" count="0" type="stmt"/>
        <line num="20" count="0" type="stmt"/>
        <line num="21" count="0" type="cond" truecount="0" falsecount="4"/>
        <line num="22" count="0" type="cond" truecount="0" falsecount="4"/>
        <line num="23" count="0" type="stmt"/>
        <line num="26" count="0" type="stmt"/>
        <line num="27" count="0" type="stmt"/>
        <line num="29" count="0" type="stmt"/>
        <line num="30" count="0" type="stmt"/>
        <line num="35" count="1" type="cond" truecount="0" falsecount="1"/>
        <line num="36" count="0" type="stmt"/>
        <line num="37" count="0" type="stmt"/>
        <line num="43" count="0" type="stmt"/>
        <line num="48" count="1" type="stmt"/>
        <line num="49" count="0" type="stmt"/>
        <line num="50" count="0" type="cond" truecount="0" falsecount="1"/>
        <line num="53" count="0" type="stmt"/>
        <line num="54" count="0" type="stmt"/>
        <line num="55" count="0" type="cond" truecount="0" falsecount="5"/>
        <line num="57" count="0" type="stmt"/>
        <line num="58" count="0" type="stmt"/>
        <line num="60" count="0" type="stmt"/>
        <line num="61" count="0" type="stmt"/>
        <line num="63" count="0" type="stmt"/>
        <line num="64" count="0" type="stmt"/>
        <line num="66" count="0" type="stmt"/>
        <line num="67" count="0" type="stmt"/>
        <line num="69" count="0" type="stmt"/>
        <line num="73" count="0" type="stmt"/>
        <line num="74" count="0" type="stmt"/>
        <line num="77" count="0" type="stmt"/>
        <line num="81" count="0" type="stmt"/>
        <line num="84" count="0" type="stmt"/>
        <line num="87" count="0" type="stmt"/>
        <line num="88" count="0" type="stmt"/>
        <line num="89" count="0" type="stmt"/>
        <line num="93" count="0" type="stmt"/>
        <line num="94" count="0" type="stmt"/>
        <line num="97" count="0" type="stmt"/>
        <line num="100" count="0" type="stmt"/>
        <line num="101" count="0" type="stmt"/>
        <line num="110" count="0" type="stmt"/>
        <line num="111" count="0" type="stmt"/>
        <line num="112" count="0" type="stmt"/>
        <line num="119" count="0" type="stmt"/>
        <line num="123" count="0" type="stmt"/>
        <line num="126" count="0" type="stmt"/>
        <line num="129" count="0" type="stmt"/>
        <line num="132" count="0" type="stmt"/>
        <line num="136" count="0" type="stmt"/>
        <line num="139" count="0" type="stmt"/>
        <line num="150" count="0" type="stmt"/>
        <line num="156" count="0" type="stmt"/>
        <line num="166" count="0" type="stmt"/>
        <line num="167" count="0" type="stmt"/>
        <line num="168" count="0" type="stmt"/>
        <line num="169" count="0" type="stmt"/>
        <line num="176" count="0" type="stmt"/>
        <line num="181" count="0" type="cond" truecount="0" falsecount="2"/>
        <line num="183" count="0" type="stmt"/>
        <line num="189" count="0" type="cond" truecount="0" falsecount="2"/>
        <line num="191" count="0" type="stmt"/>
        <line num="198" count="0" type="cond" truecount="0" falsecount="2"/>
        <line num="200" count="0" type="stmt"/>
        <line num="203" count="0" type="cond" truecount="0" falsecount="2"/>
        <line num="205" count="0" type="stmt"/>
        <line num="224" count="0" type="stmt"/>
        <line num="226" count="0" type="stmt"/>
        <line num="227" count="0" type="stmt"/>
        <line num="232" count="1" type="stmt"/>
        <line num="233" count="0" type="stmt"/>
        <line num="234" count="0" type="cond" truecount="0" falsecount="5"/>
        <line num="235" count="0" type="stmt"/>
        <line num="237" count="0" type="stmt"/>
        <line num="238" count="0" type="stmt"/>
        <line num="239" count="0" type="stmt"/>
        <line num="241" count="0" type="cond" truecount="0" falsecount="2"/>
        <line num="242" count="0" type="stmt"/>
        <line num="247" count="0" type="stmt"/>
        <line num="248" count="0" type="stmt"/>
        <line num="251" count="0" type="cond" truecount="0" falsecount="2"/>
        <line num="252" count="0" type="stmt"/>
        <line num="253" count="0" type="stmt"/>
        <line num="254" count="0" type="stmt"/>
        <line num="257" count="0" type="cond" truecount="0" falsecount="2"/>
        <line num="258" count="0" type="stmt"/>
        <line num="259" count="0" type="cond" truecount="0" falsecount="2"/>
        <line num="260" count="0" type="stmt"/>
        <line num="263" count="0" type="cond" truecount="0" falsecount="2"/>
        <line num="265" count="0" type="stmt"/>
        <line num="269" count="0" type="stmt"/>
        <line num="271" count="0" type="stmt"/>
        <line num="272" count="0" type="stmt"/>
        <line num="286" count="0" type="stmt"/>
        <line num="305" count="0" type="stmt"/>
        <line num="315" count="0" type="stmt"/>
        <line num="317" count="0" type="stmt"/>
        <line num="318" count="0" type="stmt"/>
        <line num="323" count="1" type="stmt"/>
        <line num="324" count="0" type="stmt"/>
        <line num="325" count="0" type="stmt"/>
        <line num="338" count="0" type="cond" truecount="0" falsecount="2"/>
        <line num="339" count="0" type="stmt"/>
        <line num="342" count="0" type="stmt"/>
        <line num="344" count="0" type="stmt"/>
        <line num="351" count="0" type="stmt"/>
        <line num="361" count="0" type="stmt"/>
        <line num="387" count="0" type="stmt"/>
        <line num="389" count="0" type="stmt"/>
        <line num="390" count="0" type="stmt"/>
        <line num="395" count="1" type="stmt"/>
        <line num="396" count="0" type="stmt"/>
        <line num="397" count="0" type="stmt"/>
        <line num="402" count="0" type="cond" truecount="0" falsecount="2"/>
        <line num="403" count="0" type="stmt"/>
        <line num="406" count="0" type="stmt"/>
        <line num="408" count="0" type="stmt"/>
        <line num="416" count="0" type="stmt"/>
        <line num="417" count="0" type="stmt"/>
        <line num="423" count="0" type="stmt"/>
        <line num="433" count="0" type="stmt"/>
        <line num="434" count="0" type="stmt"/>
        <line num="444" count="1" type="stmt"/>
        <line num="445" count="0" type="stmt"/>
        <line num="446" count="0" type="stmt"/>
        <line num="448" count="0" type="stmt"/>
        <line num="453" count="0" type="cond" truecount="0" falsecount="2"/>
        <line num="454" count="0" type="stmt"/>
        <line num="457" count="0" type="stmt"/>
        <line num="459" count="0" type="stmt"/>
        <line num="467" count="0" type="stmt"/>
        <line num="468" count="0" type="stmt"/>
        <line num="475" count="0" type="stmt"/>
        <line num="485" count="0" type="stmt"/>
        <line num="486" count="0" type="stmt"/>
        <line num="491" count="1" type="stmt"/>
        <line num="492" count="0" type="stmt"/>
        <line num="493" count="0" type="stmt"/>
        <line num="498" count="0" type="cond" truecount="0" falsecount="2"/>
        <line num="499" count="0" type="stmt"/>
        <line num="502" count="0" type="stmt"/>
        <line num="504" count="0" type="stmt"/>
        <line num="512" count="0" type="stmt"/>
        <line num="513" count="0" type="stmt"/>
        <line num="519" count="0" type="stmt"/>
        <line num="529" count="0" type="stmt"/>
        <line num="530" count="0" type="stmt"/>
        <line num="535" count="1" type="stmt"/>
        <line num="536" count="0" type="stmt"/>
        <line num="537" count="0" type="stmt"/>
        <line num="538" count="0" type="stmt"/>
        <line num="540" count="0" type="stmt"/>
        <line num="545" count="0" type="cond" truecount="0" falsecount="2"/>
        <line num="546" count="0" type="stmt"/>
        <line num="547" count="0" type="stmt"/>
        <line num="550" count="0" type="stmt"/>
        <line num="552" count="0" type="stmt"/>
        <line num="559" count="0" type="cond" truecount="0" falsecount="2"/>
        <line num="560" count="0" type="stmt"/>
        <line num="561" count="0" type="stmt"/>
        <line num="566" count="0" type="stmt"/>
        <line num="567" count="0" type="stmt"/>
        <line num="569" count="0" type="stmt"/>
        <line num="570" count="0" type="stmt"/>
        <line num="576" count="0" type="stmt"/>
        <line num="578" count="0" type="stmt"/>
        <line num="579" count="0" type="stmt"/>
        <line num="580" count="0" type="stmt"/>
        <line num="582" count="0" type="stmt"/>
        <line num="587" count="1" type="stmt"/>
        <line num="588" count="0" type="stmt"/>
        <line num="589" count="0" type="cond" truecount="0" falsecount="4"/>
        <line num="590" count="0" type="stmt"/>
        <line num="592" count="0" type="stmt"/>
        <line num="593" count="0" type="stmt"/>
        <line num="594" count="0" type="stmt"/>
        <line num="596" count="0" type="cond" truecount="0" falsecount="2"/>
        <line num="597" count="0" type="stmt"/>
        <line num="598" count="0" type="stmt"/>
        <line num="599" count="0" type="stmt"/>
        <line num="602" count="0" type="cond" truecount="0" falsecount="2"/>
        <line num="603" count="0" type="stmt"/>
        <line num="610" count="0" type="stmt"/>
        <line num="611" count="0" type="stmt"/>
        <line num="614" count="0" type="cond" truecount="0" falsecount="2"/>
        <line num="616" count="0" type="stmt"/>
        <line num="622" count="0" type="stmt"/>
        <line num="624" count="0" type="stmt"/>
        <line num="625" count="0" type="stmt"/>
        <line num="642" count="0" type="stmt"/>
        <line num="666" count="0" type="stmt"/>
        <line num="676" count="0" type="stmt"/>
        <line num="678" count="0" type="stmt"/>
        <line num="679" count="0" type="stmt"/>
        <line num="684" count="1" type="stmt"/>
        <line num="685" count="0" type="stmt"/>
        <line num="686" count="0" type="stmt"/>
        <line num="703" count="0" type="cond" truecount="0" falsecount="2"/>
        <line num="704" count="0" type="stmt"/>
        <line num="707" count="0" type="stmt"/>
        <line num="709" count="0" type="stmt"/>
        <line num="719" count="0" type="stmt"/>
        <line num="726" count="0" type="stmt"/>
        <line num="731" count="0" type="stmt"/>
        <line num="780" count="0" type="stmt"/>
        <line num="782" count="0" type="stmt"/>
        <line num="783" count="0" type="stmt"/>
        <line num="788" count="1" type="stmt"/>
        <line num="789" count="0" type="stmt"/>
        <line num="790" count="0" type="stmt"/>
        <line num="791" count="0" type="stmt"/>
        <line num="793" count="0" type="stmt"/>
        <line num="795" count="0" type="stmt"/>
        <line num="800" count="0" type="cond" truecount="0" falsecount="2"/>
        <line num="801" count="0" type="stmt"/>
        <line num="802" count="0" type="stmt"/>
        <line num="805" count="0" type="stmt"/>
        <line num="807" count="0" type="cond" truecount="0" falsecount="4"/>
        <line num="808" count="0" type="stmt"/>
        <line num="809" count="0" type="stmt"/>
        <line num="812" count="0" type="stmt"/>
        <line num="817" count="0" type="stmt"/>
        <line num="825" count="0" type="cond" truecount="0" falsecount="2"/>
        <line num="826" count="0" type="stmt"/>
        <line num="835" count="0" type="stmt"/>
        <line num="837" count="0" type="stmt"/>
        <line num="838" count="0" type="stmt"/>
        <line num="844" count="0" type="stmt"/>
        <line num="846" count="0" type="stmt"/>
        <line num="847" count="0" type="stmt"/>
        <line num="848" count="0" type="stmt"/>
        <line num="850" count="0" type="stmt"/>
        <line num="860" count="1" type="stmt"/>
        <line num="861" count="0" type="stmt"/>
        <line num="862" count="0" type="cond" truecount="0" falsecount="1"/>
        <line num="864" count="0" type="stmt"/>
        <line num="865" count="0" type="stmt"/>
        <line num="866" count="0" type="cond" truecount="0" falsecount="5"/>
        <line num="868" count="0" type="stmt"/>
        <line num="869" count="0" type="stmt"/>
        <line num="871" count="0" type="stmt"/>
        <line num="872" count="0" type="stmt"/>
        <line num="874" count="0" type="stmt"/>
        <line num="875" count="0" type="stmt"/>
        <line num="877" count="0" type="stmt"/>
        <line num="878" count="0" type="stmt"/>
        <line num="880" count="0" type="stmt"/>
        <line num="883" count="0" type="stmt"/>
        <line num="892" count="0" type="stmt"/>
        <line num="901" count="0" type="stmt"/>
        <line num="911" count="0" type="stmt"/>
        <line num="918" count="0" type="stmt"/>
        <line num="934" count="0" type="stmt"/>
        <line num="945" count="0" type="stmt"/>
        <line num="952" count="0" type="stmt"/>
        <line num="960" count="0" type="stmt"/>
        <line num="966" count="0" type="stmt"/>
        <line num="968" count="0" type="stmt"/>
        <line num="969" count="0" type="stmt"/>
        <line num="974" count="1" type="stmt"/>
        <line num="975" count="0" type="stmt"/>
        <line num="976" count="0" type="cond" truecount="0" falsecount="3"/>
        <line num="977" count="0" type="stmt"/>
        <line num="979" count="0" type="stmt"/>
        <line num="980" count="0" type="stmt"/>
        <line num="981" count="0" type="stmt"/>
        <line num="983" count="0" type="cond" truecount="0" falsecount="2"/>
        <line num="984" count="0" type="stmt"/>
        <line num="985" count="0" type="stmt"/>
        <line num="986" count="0" type="stmt"/>
        <line num="989" count="0" type="cond" truecount="0" falsecount="2"/>
        <line num="990" count="0" type="stmt"/>
        <line num="991" count="0" type="stmt"/>
        <line num="992" count="0" type="stmt"/>
        <line num="995" count="0" type="cond" truecount="0" falsecount="2"/>
        <line num="996" count="0" type="stmt"/>
        <line num="997" count="0" type="stmt"/>
        <line num="998" count="0" type="stmt"/>
        <line num="1001" count="0" type="cond" truecount="0" falsecount="2"/>
        <line num="1003" count="0" type="stmt"/>
        <line num="1007" count="0" type="stmt"/>
        <line num="1009" count="0" type="stmt"/>
        <line num="1010" count="0" type="stmt"/>
        <line num="1023" count="0" type="stmt"/>
        <line num="1036" count="0" type="stmt"/>
        <line num="1046" count="0" type="stmt"/>
        <line num="1047" count="0" type="stmt"/>
        <line num="1052" count="1" type="stmt"/>
        <line num="1053" count="0" type="stmt"/>
        <line num="1054" count="0" type="cond" truecount="0" falsecount="1"/>
        <line num="1056" count="0" type="stmt"/>
        <line num="1057" count="0" type="cond" truecount="0" falsecount="2"/>
        <line num="1058" count="0" type="stmt"/>
        <line num="1061" count="0" type="stmt"/>
        <line num="1062" count="0" type="stmt"/>
        <line num="1064" count="0" type="stmt"/>
        <line num="1069" count="0" type="stmt"/>
        <line num="1070" count="0" type="stmt"/>
        <line num="1076" count="0" type="stmt"/>
        <line num="1081" count="0" type="stmt"/>
        <line num="1082" count="0" type="stmt"/>
        <line num="1087" count="1" type="stmt"/>
        <line num="1088" count="0" type="stmt"/>
        <line num="1089" count="0" type="stmt"/>
        <line num="1093" count="0" type="stmt"/>
        <line num="1094" count="0" type="stmt"/>
        <line num="1095" count="0" type="stmt"/>
        <line num="1103" count="0" type="stmt"/>
        <line num="1105" count="0" type="stmt"/>
        <line num="1107" count="0" type="stmt"/>
        <line num="1108" count="0" type="stmt"/>
        <line num="1113" count="1" type="stmt"/>
        <line num="1114" count="0" type="stmt"/>
        <line num="1115" count="0" type="stmt"/>
        <line num="1117" count="0" type="stmt"/>
        <line num="1126" count="0" type="stmt"/>
        <line num="1127" count="0" type="stmt"/>
        <line num="1133" count="0" type="stmt"/>
        <line num="1138" count="0" type="stmt"/>
        <line num="1139" count="0" type="stmt"/>
        <line num="1144" count="1" type="stmt"/>
        <line num="1145" count="0" type="stmt"/>
        <line num="1146" count="0" type="stmt"/>
        <line num="1147" count="0" type="stmt"/>
        <line num="1149" count="0" type="stmt"/>
        <line num="1151" count="0" type="cond" truecount="0" falsecount="4"/>
        <line num="1152" count="0" type="stmt"/>
        <line num="1153" count="0" type="stmt"/>
        <line num="1156" count="0" type="stmt"/>
        <line num="1163" count="0" type="stmt"/>
        <line num="1164" count="0" type="stmt"/>
        <line num="1173" count="0" type="stmt"/>
        <line num="1175" count="0" type="stmt"/>
        <line num="1176" count="0" type="stmt"/>
        <line num="1182" count="0" type="stmt"/>
        <line num="1188" count="0" type="stmt"/>
        <line num="1189" count="0" type="stmt"/>
        <line num="1190" count="0" type="stmt"/>
        <line num="1192" count="0" type="stmt"/>
        <line num="1197" count="1" type="stmt"/>
        <line num="1198" count="0" type="stmt"/>
        <line num="1199" count="0" type="stmt"/>
        <line num="1200" count="0" type="stmt"/>
        <line num="1202" count="0" type="stmt"/>
        <line num="1203" count="0" type="stmt"/>
        <line num="1205" count="0" type="stmt"/>
        <line num="1206" count="0" type="stmt"/>
        <line num="1207" count="0" type="stmt"/>
        <line num="1210" count="0" type="stmt"/>
        <line num="1216" count="0" type="stmt"/>
        <line num="1217" count="0" type="stmt"/>
        <line num="1223" count="0" type="stmt"/>
        <line num="1230" count="0" type="stmt"/>
        <line num="1231" count="0" type="stmt"/>
        <line num="1236" count="1" type="stmt"/>
        <line num="1237" count="0" type="stmt"/>
        <line num="1238" count="0" type="cond" truecount="0" falsecount="1"/>
        <line num="1241" count="0" type="cond" truecount="0" falsecount="5"/>
        <line num="1243" count="0" type="stmt"/>
        <line num="1244" count="0" type="stmt"/>
        <line num="1246" count="0" type="stmt"/>
        <line num="1247" count="0" type="stmt"/>
        <line num="1249" count="0" type="stmt"/>
        <line num="1250" count="0" type="stmt"/>
        <line num="1252" count="0" type="stmt"/>
        <line num="1253" count="0" type="stmt"/>
        <line num="1255" count="0" type="stmt"/>
        <line num="1258" count="0" type="stmt"/>
        <line num="1259" count="0" type="stmt"/>
        <line num="1260" count="0" type="stmt"/>
        <line num="1262" count="0" type="cond" truecount="0" falsecount="2"/>
        <line num="1263" count="0" type="stmt"/>
        <line num="1264" count="0" type="stmt"/>
        <line num="1265" count="0" type="stmt"/>
        <line num="1268" count="0" type="cond" truecount="0" falsecount="2"/>
        <line num="1269" count="0" type="stmt"/>
        <line num="1270" count="0" type="stmt"/>
        <line num="1271" count="0" type="stmt"/>
        <line num="1274" count="0" type="stmt"/>
        <line num="1276" count="0" type="stmt"/>
        <line num="1291" count="0" type="stmt"/>
        <line num="1300" count="0" type="stmt"/>
        <line num="1307" count="0" type="stmt"/>
        <line num="1310" count="0" type="stmt"/>
        <line num="1311" count="0" type="stmt"/>
        <line num="1312" count="0" type="cond" truecount="0" falsecount="2"/>
        <line num="1316" count="0" type="stmt"/>
        <line num="1317" count="0" type="stmt"/>
        <line num="1322" count="1" type="stmt"/>
        <line num="1323" count="0" type="stmt"/>
        <line num="1325" count="0" type="stmt"/>
        <line num="1339" count="0" type="stmt"/>
        <line num="1351" count="0" type="stmt"/>
        <line num="1364" count="0" type="stmt"/>
        <line num="1365" count="0" type="stmt"/>
        <line num="1366" count="0" type="stmt"/>
        <line num="1369" count="0" type="stmt"/>
        <line num="1382" count="0" type="stmt"/>
        <line num="1384" count="0" type="stmt"/>
        <line num="1385" count="0" type="stmt"/>
        <line num="1392" count="1" type="stmt"/>
      </file>
      <file name="logger.js" path="D:\matrix-delivery\backend\logger.js">
        <metrics statements="44" coveredstatements="25" conditionals="18" coveredconditionals="4" methods="12" coveredmethods="1"/>
        <line num="1" count="1" type="stmt"/>
        <line num="2" count="1" type="stmt"/>
        <line num="3" count="1" type="stmt"/>
        <line num="6" count="1" type="stmt"/>
        <line num="15" count="1" type="stmt"/>
        <line num="24" count="1" type="stmt"/>
        <line num="27" count="1" type="stmt"/>
        <line num="35" count="1" type="stmt"/>
        <line num="44" count="4" type="cond" truecount="1" falsecount="1"/>
        <line num="45" count="4" type="stmt"/>
        <line num="107" count="1" type="stmt"/>
        <line num="116" count="1" type="stmt"/>
        <line num="117" count="1" type="stmt"/>
        <line num="118" count="1" type="cond" truecount="1" falsecount="1"/>
        <line num="119" count="0" type="stmt"/>
        <line num="123" count="1" type="cond" truecount="0" falsecount="1"/>
        <line num="124" count="0" type="stmt"/>
        <line num="127" count="1" type="cond" truecount="0" falsecount="1"/>
        <line num="128" count="0" type="stmt"/>
        <line num="131" count="1" type="cond" truecount="0" falsecount="1"/>
        <line num="132" count="0" type="stmt"/>
        <line num="135" count="1" type="cond" truecount="0" falsecount="1"/>
        <line num="136" count="0" type="stmt"/>
        <line num="139" count="1" type="cond" truecount="0" falsecount="1"/>
        <line num="140" count="0" type="stmt"/>
        <line num="143" count="1" type="cond" truecount="0" falsecount="1"/>
        <line num="144" count="0" type="stmt"/>
        <line num="147" count="1" type="cond" truecount="0" falsecount="1"/>
        <line num="148" count="0" type="stmt"/>
        <line num="151" count="1" type="cond" truecount="0" falsecount="1"/>
        <line num="152" count="0" type="stmt"/>
        <line num="156" count="1" type="stmt"/>
        <line num="157" count="0" type="stmt"/>
        <line num="160" count="0" type="stmt"/>
        <line num="169" count="0" type="stmt"/>
        <line num="170" count="0" type="stmt"/>
        <line num="171" count="0" type="stmt"/>
        <line num="172" count="0" type="cond" truecount="0" falsecount="2"/>
        <line num="174" count="0" type="stmt"/>
        <line num="185" count="0" type="stmt"/>
        <line num="189" count="1" type="stmt"/>
        <line num="190" count="0" type="stmt"/>
        <line num="198" count="0" type="stmt"/>
        <line num="201" count="1" type="stmt"/>
      </file>
      <file name="map-location-picker-backend.js" path="D:\matrix-delivery\backend\map-location-picker-backend.js">
        <metrics statements="184" coveredstatements="19" conditionals="215" coveredconditionals="2" methods="20" coveredmethods="2"/>
        <line num="4" count="1" type="stmt"/>
        <line num="7" count="1" type="stmt"/>
        <line num="8" count="0" type="stmt"/>
        <line num="11" count="1" type="stmt"/>
        <line num="12" count="0" type="stmt"/>
        <line num="16" count="1" type="stmt"/>
        <line num="17" count="0" type="stmt"/>
        <line num="18" count="0" type="stmt"/>
        <line num="19" count="0" type="stmt"/>
        <line num="20" count="0" type="stmt"/>
        <line num="23" count="0" type="stmt"/>
        <line num="24" count="0" type="stmt"/>
        <line num="28" count="1" type="stmt"/>
        <line num="29" count="0" type="stmt"/>
        <line num="37" count="0" type="cond" truecount="0" falsecount="2"/>
        <line num="38" count="0" type="stmt"/>
        <line num="42" count="1" type="stmt"/>
        <line num="43" count="0" type="stmt"/>
        <line num="44" count="0" type="stmt"/>
        <line num="45" count="0" type="stmt"/>
        <line num="49" count="1" type="stmt"/>
        <line num="50" count="0" type="stmt"/>
        <line num="54" count="1" type="stmt"/>
        <line num="55" count="0" type="stmt"/>
        <line num="60" count="0" type="cond" truecount="0" falsecount="2"/>
        <line num="63" count="0" type="stmt"/>
        <line num="64" count="0" type="cond" truecount="0" falsecount="2"/>
        <line num="65" count="0" type="stmt"/>
        <line num="72" count="0" type="stmt"/>
        <line num="73" count="0" type="cond" truecount="0" falsecount="2"/>
        <line num="74" count="0" type="stmt"/>
        <line num="80" count="0" type="stmt"/>
        <line num="82" count="0" type="stmt"/>
        <line num="87" count="1" type="stmt"/>
        <line num="91" count="1" type="stmt"/>
        <line num="92" count="0" type="stmt"/>
        <line num="93" count="0" type="stmt"/>
        <line num="95" count="0" type="cond" truecount="0" falsecount="4"/>
        <line num="96" count="0" type="stmt"/>
        <line num="99" count="0" type="stmt"/>
        <line num="101" count="0" type="stmt"/>
        <line num="105" count="0" type="cond" truecount="0" falsecount="2"/>
        <line num="106" count="0" type="stmt"/>
        <line num="109" count="0" type="stmt"/>
        <line num="111" count="0" type="cond" truecount="0" falsecount="4"/>
        <line num="112" count="0" type="stmt"/>
        <line num="116" count="0" type="stmt"/>
        <line num="131" count="0" type="stmt"/>
        <line num="133" count="0" type="stmt"/>
        <line num="134" count="0" type="stmt"/>
        <line num="139" count="1" type="stmt"/>
        <line num="140" count="0" type="stmt"/>
        <line num="141" count="0" type="stmt"/>
        <line num="143" count="0" type="cond" truecount="0" falsecount="4"/>
        <line num="144" count="0" type="stmt"/>
        <line num="148" count="0" type="stmt"/>
        <line num="149" count="0" type="stmt"/>
        <line num="152" count="0" type="stmt"/>
        <line num="154" count="0" type="stmt"/>
        <line num="158" count="0" type="cond" truecount="0" falsecount="2"/>
        <line num="159" count="0" type="stmt"/>
        <line num="162" count="0" type="stmt"/>
        <line num="164" count="0" type="cond" truecount="0" falsecount="4"/>
        <line num="165" count="0" type="stmt"/>
        <line num="169" count="0" type="stmt"/>
        <line num="185" count="0" type="stmt"/>
        <line num="186" count="0" type="stmt"/>
        <line num="188" count="0" type="stmt"/>
        <line num="189" count="0" type="stmt"/>
        <line num="194" count="1" type="stmt"/>
        <line num="195" count="0" type="stmt"/>
        <line num="196" count="0" type="stmt"/>
        <line num="198" count="0" type="cond" truecount="0" falsecount="2"/>
        <line num="199" count="0" type="stmt"/>
        <line num="202" count="0" type="stmt"/>
        <line num="204" count="0" type="cond" truecount="0" falsecount="2"/>
        <line num="205" count="0" type="stmt"/>
        <line num="209" count="0" type="stmt"/>
        <line num="211" count="0" type="stmt"/>
        <line num="215" count="0" type="stmt"/>
        <line num="217" count="0" type="stmt"/>
        <line num="231" count="0" type="stmt"/>
        <line num="232" count="0" type="stmt"/>
        <line num="237" count="1" type="stmt"/>
        <line num="238" count="0" type="stmt"/>
        <line num="239" count="0" type="stmt"/>
        <line num="241" count="0" type="cond" truecount="0" falsecount="6"/>
        <line num="242" count="0" type="stmt"/>
        <line num="246" count="0" type="stmt"/>
        <line num="252" count="0" type="stmt"/>
        <line num="253" count="0" type="stmt"/>
        <line num="254" count="0" type="stmt"/>
        <line num="255" count="0" type="stmt"/>
        <line num="257" count="0" type="stmt"/>
        <line num="259" count="0" type="cond" truecount="0" falsecount="2"/>
        <line num="260" count="0" type="stmt"/>
        <line num="262" count="0" type="stmt"/>
        <line num="264" count="0" type="stmt"/>
        <line num="266" count="0" type="cond" truecount="0" falsecount="2"/>
        <line num="267" count="0" type="stmt"/>
        <line num="269" count="0" type="cond" truecount="0" falsecount="5"/>
        <line num="270" count="0" type="stmt"/>
        <line num="271" count="0" type="stmt"/>
        <line num="272" count="0" type="stmt"/>
        <line num="273" count="0" type="stmt"/>
        <line num="274" count="0" type="stmt"/>
        <line num="276" count="0" type="stmt"/>
        <line num="278" count="0" type="stmt"/>
        <line num="281" count="0" type="stmt"/>
        <line num="284" count="0" type="stmt"/>
        <line num="286" count="0" type="stmt"/>
        <line num="290" count="0" type="stmt"/>
        <line num="318" count="0" type="stmt"/>
        <line num="327" count="0" type="stmt"/>
        <line num="328" count="0" type="stmt"/>
        <line num="333" count="1" type="stmt"/>
        <line num="334" count="0" type="stmt"/>
        <line num="335" count="0" type="cond" truecount="0" falsecount="2"/>
        <line num="336" count="0" type="stmt"/>
        <line num="339" count="0" type="stmt"/>
        <line num="344" count="0" type="cond" truecount="0" falsecount="2"/>
        <line num="346" count="0" type="stmt"/>
        <line num="352" count="0" type="stmt"/>
        <line num="355" count="0" type="stmt"/>
        <line num="357" count="0" type="stmt"/>
        <line num="358" count="0" type="stmt"/>
        <line num="362" count="1" type="stmt"/>
        <line num="363" count="0" type="stmt"/>
        <line num="364" count="0" type="cond" truecount="0" falsecount="2"/>
        <line num="365" count="0" type="stmt"/>
        <line num="368" count="0" type="stmt"/>
        <line num="370" count="0" type="stmt"/>
        <line num="388" count="0" type="stmt"/>
        <line num="390" count="0" type="stmt"/>
        <line num="391" count="0" type="stmt"/>
        <line num="397" count="1" type="stmt"/>
        <line num="398" count="0" type="stmt"/>
        <line num="400" count="0" type="stmt"/>
        <line num="407" count="0" type="stmt"/>
        <line num="413" count="0" type="stmt"/>
        <line num="415" count="0" type="stmt"/>
        <line num="418" count="0" type="cond" truecount="0" falsecount="4"/>
        <line num="419" count="0" type="stmt"/>
        <line num="422" count="0" type="cond" truecount="0" falsecount="2"/>
        <line num="423" count="0" type="stmt"/>
        <line num="427" count="0" type="cond" truecount="0" falsecount="4"/>
        <line num="428" count="0" type="stmt"/>
        <line num="432" count="0" type="cond" truecount="0" falsecount="3"/>
        <line num="433" count="0" type="cond" truecount="0" falsecount="3"/>
        <line num="436" count="0" type="stmt"/>
        <line num="447" count="0" type="stmt"/>
        <line num="458" count="0" type="stmt"/>
        <line num="459" count="0" type="stmt"/>
        <line num="461" count="0" type="stmt"/>
        <line num="462" count="0" type="stmt"/>
        <line num="465" count="0" type="cond" truecount="0" falsecount="2"/>
        <line num="466" count="0" type="stmt"/>
        <line num="471" count="0" type="stmt"/>
        <line num="505" count="0" type="stmt"/>
        <line num="506" count="0" type="stmt"/>
        <line num="508" count="0" type="stmt"/>
        <line num="522" count="0" type="stmt"/>
        <line num="564" count="0" type="stmt"/>
        <line num="567" count="0" type="stmt"/>
        <line num="582" count="0" type="stmt"/>
        <line num="592" count="0" type="stmt"/>
        <line num="601" count="1" type="stmt"/>
        <line num="602" count="34" type="cond" truecount="2" falsecount="0"/>
        <line num="606" count="1" type="stmt"/>
        <line num="607" count="0" type="stmt"/>
        <line num="610" count="0" type="cond" truecount="0" falsecount="2"/>
        <line num="612" count="0" type="stmt"/>
        <line num="631" count="0" type="stmt"/>
        <line num="632" count="0" type="cond" truecount="0" falsecount="2"/>
        <line num="634" count="0" type="stmt"/>
        <line num="666" count="0" type="stmt"/>
        <line num="667" count="0" type="cond" truecount="0" falsecount="2"/>
        <line num="669" count="0" type="stmt"/>
        <line num="693" count="0" type="stmt"/>
        <line num="696" count="0" type="stmt"/>
        <line num="698" count="0" type="stmt"/>
        <line num="753" count="0" type="stmt"/>
        <line num="755" count="0" type="stmt"/>
        <line num="756" count="0" type="stmt"/>
      </file>
      <file name="server.js" path="D:\matrix-delivery\backend\server.js">
        <metrics statements="2232" coveredstatements="249" conditionals="1165" coveredconditionals="13" methods="201" coveredmethods="3"/>
        <line num="1" count="1" type="stmt"/>
        <line num="2" count="1" type="stmt"/>
        <line num="3" count="1" type="stmt"/>
        <line num="4" count="1" type="stmt"/>
        <line num="5" count="1" type="stmt"/>
        <line num="6" count="1" type="stmt"/>
        <line num="7" count="1" type="stmt"/>
        <line num="8" count="1" type="stmt"/>
        <line num="9" count="1" type="stmt"/>
        <line num="10" count="1" type="stmt"/>
        <line num="11" count="1" type="stmt"/>
        <line num="12" count="1" type="stmt"/>
        <line num="16" count="1" type="cond" truecount="2" falsecount="0"/>
        <line num="17" count="1" type="stmt"/>
        <line num="18" count="1" type="stmt"/>
        <line num="19" count="1" type="stmt"/>
        <line num="24" count="1" type="stmt"/>
        <line num="25" count="1" type="cond" truecount="1" falsecount="1"/>
        <line num="31" count="1" type="cond" truecount="1" falsecount="1"/>
        <line num="32" count="1" type="stmt"/>
        <line num="40" count="1" type="stmt"/>
        <line num="43" count="1" type="stmt"/>
        <line num="47" count="1" type="stmt"/>
        <line num="59" count="1" type="stmt"/>
        <line num="60" count="1" type="stmt"/>
        <line num="62" count="1" type="stmt"/>
        <line num="80" count="1" type="stmt"/>
        <line num="81" count="1" type="stmt"/>
        <line num="83" count="1" type="stmt"/>
        <line num="84" count="1" type="stmt"/>
        <line num="85" count="1" type="stmt"/>
        <line num="86" count="1" type="stmt"/>
        <line num="87" count="1" type="stmt"/>
        <line num="88" count="1" type="stmt"/>
        <line num="89" count="1" type="stmt"/>
        <line num="90" count="1" type="stmt"/>
        <line num="91" count="1" type="stmt"/>
        <line num="92" count="1" type="stmt"/>
        <line num="95" count="1" type="stmt"/>
        <line num="105" count="1" type="stmt"/>
        <line num="106" count="1" type="stmt"/>
        <line num="107" count="1" type="stmt"/>
        <line num="109" count="1" type="stmt"/>
        <line num="119" count="1" type="stmt"/>
        <line num="158" count="1" type="stmt"/>
        <line num="175" count="1" type="stmt"/>
        <line num="189" count="1" type="stmt"/>
        <line num="202" count="1" type="stmt"/>
        <line num="226" count="1" type="stmt"/>
        <line num="246" count="1" type="stmt"/>
        <line num="258" count="1" type="stmt"/>
        <line num="278" count="1" type="stmt"/>
        <line num="291" count="1" type="stmt"/>
        <line num="300" count="1" type="stmt"/>
        <line num="315" count="1" type="stmt"/>
        <line num="316" count="1" type="stmt"/>
        <line num="317" count="1" type="stmt"/>
        <line num="318" count="1" type="stmt"/>
        <line num="319" count="1" type="stmt"/>
        <line num="320" count="1" type="stmt"/>
        <line num="321" count="1" type="stmt"/>
        <line num="322" count="1" type="stmt"/>
        <line num="323" count="1" type="stmt"/>
        <line num="324" count="1" type="stmt"/>
        <line num="325" count="1" type="stmt"/>
        <line num="326" count="1" type="stmt"/>
        <line num="328" count="1" type="stmt"/>
        <line num="347" count="1" type="stmt"/>
        <line num="355" count="1" type="stmt"/>
        <line num="370" count="1" type="stmt"/>
        <line num="371" count="1" type="stmt"/>
        <line num="372" count="1" type="stmt"/>
        <line num="373" count="1" type="stmt"/>
        <line num="374" count="1" type="stmt"/>
        <line num="375" count="1" type="stmt"/>
        <line num="377" count="1" type="stmt"/>
        <line num="378" count="1" type="stmt"/>
        <line num="379" count="1" type="stmt"/>
        <line num="381" count="1" type="stmt"/>
        <line num="382" count="1" type="stmt"/>
        <line num="383" count="1" type="stmt"/>
        <line num="385" count="0" type="stmt"/>
        <line num="389" count="1" type="stmt"/>
        <line num="390" count="1" type="stmt"/>
        <line num="397" count="1" type="stmt"/>
        <line num="404" count="1" type="stmt"/>
        <line num="411" count="1" type="stmt"/>
        <line num="413" count="1" type="stmt"/>
        <line num="415" count="0" type="stmt"/>
        <line num="416" count="0" type="stmt"/>
        <line num="420" count="1" type="stmt"/>
        <line num="424" count="1" type="stmt"/>
        <line num="431" count="1" type="stmt"/>
        <line num="438" count="1" type="stmt"/>
        <line num="467" count="1" type="stmt"/>
        <line num="468" count="0" type="stmt"/>
        <line num="469" count="0" type="cond" truecount="0" falsecount="4"/>
        <line num="470" count="0" type="stmt"/>
        <line num="472" count="0" type="stmt"/>
        <line num="475" count="1" type="stmt"/>
        <line num="476" count="0" type="stmt"/>
        <line num="482" count="1" type="stmt"/>
        <line num="483" count="0" type="stmt"/>
        <line num="484" count="0" type="cond" truecount="0" falsecount="4"/>
        <line num="485" count="0" type="stmt"/>
        <line num="487" count="0" type="cond" truecount="0" falsecount="2"/>
        <line num="488" count="0" type="stmt"/>
        <line num="490" count="0" type="stmt"/>
        <line num="493" count="1" type="stmt"/>
        <line num="494" count="0" type="stmt"/>
        <line num="500" count="1" type="stmt"/>
        <line num="501" count="0" type="stmt"/>
        <line num="502" count="0" type="stmt"/>
        <line num="506" count="0" type="cond" truecount="0" falsecount="2"/>
        <line num="507" count="0" type="stmt"/>
        <line num="509" count="0" type="stmt"/>
        <line num="510" count="0" type="cond" truecount="0" falsecount="2"/>
        <line num="511" count="0" type="stmt"/>
        <line num="512" count="0" type="stmt"/>
        <line num="514" count="0" type="stmt"/>
        <line num="516" count="0" type="stmt"/>
        <line num="517" count="0" type="stmt"/>
        <line num="521" count="1" type="stmt"/>
        <line num="522" count="0" type="stmt"/>
        <line num="523" count="0" type="stmt"/>
        <line num="524" count="0" type="stmt"/>
        <line num="532" count="0" type="stmt"/>
        <line num="537" count="1" type="stmt"/>
        <line num="538" count="0" type="stmt"/>
        <line num="539" count="0" type="stmt"/>
        <line num="542" count="1" type="stmt"/>
        <line num="543" count="0" type="stmt"/>
        <line num="546" count="1" type="stmt"/>
        <line num="547" count="0" type="stmt"/>
        <line num="548" count="0" type="stmt"/>
        <line num="549" count="0" type="stmt"/>
        <line num="553" count="1" type="stmt"/>
        <line num="554" count="0" type="stmt"/>
        <line num="555" count="0" type="stmt"/>
        <line num="562" count="0" type="stmt"/>
        <line num="565" count="0" type="cond" truecount="0" falsecount="2"/>
        <line num="566" count="0" type="stmt"/>
        <line num="575" count="0" type="stmt"/>
        <line num="582" count="0" type="stmt"/>
        <line num="584" count="0" type="stmt"/>
        <line num="588" count="1" type="stmt"/>
        <line num="589" count="1" type="stmt"/>
        <line num="592" count="1" type="stmt"/>
        <line num="596" count="0" type="stmt"/>
        <line num="597" count="0" type="cond" truecount="0" falsecount="2"/>
        <line num="598" count="0" type="stmt"/>
        <line num="613" count="1" type="stmt"/>
        <line num="617" count="1" type="stmt"/>
        <line num="620" count="1" type="stmt"/>
        <line num="622" count="1" type="cond" truecount="1" falsecount="1"/>
        <line num="623" count="0" type="stmt"/>
        <line num="624" count="0" type="stmt"/>
        <line num="628" count="1" type="stmt"/>
        <line num="629" count="0" type="stmt"/>
        <line num="630" count="0" type="cond" truecount="0" falsecount="2"/>
        <line num="631" count="0" type="stmt"/>
        <line num="632" count="0" type="stmt"/>
        <line num="633" count="0" type="stmt"/>
        <line num="634" count="0" type="stmt"/>
        <line num="636" count="0" type="stmt"/>
        <line num="640" count="1" type="stmt"/>
        <line num="641" count="0" type="stmt"/>
        <line num="642" count="0" type="cond" truecount="0" falsecount="2"/>
        <line num="643" count="0" type="cond" truecount="0" falsecount="5"/>
        <line num="644" count="0" type="stmt"/>
        <line num="646" count="0" type="stmt"/>
        <line num="649" count="1" type="stmt"/>
        <line num="650" count="0" type="cond" truecount="0" falsecount="4"/>
        <line num="651" count="0" type="stmt"/>
        <line num="652" count="0" type="stmt"/>
        <line num="654" count="0" type="stmt"/>
        <line num="657" count="1" type="stmt"/>
        <line num="658" count="0" type="stmt"/>
        <line num="659" count="0" type="cond" truecount="0" falsecount="2"/>
        <line num="660" count="0" type="cond" truecount="0" falsecount="2"/>
        <line num="666" count="0" type="stmt"/>
        <line num="668" count="0" type="stmt"/>
        <line num="671" count="1" type="stmt"/>
        <line num="672" count="0" type="stmt"/>
        <line num="673" count="0" type="stmt"/>
        <line num="674" count="0" type="cond" truecount="0" falsecount="2"/>
        <line num="675" count="0" type="cond" truecount="0" falsecount="5"/>
        <line num="676" count="0" type="stmt"/>
        <line num="678" count="0" type="stmt"/>
        <line num="679" count="0" type="cond" truecount="0" falsecount="2"/>
        <line num="680" count="0" type="stmt"/>
        <line num="681" count="0" type="cond" truecount="0" falsecount="4"/>
        <line num="682" count="0" type="stmt"/>
        <line num="684" count="0" type="stmt"/>
        <line num="689" count="1" type="stmt"/>
        <line num="690" count="1" type="stmt"/>
        <line num="693" count="1" type="stmt"/>
        <line num="694" count="1" type="stmt"/>
        <line num="697" count="1" type="cond" truecount="0" falsecount="1"/>
        <line num="698" count="0" type="cond" truecount="0" falsecount="2"/>
        <line num="699" count="0" type="stmt"/>
        <line num="702" count="1" type="cond" truecount="0" falsecount="1"/>
        <line num="703" count="0" type="cond" truecount="0" falsecount="2"/>
        <line num="704" count="0" type="stmt"/>
        <line num="707" count="1" type="cond" truecount="0" falsecount="2"/>
        <line num="708" count="0" type="stmt"/>
        <line num="709" count="0" type="cond" truecount="0" falsecount="5"/>
        <line num="710" count="0" type="stmt"/>
        <line num="714" count="1" type="stmt"/>
        <line num="715" count="1" type="stmt"/>
        <line num="717" count="1" type="cond" truecount="0" falsecount="2"/>
        <line num="718" count="2" type="stmt"/>
        <line num="719" count="0" type="cond" truecount="0" falsecount="2"/>
        <line num="720" count="0" type="stmt"/>
        <line num="721" count="0" type="stmt"/>
        <line num="723" count="0" type="cond" truecount="0" falsecount="2"/>
        <line num="724" count="0" type="stmt"/>
        <line num="727" count="0" type="stmt"/>
        <line num="728" count="0" type="stmt"/>
        <line num="730" count="0" type="cond" truecount="0" falsecount="2"/>
        <line num="731" count="0" type="stmt"/>
        <line num="736" count="0" type="stmt"/>
        <line num="737" count="0" type="stmt"/>
        <line num="739" count="0" type="stmt"/>
        <line num="744" count="1" type="stmt"/>
        <line num="745" count="0" type="stmt"/>
        <line num="746" count="0" type="stmt"/>
        <line num="749" count="1" type="stmt"/>
        <line num="750" count="0" type="stmt"/>
        <line num="751" count="0" type="cond" truecount="0" falsecount="2"/>
        <line num="755" count="1" type="stmt"/>
        <line num="756" count="0" type="stmt"/>
        <line num="757" count="0" type="cond" truecount="0" falsecount="2"/>
        <line num="758" count="0" type="stmt"/>
        <line num="759" count="0" type="stmt"/>
        <line num="762" count="0" type="cond" truecount="0" falsecount="2"/>
        <line num="763" count="0" type="stmt"/>
        <line num="764" count="0" type="stmt"/>
        <line num="767" count="0" type="stmt"/>
        <line num="770" count="0" type="stmt"/>
        <line num="773" count="0" type="stmt"/>
        <line num="788" count="0" type="stmt"/>
        <line num="790" count="0" type="stmt"/>
        <line num="796" count="0" type="cond" truecount="0" falsecount="4"/>
        <line num="797" count="0" type="stmt"/>
        <line num="798" count="0" type="stmt"/>
        <line num="801" count="0" type="cond" truecount="0" falsecount="2"/>
        <line num="802" count="0" type="stmt"/>
        <line num="803" count="0" type="stmt"/>
        <line num="805" count="0" type="stmt"/>
        <line num="806" count="0" type="stmt"/>
        <line num="810" count="0" type="stmt"/>
        <line num="813" count="0" type="cond" truecount="0" falsecount="2"/>
        <line num="814" count="0" type="stmt"/>
        <line num="815" count="0" type="stmt"/>
        <line num="816" count="0" type="cond" truecount="0" falsecount="2"/>
        <line num="817" count="0" type="stmt"/>
        <line num="818" count="0" type="cond" truecount="0" falsecount="2"/>
        <line num="819" count="0" type="stmt"/>
        <line num="822" count="0" type="stmt"/>
        <line num="829" count="1" type="stmt"/>
        <line num="830" count="0" type="stmt"/>
        <line num="831" count="0" type="stmt"/>
        <line num="832" count="0" type="stmt"/>
        <line num="833" count="0" type="stmt"/>
        <line num="834" count="0" type="stmt"/>
        <line num="835" count="0" type="stmt"/>
        <line num="837" count="0" type="stmt"/>
        <line num="857" count="0" type="stmt"/>
        <line num="858" count="0" type="stmt"/>
        <line num="863" count="1" type="stmt"/>
        <line num="864" count="0" type="stmt"/>
        <line num="866" count="0" type="stmt"/>
        <line num="869" count="0" type="stmt"/>
        <line num="870" count="0" type="stmt"/>
        <line num="871" count="0" type="stmt"/>
        <line num="875" count="0" type="stmt"/>
        <line num="879" count="0" type="stmt"/>
        <line num="882" count="0" type="stmt"/>
        <line num="885" count="0" type="stmt"/>
        <line num="888" count="0" type="stmt"/>
        <line num="891" count="0" type="stmt"/>
        <line num="894" count="0" type="stmt"/>
        <line num="898" count="0" type="stmt"/>
        <line num="901" count="0" type="stmt"/>
        <line num="907" count="0" type="stmt"/>
        <line num="910" count="0" type="stmt"/>
        <line num="911" count="0" type="stmt"/>
        <line num="914" count="0" type="stmt"/>
        <line num="917" count="0" type="cond" truecount="0" falsecount="2"/>
        <line num="920" count="0" type="stmt"/>
        <line num="924" count="0" type="stmt"/>
        <line num="926" count="0" type="stmt"/>
        <line num="940" count="0" type="stmt"/>
        <line num="941" count="0" type="stmt"/>
        <line num="945" count="1" type="stmt"/>
        <line num="946" count="0" type="stmt"/>
        <line num="947" count="0" type="cond" truecount="0" falsecount="2"/>
        <line num="949" count="0" type="stmt"/>
        <line num="956" count="0" type="cond" truecount="0" falsecount="2"/>
        <line num="957" count="0" type="stmt"/>
        <line num="959" count="0" type="cond" truecount="0" falsecount="4"/>
        <line num="960" count="0" type="stmt"/>
        <line num="963" count="0" type="cond" truecount="0" falsecount="2"/>
        <line num="964" count="0" type="stmt"/>
        <line num="965" count="0" type="stmt"/>
        <line num="967" count="0" type="cond" truecount="0" falsecount="2"/>
        <line num="968" count="0" type="stmt"/>
        <line num="971" count="0" type="stmt"/>
        <line num="972" count="0" type="stmt"/>
        <line num="974" count="0" type="cond" truecount="0" falsecount="2"/>
        <line num="975" count="0" type="stmt"/>
        <line num="980" count="0" type="stmt"/>
        <line num="983" count="0" type="stmt"/>
        <line num="984" count="0" type="stmt"/>
        <line num="985" count="0" type="stmt"/>
        <line num="988" count="0" type="cond" truecount="0" falsecount="2"/>
        <line num="989" count="0" type="stmt"/>
        <line num="994" count="0" type="stmt"/>
        <line num="995" count="0" type="stmt"/>
        <line num="998" count="0" type="cond" truecount="0" falsecount="4"/>
        <line num="999" count="0" type="stmt"/>
        <line num="1004" count="0" type="stmt"/>
        <line num="1007" count="0" type="cond" truecount="0" falsecount="10"/>
        <line num="1008" count="0" type="stmt"/>
        <line num="1020" count="0" type="stmt"/>
        <line num="1023" count="0" type="cond" truecount="0" falsecount="4"/>
        <line num="1024" count="0" type="stmt"/>
        <line num="1029" count="0" type="stmt"/>
        <line num="1032" count="0" type="cond" truecount="0" falsecount="2"/>
        <line num="1033" count="0" type="stmt"/>
        <line num="1038" count="0" type="stmt"/>
        <line num="1041" count="0" type="cond" truecount="0" falsecount="2"/>
        <line num="1042" count="0" type="stmt"/>
        <line num="1047" count="0" type="stmt"/>
        <line num="1050" count="0" type="cond" truecount="0" falsecount="2"/>
        <line num="1051" count="0" type="stmt"/>
        <line num="1057" count="0" type="stmt"/>
        <line num="1060" count="0" type="stmt"/>
        <line num="1065" count="0" type="cond" truecount="0" falsecount="2"/>
        <line num="1066" count="0" type="stmt"/>
        <line num="1071" count="0" type="stmt"/>
        <line num="1074" count="0" type="stmt"/>
        <line num="1075" count="0" type="stmt"/>
        <line num="1077" count="0" type="stmt"/>
        <line num="1085" count="0" type="stmt"/>
        <line num="1086" count="0" type="stmt"/>
        <line num="1092" count="0" type="stmt"/>
        <line num="1093" count="0" type="stmt"/>
        <line num="1102" count="0" type="stmt"/>
        <line num="1108" count="0" type="stmt"/>
        <line num="1124" count="0" type="stmt"/>
        <line num="1125" count="0" type="stmt"/>
        <line num="1132" count="0" type="stmt"/>
        <line num="1137" count="1" type="stmt"/>
        <line num="1138" count="0" type="stmt"/>
        <line num="1139" count="0" type="cond" truecount="0" falsecount="2"/>
        <line num="1141" count="0" type="stmt"/>
        <line num="1148" count="0" type="stmt"/>
        <line num="1149" count="0" type="stmt"/>
        <line num="1152" count="0" type="cond" truecount="0" falsecount="4"/>
        <line num="1153" count="0" type="stmt"/>
        <line num="1158" count="0" type="stmt"/>
        <line num="1161" count="0" type="cond" truecount="0" falsecount="4"/>
        <line num="1162" count="0" type="stmt"/>
        <line num="1168" count="0" type="stmt"/>
        <line num="1171" count="0" type="cond" truecount="0" falsecount="2"/>
        <line num="1172" count="0" type="stmt"/>
        <line num="1177" count="0" type="stmt"/>
        <line num="1180" count="0" type="stmt"/>
        <line num="1185" count="0" type="cond" truecount="0" falsecount="2"/>
        <line num="1186" count="0" type="stmt"/>
        <line num="1191" count="0" type="stmt"/>
        <line num="1194" count="0" type="stmt"/>
        <line num="1195" count="0" type="stmt"/>
        <line num="1197" count="0" type="cond" truecount="0" falsecount="2"/>
        <line num="1198" count="0" type="stmt"/>
        <line num="1204" count="0" type="stmt"/>
        <line num="1208" count="0" type="cond" truecount="0" falsecount="2"/>
        <line num="1209" count="0" type="stmt"/>
        <line num="1215" count="0" type="stmt"/>
        <line num="1218" count="0" type="stmt"/>
        <line num="1224" count="0" type="stmt"/>
        <line num="1225" count="0" type="stmt"/>
        <line num="1234" count="0" type="stmt"/>
        <line num="1240" count="0" type="stmt"/>
        <line num="1256" count="0" type="stmt"/>
        <line num="1257" count="0" type="stmt"/>
        <line num="1264" count="0" type="stmt"/>
        <line num="1269" count="1" type="stmt"/>
        <line num="1270" count="0" type="stmt"/>
        <line num="1271" count="0" type="stmt"/>
        <line num="1276" count="0" type="cond" truecount="0" falsecount="2"/>
        <line num="1277" count="0" type="stmt"/>
        <line num="1280" count="0" type="stmt"/>
        <line num="1281" count="0" type="stmt"/>
        <line num="1295" count="0" type="stmt"/>
        <line num="1296" count="0" type="stmt"/>
        <line num="1300" count="1" type="stmt"/>
        <line num="1301" count="0" type="stmt"/>
        <line num="1302" count="0" type="cond" truecount="0" falsecount="2"/>
        <line num="1303" count="0" type="cond" truecount="0" falsecount="2"/>
        <line num="1304" count="0" type="cond" truecount="0" falsecount="2"/>
        <line num="1305" count="0" type="cond" truecount="0" falsecount="2"/>
        <line num="1306" count="0" type="cond" truecount="0" falsecount="2"/>
        <line num="1307" count="0" type="stmt"/>
        <line num="1309" count="0" type="cond" truecount="0" falsecount="2"/>
        <line num="1311" count="0" type="stmt"/>
        <line num="1312" count="0" type="stmt"/>
        <line num="1314" count="0" type="cond" truecount="0" falsecount="2"/>
        <line num="1315" count="0" type="stmt"/>
        <line num="1316" count="0" type="stmt"/>
        <line num="1318" count="0" type="cond" truecount="0" falsecount="2"/>
        <line num="1319" count="0" type="stmt"/>
        <line num="1320" count="0" type="stmt"/>
        <line num="1323" count="0" type="stmt"/>
        <line num="1324" count="0" type="stmt"/>
        <line num="1326" count="0" type="stmt"/>
        <line num="1327" count="0" type="stmt"/>
        <line num="1328" count="0" type="stmt"/>
        <line num="1330" count="0" type="stmt"/>
        <line num="1334" count="1" type="stmt"/>
        <line num="1335" count="0" type="stmt"/>
        <line num="1336" count="0" type="cond" truecount="0" falsecount="2"/>
        <line num="1337" count="0" type="cond" truecount="0" falsecount="2"/>
        <line num="1338" count="0" type="cond" truecount="0" falsecount="2"/>
        <line num="1339" count="0" type="cond" truecount="0" falsecount="2"/>
        <line num="1340" count="0" type="cond" truecount="0" falsecount="2"/>
        <line num="1341" count="0" type="cond" truecount="0" falsecount="2"/>
        <line num="1342" count="0" type="cond" truecount="0" falsecount="2"/>
        <line num="1343" count="0" type="stmt"/>
        <line num="1344" count="0" type="cond" truecount="0" falsecount="2"/>
        <line num="1345" count="0" type="cond" truecount="0" falsecount="2"/>
        <line num="1347" count="0" type="stmt"/>
        <line num="1348" count="0" type="cond" truecount="0" falsecount="2"/>
        <line num="1349" count="0" type="cond" truecount="0" falsecount="2"/>
        <line num="1351" count="0" type="stmt"/>
        <line num="1352" count="0" type="stmt"/>
        <line num="1354" count="0" type="cond" truecount="0" falsecount="2"/>
        <line num="1355" count="0" type="stmt"/>
        <line num="1356" count="0" type="stmt"/>
        <line num="1358" count="0" type="cond" truecount="0" falsecount="2"/>
        <line num="1359" count="0" type="stmt"/>
        <line num="1360" count="0" type="stmt"/>
        <line num="1362" count="0" type="cond" truecount="0" falsecount="2"/>
        <line num="1363" count="0" type="stmt"/>
        <line num="1364" count="0" type="stmt"/>
        <line num="1366" count="0" type="cond" truecount="0" falsecount="2"/>
        <line num="1367" count="0" type="stmt"/>
        <line num="1368" count="0" type="stmt"/>
        <line num="1370" count="0" type="cond" truecount="0" falsecount="2"/>
        <line num="1371" count="0" type="stmt"/>
        <line num="1372" count="0" type="stmt"/>
        <line num="1374" count="0" type="cond" truecount="0" falsecount="2"/>
        <line num="1375" count="0" type="stmt"/>
        <line num="1376" count="0" type="stmt"/>
        <line num="1379" count="0" type="stmt"/>
        <line num="1380" count="0" type="stmt"/>
        <line num="1382" count="0" type="stmt"/>
        <line num="1390" count="0" type="stmt"/>
        <line num="1391" count="0" type="stmt"/>
        <line num="1393" count="0" type="stmt"/>
        <line num="1397" count="1" type="stmt"/>
        <line num="1398" count="0" type="stmt"/>
        <line num="1399" count="0" type="cond" truecount="0" falsecount="2"/>
        <line num="1400" count="0" type="stmt"/>
        <line num="1401" count="0" type="stmt"/>
        <line num="1402" count="0" type="cond" truecount="0" falsecount="2"/>
        <line num="1403" count="0" type="cond" truecount="0" falsecount="2"/>
        <line num="1404" count="0" type="cond" truecount="0" falsecount="2"/>
        <line num="1405" count="0" type="stmt"/>
        <line num="1406" count="0" type="cond" truecount="0" falsecount="4"/>
        <line num="1407" count="0" type="stmt"/>
        <line num="1408" count="0" type="stmt"/>
        <line num="1415" count="0" type="stmt"/>
        <line num="1416" count="0" type="stmt"/>
        <line num="1418" count="0" type="stmt"/>
        <line num="1422" count="1" type="stmt"/>
        <line num="1423" count="0" type="stmt"/>
        <line num="1424" count="0" type="cond" truecount="0" falsecount="2"/>
        <line num="1425" count="0" type="stmt"/>
        <line num="1426" count="0" type="stmt"/>
        <line num="1427" count="0" type="cond" truecount="0" falsecount="2"/>
        <line num="1428" count="0" type="cond" truecount="0" falsecount="2"/>
        <line num="1429" count="0" type="cond" truecount="0" falsecount="2"/>
        <line num="1430" count="0" type="cond" truecount="0" falsecount="2"/>
        <line num="1431" count="0" type="cond" truecount="0" falsecount="2"/>
        <line num="1432" count="0" type="stmt"/>
        <line num="1433" count="0" type="cond" truecount="0" falsecount="4"/>
        <line num="1434" count="0" type="stmt"/>
        <line num="1435" count="0" type="stmt"/>
        <line num="1436" count="0" type="stmt"/>
        <line num="1437" count="0" type="cond" truecount="0" falsecount="2"/>
        <line num="1438" count="0" type="stmt"/>
        <line num="1439" count="0" type="stmt"/>
        <line num="1441" count="0" type="cond" truecount="0" falsecount="2"/>
        <line num="1442" count="0" type="stmt"/>
        <line num="1443" count="0" type="stmt"/>
        <line num="1445" count="0" type="stmt"/>
        <line num="1446" count="0" type="stmt"/>
        <line num="1447" count="0" type="stmt"/>
        <line num="1456" count="0" type="stmt"/>
        <line num="1457" count="0" type="stmt"/>
        <line num="1459" count="0" type="stmt"/>
        <line num="1463" count="1" type="stmt"/>
        <line num="1464" count="0" type="stmt"/>
        <line num="1465" count="0" type="cond" truecount="0" falsecount="2"/>
        <line num="1466" count="0" type="stmt"/>
        <line num="1467" count="0" type="cond" truecount="0" falsecount="4"/>
        <line num="1468" count="0" type="stmt"/>
        <line num="1470" count="0" type="stmt"/>
        <line num="1471" count="0" type="stmt"/>
        <line num="1472" count="0" type="cond" truecount="0" falsecount="2"/>
        <line num="1473" count="0" type="stmt"/>
        <line num="1479" count="0" type="cond" truecount="0" falsecount="2"/>
        <line num="1480" count="0" type="stmt"/>
        <line num="1481" count="0" type="cond" truecount="0" falsecount="2"/>
        <line num="1482" count="0" type="stmt"/>
        <line num="1490" count="0" type="stmt"/>
        <line num="1492" count="0" type="stmt"/>
        <line num="1494" count="0" type="stmt"/>
        <line num="1498" count="1" type="stmt"/>
        <line num="1499" count="0" type="stmt"/>
        <line num="1500" count="0" type="cond" truecount="0" falsecount="2"/>
        <line num="1502" count="0" type="cond" truecount="0" falsecount="2"/>
        <line num="1503" count="0" type="stmt"/>
        <line num="1508" count="0" type="stmt"/>
        <line num="1512" count="0" type="stmt"/>
        <line num="1514" count="0" type="stmt"/>
        <line num="1518" count="1" type="stmt"/>
        <line num="1519" count="0" type="stmt"/>
        <line num="1520" count="0" type="stmt"/>
        <line num="1521" count="0" type="cond" truecount="0" falsecount="5"/>
        <line num="1522" count="0" type="stmt"/>
        <line num="1524" count="0" type="stmt"/>
        <line num="1525" count="0" type="stmt"/>
        <line num="1531" count="0" type="stmt"/>
        <line num="1533" count="0" type="stmt"/>
        <line num="1534" count="0" type="stmt"/>
        <line num="1538" count="1" type="stmt"/>
        <line num="1539" count="0" type="stmt"/>
        <line num="1540" count="0" type="stmt"/>
        <line num="1541" count="0" type="cond" truecount="0" falsecount="2"/>
        <line num="1542" count="0" type="stmt"/>
        <line num="1544" count="0" type="stmt"/>
        <line num="1546" count="0" type="stmt"/>
        <line num="1550" count="1" type="stmt"/>
        <line num="1551" count="0" type="stmt"/>
        <line num="1552" count="0" type="stmt"/>
        <line num="1553" count="0" type="stmt"/>
        <line num="1554" count="0" type="cond" truecount="0" falsecount="2"/>
        <line num="1555" count="0" type="stmt"/>
        <line num="1556" count="0" type="cond" truecount="0" falsecount="5"/>
        <line num="1557" count="0" type="stmt"/>
        <line num="1558" count="0" type="stmt"/>
        <line num="1564" count="0" type="stmt"/>
        <line num="1566" count="0" type="stmt"/>
        <line num="1570" count="1" type="stmt"/>
        <line num="1571" count="0" type="stmt"/>
        <line num="1572" count="0" type="stmt"/>
        <line num="1573" count="0" type="cond" truecount="0" falsecount="2"/>
        <line num="1574" count="0" type="cond" truecount="0" falsecount="2"/>
        <line num="1575" count="0" type="stmt"/>
        <line num="1576" count="0" type="cond" truecount="0" falsecount="2"/>
        <line num="1578" count="0" type="stmt"/>
        <line num="1580" count="0" type="stmt"/>
        <line num="1582" count="0" type="stmt"/>
        <line num="1586" count="1" type="stmt"/>
        <line num="1587" count="0" type="stmt"/>
        <line num="1589" count="0" type="stmt"/>
        <line num="1590" count="0" type="cond" truecount="0" falsecount="2"/>
        <line num="1591" count="0" type="cond" truecount="0" falsecount="2"/>
        <line num="1592" count="0" type="stmt"/>
        <line num="1593" count="0" type="cond" truecount="0" falsecount="2"/>
        <line num="1595" count="0" type="cond" truecount="0" falsecount="2"/>
        <line num="1597" count="0" type="stmt"/>
        <line num="1599" count="0" type="stmt"/>
        <line num="1600" count="0" type="stmt"/>
        <line num="1601" count="0" type="stmt"/>
        <line num="1602" count="0" type="stmt"/>
        <line num="1603" count="0" type="stmt"/>
        <line num="1604" count="0" type="cond" truecount="0" falsecount="2"/>
        <line num="1605" count="0" type="stmt"/>
        <line num="1606" count="0" type="stmt"/>
        <line num="1607" count="0" type="stmt"/>
        <line num="1610" count="0" type="cond" truecount="0" falsecount="2"/>
        <line num="1611" count="0" type="stmt"/>
        <line num="1612" count="0" type="stmt"/>
        <line num="1613" count="0" type="stmt"/>
        <line num="1614" count="0" type="stmt"/>
        <line num="1616" count="0" type="stmt"/>
        <line num="1620" count="1" type="stmt"/>
        <line num="1621" count="0" type="stmt"/>
        <line num="1622" count="0" type="stmt"/>
        <line num="1623" count="0" type="stmt"/>
        <line num="1624" count="0" type="stmt"/>
        <line num="1625" count="0" type="stmt"/>
        <line num="1626" count="0" type="stmt"/>
        <line num="1627" count="0" type="cond" truecount="0" falsecount="2"/>
        <line num="1628" count="0" type="stmt"/>
        <line num="1629" count="0" type="stmt"/>
        <line num="1630" count="0" type="stmt"/>
        <line num="1633" count="0" type="cond" truecount="0" falsecount="2"/>
        <line num="1634" count="0" type="stmt"/>
        <line num="1636" count="0" type="stmt"/>
        <line num="1637" count="0" type="stmt"/>
        <line num="1638" count="0" type="stmt"/>
        <line num="1639" count="0" type="stmt"/>
        <line num="1641" count="0" type="stmt"/>
        <line num="1645" count="1" type="stmt"/>
        <line num="1646" count="0" type="stmt"/>
        <line num="1647" count="0" type="stmt"/>
        <line num="1648" count="0" type="stmt"/>
        <line num="1650" count="0" type="stmt"/>
        <line num="1654" count="1" type="stmt"/>
        <line num="1655" count="0" type="stmt"/>
        <line num="1656" count="0" type="stmt"/>
        <line num="1657" count="0" type="stmt"/>
        <line num="1659" count="0" type="stmt"/>
        <line num="1663" count="1" type="stmt"/>
        <line num="1664" count="0" type="stmt"/>
        <line num="1665" count="0" type="stmt"/>
        <line num="1666" count="0" type="cond" truecount="0" falsecount="4"/>
        <line num="1667" count="0" type="stmt"/>
        <line num="1669" count="0" type="stmt"/>
        <line num="1670" count="0" type="stmt"/>
        <line num="1676" count="0" type="stmt"/>
        <line num="1678" count="0" type="stmt"/>
        <line num="1682" count="1" type="stmt"/>
        <line num="1683" count="0" type="stmt"/>
        <line num="1684" count="0" type="stmt"/>
        <line num="1685" count="0" type="stmt"/>
        <line num="1686" count="0" type="stmt"/>
        <line num="1687" count="0" type="stmt"/>
        <line num="1688" count="0" type="stmt"/>
        <line num="1689" count="0" type="cond" truecount="0" falsecount="2"/>
        <line num="1690" count="0" type="stmt"/>
        <line num="1691" count="0" type="stmt"/>
        <line num="1692" count="0" type="stmt"/>
        <line num="1695" count="0" type="cond" truecount="0" falsecount="2"/>
        <line num="1696" count="0" type="stmt"/>
        <line num="1698" count="0" type="stmt"/>
        <line num="1699" count="0" type="stmt"/>
        <line num="1700" count="0" type="stmt"/>
        <line num="1701" count="0" type="stmt"/>
        <line num="1703" count="0" type="stmt"/>
        <line num="1707" count="1" type="stmt"/>
        <line num="1708" count="0" type="stmt"/>
        <line num="1709" count="0" type="stmt"/>
        <line num="1710" count="0" type="stmt"/>
        <line num="1712" count="0" type="stmt"/>
        <line num="1716" count="1" type="stmt"/>
        <line num="1717" count="0" type="stmt"/>
        <line num="1718" count="0" type="stmt"/>
        <line num="1719" count="0" type="stmt"/>
        <line num="1721" count="0" type="stmt"/>
        <line num="1725" count="1" type="stmt"/>
        <line num="1726" count="0" type="stmt"/>
        <line num="1727" count="0" type="stmt"/>
        <line num="1728" count="0" type="cond" truecount="0" falsecount="2"/>
        <line num="1729" count="0" type="stmt"/>
        <line num="1731" count="0" type="stmt"/>
        <line num="1735" count="0" type="stmt"/>
        <line num="1737" count="0" type="stmt"/>
        <line num="1741" count="1" type="stmt"/>
        <line num="1742" count="0" type="stmt"/>
        <line num="1743" count="0" type="stmt"/>
        <line num="1744" count="0" type="cond" truecount="0" falsecount="2"/>
        <line num="1745" count="0" type="stmt"/>
        <line num="1747" count="0" type="stmt"/>
        <line num="1751" count="0" type="stmt"/>
        <line num="1753" count="0" type="stmt"/>
        <line num="1757" count="1" type="stmt"/>
        <line num="1758" count="0" type="stmt"/>
        <line num="1759" count="0" type="stmt"/>
        <line num="1760" count="0" type="stmt"/>
        <line num="1762" count="0" type="stmt"/>
        <line num="1769" count="1" type="stmt"/>
        <line num="1770" count="0" type="stmt"/>
        <line num="1771" count="0" type="stmt"/>
        <line num="1774" count="0" type="stmt"/>
        <line num="1775" count="0" type="cond" truecount="0" falsecount="2"/>
        <line num="1776" count="0" type="cond" truecount="0" falsecount="2"/>
        <line num="1777" count="0" type="cond" truecount="0" falsecount="2"/>
        <line num="1778" count="0" type="cond" truecount="0" falsecount="2"/>
        <line num="1781" count="0" type="cond" truecount="0" falsecount="2"/>
        <line num="1784" count="0" type="stmt"/>
        <line num="1797" count="0" type="cond" truecount="0" falsecount="2"/>
        <line num="1798" count="0" type="stmt"/>
        <line num="1799" count="0" type="cond" truecount="0" falsecount="2"/>
        <line num="1800" count="0" type="stmt"/>
        <line num="1801" count="0" type="cond" truecount="0" falsecount="2"/>
        <line num="1802" count="0" type="stmt"/>
        <line num="1804" count="0" type="stmt"/>
        <line num="1807" count="0" type="stmt"/>
        <line num="1809" count="0" type="stmt"/>
        <line num="1810" count="0" type="stmt"/>
        <line num="1814" count="1" type="stmt"/>
        <line num="1815" count="0" type="stmt"/>
        <line num="1816" count="0" type="stmt"/>
        <line num="1818" count="0" type="cond" truecount="0" falsecount="2"/>
        <line num="1819" count="0" type="stmt"/>
        <line num="1822" count="0" type="stmt"/>
        <line num="1827" count="0" type="cond" truecount="0" falsecount="2"/>
        <line num="1828" count="0" type="stmt"/>
        <line num="1831" count="0" type="stmt"/>
        <line num="1832" count="0" type="stmt"/>
        <line num="1839" count="0" type="stmt"/>
        <line num="1850" count="0" type="stmt"/>
        <line num="1851" count="0" type="stmt"/>
        <line num="1856" count="1" type="stmt"/>
        <line num="1857" count="0" type="stmt"/>
        <line num="1858" count="0" type="stmt"/>
        <line num="1863" count="0" type="cond" truecount="0" falsecount="2"/>
        <line num="1864" count="0" type="stmt"/>
        <line num="1867" count="0" type="stmt"/>
        <line num="1870" count="0" type="stmt"/>
        <line num="1880" count="0" type="stmt"/>
        <line num="1883" count="0" type="stmt"/>
        <line num="1892" count="0" type="stmt"/>
        <line num="1908" count="0" type="stmt"/>
        <line num="1916" count="0" type="stmt"/>
        <line num="1917" count="0" type="stmt"/>
        <line num="1922" count="1" type="stmt"/>
        <line num="1923" count="0" type="stmt"/>
        <line num="1924" count="0" type="stmt"/>
        <line num="1929" count="0" type="cond" truecount="0" falsecount="2"/>
        <line num="1930" count="0" type="stmt"/>
        <line num="1933" count="0" type="stmt"/>
        <line num="1936" count="0" type="stmt"/>
        <line num="1947" count="0" type="stmt"/>
        <line num="1953" count="0" type="stmt"/>
        <line num="1970" count="0" type="stmt"/>
        <line num="1971" count="0" type="stmt"/>
        <line num="1976" count="1" type="stmt"/>
        <line num="1977" count="0" type="stmt"/>
        <line num="1978" count="0" type="stmt"/>
        <line num="1983" count="0" type="cond" truecount="0" falsecount="2"/>
        <line num="1984" count="0" type="stmt"/>
        <line num="1987" count="0" type="stmt"/>
        <line num="1990" count="0" type="stmt"/>
        <line num="2001" count="0" type="stmt"/>
        <line num="2007" count="0" type="stmt"/>
        <line num="2024" count="0" type="stmt"/>
        <line num="2025" count="0" type="stmt"/>
        <line num="2029" count="1" type="stmt"/>
        <line num="2030" count="0" type="stmt"/>
        <line num="2031" count="0" type="stmt"/>
        <line num="2038" count="0" type="cond" truecount="0" falsecount="2"/>
        <line num="2039" count="0" type="stmt"/>
        <line num="2040" count="0" type="stmt"/>
        <line num="2041" count="0" type="stmt"/>
        <line num="2042" count="0" type="stmt"/>
        <line num="2048" count="0" type="stmt"/>
        <line num="2049" count="0" type="stmt"/>
        <line num="2053" count="1" type="stmt"/>
        <line num="2054" count="0" type="stmt"/>
        <line num="2055" count="0" type="cond" truecount="0" falsecount="2"/>
        <line num="2056" count="0" type="stmt"/>
        <line num="2057" count="0" type="cond" truecount="0" falsecount="2"/>
        <line num="2058" count="0" type="cond" truecount="0" falsecount="2"/>
        <line num="2059" count="0" type="cond" truecount="0" falsecount="2"/>
        <line num="2061" count="0" type="stmt"/>
        <line num="2062" count="0" type="stmt"/>
        <line num="2063" count="0" type="stmt"/>
        <line num="2064" count="0" type="cond" truecount="0" falsecount="2"/>
        <line num="2065" count="0" type="cond" truecount="0" falsecount="2"/>
        <line num="2066" count="0" type="cond" truecount="0" falsecount="2"/>
        <line num="2067" count="0" type="cond" truecount="0" falsecount="2"/>
        <line num="2068" count="0" type="cond" truecount="0" falsecount="2"/>
        <line num="2069" count="0" type="cond" truecount="0" falsecount="2"/>
        <line num="2070" count="0" type="cond" truecount="0" falsecount="2"/>
        <line num="2071" count="0" type="cond" truecount="0" falsecount="2"/>
        <line num="2073" count="0" type="cond" truecount="0" falsecount="2"/>
        <line num="2074" count="0" type="stmt"/>
        <line num="2075" count="0" type="stmt"/>
        <line num="2076" count="0" type="stmt"/>
        <line num="2077" count="0" type="stmt"/>
        <line num="2078" count="0" type="stmt"/>
        <line num="2080" count="0" type="stmt"/>
        <line num="2081" count="0" type="stmt"/>
        <line num="2085" count="1" type="stmt"/>
        <line num="2086" count="0" type="stmt"/>
        <line num="2087" count="0" type="cond" truecount="0" falsecount="2"/>
        <line num="2088" count="0" type="cond" truecount="0" falsecount="5"/>
        <line num="2089" count="0" type="stmt"/>
        <line num="2091" count="0" type="stmt"/>
        <line num="2092" count="0" type="stmt"/>
        <line num="2093" count="0" type="stmt"/>
        <line num="2095" count="0" type="stmt"/>
        <line num="2096" count="0" type="stmt"/>
        <line num="2100" count="1" type="stmt"/>
        <line num="2101" count="0" type="stmt"/>
        <line num="2102" count="0" type="stmt"/>
        <line num="2103" count="0" type="cond" truecount="0" falsecount="2"/>
        <line num="2104" count="0" type="stmt"/>
        <line num="2106" count="0" type="stmt"/>
        <line num="2107" count="0" type="stmt"/>
        <line num="2111" count="1" type="stmt"/>
        <line num="2112" count="0" type="stmt"/>
        <line num="2113" count="0" type="cond" truecount="0" falsecount="2"/>
        <line num="2114" count="0" type="stmt"/>
        <line num="2118" count="0" type="stmt"/>
        <line num="2119" count="0" type="stmt"/>
        <line num="2121" count="0" type="stmt"/>
        <line num="2122" count="0" type="stmt"/>
        <line num="2126" count="1" type="stmt"/>
        <line num="2127" count="0" type="stmt"/>
        <line num="2128" count="0" type="cond" truecount="0" falsecount="2"/>
        <line num="2129" count="0" type="stmt"/>
        <line num="2130" count="0" type="stmt"/>
        <line num="2131" count="0" type="stmt"/>
        <line num="2133" count="0" type="stmt"/>
        <line num="2134" count="0" type="stmt"/>
        <line num="2138" count="1" type="stmt"/>
        <line num="2139" count="0" type="stmt"/>
        <line num="2140" count="0" type="stmt"/>
        <line num="2141" count="0" type="stmt"/>
        <line num="2143" count="0" type="stmt"/>
        <line num="2144" count="0" type="stmt"/>
        <line num="2148" count="1" type="stmt"/>
        <line num="2149" count="0" type="stmt"/>
        <line num="2150" count="0" type="cond" truecount="0" falsecount="2"/>
        <line num="2151" count="0" type="cond" truecount="0" falsecount="4"/>
        <line num="2152" count="0" type="cond" truecount="0" falsecount="2"/>
        <line num="2153" count="0" type="stmt"/>
        <line num="2158" count="0" type="stmt"/>
        <line num="2159" count="0" type="stmt"/>
        <line num="2161" count="0" type="stmt"/>
        <line num="2162" count="0" type="stmt"/>
        <line num="2166" count="1" type="stmt"/>
        <line num="2167" count="0" type="stmt"/>
        <line num="2168" count="0" type="stmt"/>
        <line num="2169" count="0" type="stmt"/>
        <line num="2170" count="0" type="stmt"/>
        <line num="2172" count="0" type="stmt"/>
        <line num="2173" count="0" type="stmt"/>
        <line num="2177" count="1" type="stmt"/>
        <line num="2178" count="0" type="stmt"/>
        <line num="2179" count="0" type="stmt"/>
[...]
        <line num="5615" count="1" type="stmt"/>
        <line num="5616" count="0" type="stmt"/>
        <line num="5617" count="0" type="stmt"/>
        <line num="5618" count="0" type="stmt"/>
        <line num="5620" count="0" type="stmt"/>
        <line num="5622" count="0" type="cond" truecount="0" falsecount="4"/>
        <line num="5623" count="0" type="stmt"/>
        <line num="5624" count="0" type="stmt"/>
        <line num="5627" count="0" type="stmt"/>
        <line num="5634" count="0" type="stmt"/>
        <line num="5635" count="0" type="stmt"/>
        <line num="5644" count="0" type="stmt"/>
        <line num="5646" count="0" type="stmt"/>
        <line num="5652" count="0" type="stmt"/>
        <line num="5658" count="0" type="stmt"/>
        <line num="5664" count="0" type="stmt"/>
        <line num="5665" count="0" type="stmt"/>
        <line num="5666" count="0" type="stmt"/>
        <line num="5668" count="0" type="stmt"/>
        <line num="5673" count="1" type="stmt"/>
        <line num="5674" count="0" type="stmt"/>
        <line num="5675" count="0" type="stmt"/>
        <line num="5676" count="0" type="stmt"/>
        <line num="5678" count="0" type="stmt"/>
        <line num="5679" count="0" type="stmt"/>
        <line num="5681" count="0" type="stmt"/>
        <line num="5682" count="0" type="stmt"/>
        <line num="5683" count="0" type="stmt"/>
        <line num="5686" count="0" type="stmt"/>
        <line num="5692" count="0" type="stmt"/>
        <line num="5699" count="0" type="stmt"/>
        <line num="5705" count="0" type="stmt"/>
        <line num="5712" count="0" type="stmt"/>
        <line num="5713" count="0" type="stmt"/>
        <line num="5718" count="1" type="stmt"/>
        <line num="5719" count="0" type="stmt"/>
        <line num="5720" count="0" type="cond" truecount="0" falsecount="1"/>
        <line num="5723" count="0" type="cond" truecount="0" falsecount="5"/>
        <line num="5725" count="0" type="stmt"/>
        <line num="5726" count="0" type="stmt"/>
        <line num="5728" count="0" type="stmt"/>
        <line num="5729" count="0" type="stmt"/>
        <line num="5731" count="0" type="stmt"/>
        <line num="5732" count="0" type="stmt"/>
        <line num="5734" count="0" type="stmt"/>
        <line num="5735" count="0" type="stmt"/>
        <line num="5737" count="0" type="stmt"/>
        <line num="5740" count="0" type="stmt"/>
        <line num="5741" count="0" type="stmt"/>
        <line num="5742" count="0" type="stmt"/>
        <line num="5744" count="0" type="cond" truecount="0" falsecount="2"/>
        <line num="5745" count="0" type="stmt"/>
        <line num="5746" count="0" type="stmt"/>
        <line num="5747" count="0" type="stmt"/>
        <line num="5750" count="0" type="cond" truecount="0" falsecount="2"/>
        <line num="5751" count="0" type="stmt"/>
        <line num="5752" count="0" type="stmt"/>
        <line num="5753" count="0" type="stmt"/>
        <line num="5756" count="0" type="stmt"/>
        <line num="5758" count="0" type="stmt"/>
        <line num="5773" count="0" type="stmt"/>
        <line num="5782" count="0" type="stmt"/>
        <line num="5789" count="0" type="stmt"/>
        <line num="5792" count="0" type="stmt"/>
        <line num="5793" count="0" type="stmt"/>
        <line num="5794" count="0" type="cond" truecount="0" falsecount="2"/>
        <line num="5798" count="0" type="stmt"/>
        <line num="5799" count="0" type="stmt"/>
        <line num="5804" count="1" type="stmt"/>
        <line num="5805" count="1" type="stmt"/>
        <line num="5807" count="1" type="stmt"/>
        <line num="5821" count="1" type="stmt"/>
        <line num="5833" count="1" type="stmt"/>
        <line num="5846" count="1" type="stmt"/>
        <line num="5847" count="1" type="stmt"/>
        <line num="5848" count="1" type="stmt"/>
        <line num="5851" count="1" type="stmt"/>
        <line num="5864" count="1" type="stmt"/>
        <line num="5866" count="0" type="stmt"/>
        <line num="5867" count="0" type="stmt"/>
        <line num="5875" count="1" type="stmt"/>
        <line num="5878" count="1" type="stmt"/>
        <line num="5879" count="0" type="stmt"/>
        <line num="5886" count="0" type="stmt"/>
        <line num="5890" count="1" type="stmt"/>
        <line num="5891" count="0" type="stmt"/>
        <line num="5901" count="0" type="cond" truecount="0" falsecount="2"/>
        <line num="5903" count="0" type="stmt"/>
        <line num="5911" count="1" type="stmt"/>
        <line num="5912" count="1" type="stmt"/>
        <line num="5921" count="1" type="stmt"/>
        <line num="5922" count="1" type="stmt"/>
        <line num="5924" count="1" type="stmt"/>
        <line num="5925" count="0" type="stmt"/>
        <line num="5927" count="0" type="stmt"/>
        <line num="5928" count="0" type="stmt"/>
        <line num="5930" count="0" type="stmt"/>
        <line num="5931" count="0" type="stmt"/>
        <line num="5932" count="0" type="stmt"/>
        <line num="5937" count="0" type="cond" truecount="0" falsecount="2"/>
        <line num="5938" count="0" type="stmt"/>
        <line num="5939" count="0" type="stmt"/>
        <line num="5942" count="0" type="stmt"/>
        <line num="5943" count="0" type="cond" truecount="0" falsecount="4"/>
        <line num="5944" count="0" type="stmt"/>
        <line num="5945" count="0" type="stmt"/>
        <line num="5948" count="0" type="stmt"/>
        <line num="5949" count="0" type="stmt"/>
        <line num="5951" count="0" type="stmt"/>
        <line num="5956" count="0" type="cond" truecount="0" falsecount="2"/>
        <line num="5957" count="0" type="stmt"/>
        <line num="5966" count="0" type="stmt"/>
        <line num="5967" count="0" type="stmt"/>
        <line num="5971" count="0" type="stmt"/>
        <line num="5972" count="0" type="stmt"/>
        <line num="5974" count="0" type="stmt"/>
        <line num="5975" count="0" type="stmt"/>
        <line num="5976" count="0" type="stmt"/>
        <line num="5981" count="0" type="cond" truecount="0" falsecount="4"/>
        <line num="5982" count="0" type="stmt"/>
        <line num="5983" count="0" type="stmt"/>
        <line num="5986" count="0" type="stmt"/>
        <line num="5991" count="0" type="stmt"/>
        <line num="5996" count="0" type="stmt"/>
        <line num="6004" count="0" type="stmt"/>
        <line num="6008" count="0" type="stmt"/>
        <line num="6009" count="0" type="stmt"/>
        <line num="6012" count="0" type="stmt"/>
        <line num="6013" count="0" type="stmt"/>
        <line num="6017" count="1" type="cond" truecount="1" falsecount="1"/>
        <line num="6018" count="1" type="stmt"/>
        <line num="6019" count="0" type="stmt"/>
        <line num="6020" count="0" type="stmt"/>
        <line num="6021" count="0" type="stmt"/>
        <line num="6022" count="0" type="stmt"/>
        <line num="6023" count="0" type="stmt"/>
        <line num="6024" count="0" type="stmt"/>
        <line num="6025" count="0" type="stmt"/>
        <line num="6026" count="0" type="stmt"/>
        <line num="6027" count="0" type="cond" truecount="0" falsecount="4"/>
        <line num="6028" count="0" type="stmt"/>
        <line num="6029" count="0" type="stmt"/>
        <line num="6030" count="0" type="stmt"/>
        <line num="6031" count="0" type="stmt"/>
        <line num="6032" count="0" type="stmt"/>
        <line num="6033" count="0" type="stmt"/>
        <line num="6034" count="0" type="stmt"/>
        <line num="6035" count="0" type="stmt"/>
        <line num="6036" count="0" type="stmt"/>
        <line num="6037" count="0" type="stmt"/>
        <line num="6038" count="0" type="stmt"/>
        <line num="6039" count="0" type="stmt"/>
        <line num="6040" count="0" type="stmt"/>
        <line num="6041" count="0" type="stmt"/>
        <line num="6042" count="0" type="stmt"/>
        <line num="6043" count="0" type="stmt"/>
        <line num="6044" count="0" type="stmt"/>
        <line num="6045" count="0" type="stmt"/>
        <line num="6046" count="0" type="stmt"/>
        <line num="6047" count="0" type="stmt"/>
        <line num="6048" count="0" type="stmt"/>
        <line num="6049" count="0" type="stmt"/>
        <line num="6050" count="0" type="stmt"/>
        <line num="6051" count="0" type="stmt"/>
        <line num="6052" count="0" type="stmt"/>
        <line num="6053" count="0" type="stmt"/>
        <line num="6054" count="0" type="stmt"/>
        <line num="6058" count="1" type="stmt"/>
        <line num="6059" count="0" type="stmt"/>
        <line num="6060" count="0" type="stmt"/>
        <line num="6061" count="0" type="stmt"/>
        <line num="6062" count="0" type="stmt"/>
        <line num="6063" count="0" type="stmt"/>
        <line num="6067" count="1" type="stmt"/>
      </file>
    </package>
    <package name="backend.middleware">
      <metrics statements="82" coveredstatements="22" conditionals="53" coveredconditionals="4" methods="12" coveredmethods="2"/>
      <file name="auth.js" path="D:\matrix-delivery\backend\middleware\auth.js">
        <metrics statements="41" coveredstatements="10" conditionals="27" coveredconditionals="2" methods="6" coveredmethods="1"/>
        <line num="1" count="1" type="stmt"/>
        <line num="2" count="1" type="stmt"/>
        <line num="5" count="1" type="cond" truecount="2" falsecount="0"/>
        <line num="6" count="1" type="stmt"/>
        <line num="8" count="1" type="stmt"/>
        <line num="13" count="1" type="stmt"/>
        <line num="14" count="0" type="stmt"/>
        <line num="15" count="0" type="cond" truecount="0" falsecount="2"/>
        <line num="17" count="0" type="cond" truecount="0" falsecount="2"/>
        <line num="18" count="0" type="stmt"/>
        <line num="24" count="0" type="stmt"/>
        <line num="27" count="0" type="stmt"/>
        <line num="28" count="0" type="stmt"/>
        <line num="29" count="0" type="stmt"/>
        <line num="31" count="0" type="stmt"/>
        <line num="38" count="0" type="stmt"/>
        <line num="40" count="0" type="stmt"/>
        <line num="46" count="0" type="stmt"/>
        <line num="53" count="1" type="stmt"/>
        <line num="54" count="5" type="stmt"/>
        <line num="55" count="0" type="cond" truecount="0" falsecount="2"/>
        <line num="56" count="0" type="stmt"/>
        <line num="59" count="0" type="stmt"/>
        <line num="60" count="0" type="cond" truecount="0" falsecount="2"/>
        <line num="61" count="0" type="cond" truecount="0" falsecount="2"/>
        <line num="62" count="0" type="cond" truecount="0" falsecount="2"/>
        <line num="63" count="0" type="stmt"/>
        <line num="72" count="0" type="stmt"/>
        <line num="75" count="0" type="stmt"/>
        <line num="82" count="1" type="cond" truecount="0" falsecount="1"/>
        <line num="83" count="0" type="stmt"/>
        <line num="84" count="0" type="cond" truecount="0" falsecount="2"/>
        <line num="85" count="0" type="stmt"/>
        <line num="89" count="0" type="cond" truecount="0" falsecount="2"/>
        <line num="90" count="0" type="stmt"/>
        <line num="94" count="0" type="cond" truecount="0" falsecount="2"/>
        <line num="96" count="0" type="cond" truecount="0" falsecount="2"/>
        <line num="97" count="0" type="stmt"/>
        <line num="104" count="0" type="stmt"/>
        <line num="107" count="0" type="stmt"/>
        <line num="111" count="1" type="stmt"/>
      </file>
      <file name="rateLimit.js" path="D:\matrix-delivery\backend\middleware\rateLimit.js">
        <metrics statements="41" coveredstatements="12" conditionals="26" coveredconditionals="2" methods="6" coveredmethods="1"/>
        <line num="1" count="1" type="stmt"/>
        <line num="4" count="1" type="stmt"/>
        <line num="9" count="1" type="cond" truecount="0" falsecount="1"/>
        <line num="16" count="4" type="stmt"/>
        <line num="18" count="4" type="stmt"/>
        <line num="19" count="0" type="cond" truecount="0" falsecount="2"/>
        <line num="20" count="0" type="stmt"/>
        <line num="21" count="0" type="stmt"/>
        <line num="24" count="0" type="cond" truecount="0" falsecount="2"/>
        <line num="25" count="0" type="stmt"/>
        <line num="28" count="0" type="stmt"/>
        <line num="31" count="0" type="stmt"/>
        <line num="34" count="0" type="cond" truecount="0" falsecount="2"/>
        <line num="35" count="0" type="stmt"/>
        <line num="46" count="0" type="stmt"/>
        <line num="53" count="0" type="stmt"/>
        <line num="54" count="0" type="stmt"/>
        <line num="57" count="0" type="stmt"/>
        <line num="58" count="0" type="stmt"/>
        <line num="60" count="0" type="cond" truecount="0" falsecount="6"/>
        <line num="63" count="0" type="cond" truecount="0" falsecount="2"/>
        <line num="64" count="0" type="stmt"/>
        <line num="65" count="0" type="cond" truecount="0" falsecount="2"/>
        <line num="66" count="0" type="stmt"/>
        <line num="67" count="0" type="stmt"/>
        <line num="71" count="0" type="stmt"/>
        <line num="74" count="0" type="stmt"/>
        <line num="81" count="1" type="stmt"/>
        <line num="92" count="1" type="stmt"/>
        <line num="101" count="1" type="stmt"/>
        <line num="110" count="1" type="stmt"/>
        <line num="119" count="1" type="stmt"/>
        <line num="120" count="0" type="stmt"/>
        <line num="121" count="0" type="stmt"/>
        <line num="123" count="0" type="stmt"/>
        <line num="124" count="0" type="stmt"/>
        <line num="125" count="0" type="cond" truecount="0" falsecount="2"/>
        <line num="126" count="0" type="stmt"/>
        <line num="128" count="0" type="stmt"/>
        <line num="134" count="1" type="stmt"/>
        <line num="136" count="1" type="stmt"/>
      </file>
    </package>
    <package name="backend.routes">
      <metrics statements="103" coveredstatements="18" conditionals="80" coveredconditionals="10" methods="6" coveredmethods="0"/>
      <file name="drivers.js" path="D:\matrix-delivery\backend\routes\drivers.js">
        <metrics statements="103" coveredstatements="18" conditionals="80" coveredconditionals="10" methods="6" coveredmethods="0"/>
        <line num="1" count="1" type="stmt"/>
        <line num="2" count="1" type="stmt"/>
        <line num="3" count="1" type="stmt"/>
        <line num="4" count="1" type="stmt"/>
        <line num="5" count="1" type="stmt"/>
        <line num="6" count="1" type="stmt"/>
        <line num="9" count="1" type="cond" truecount="2" falsecount="0"/>
        <line num="10" count="1" type="stmt"/>
        <line num="12" count="1" type="cond" truecount="1" falsecount="1"/>
        <line num="15" count="1" type="stmt"/>
        <line num="26" count="1" type="stmt"/>
        <line num="29" count="1" type="stmt"/>
        <line num="30" count="0" type="stmt"/>
        <line num="31" count="0" type="stmt"/>
        <line num="32" count="0" type="stmt"/>
        <line num="35" count="0" type="stmt"/>
        <line num="40" count="0" type="cond" truecount="0" falsecount="2"/>
        <line num="41" count="0" type="stmt"/>
        <line num="44" count="0" type="stmt"/>
        <line num="45" count="0" type="cond" truecount="0" falsecount="2"/>
        <line num="46" count="0" type="stmt"/>
        <line num="50" count="0" type="stmt"/>
        <line num="55" count="0" type="stmt"/>
        <line num="61" count="0" type="stmt"/>
        <line num="69" count="0" type="stmt"/>
        <line num="74" count="0" type="cond" truecount="0" falsecount="2"/>
        <line num="79" count="1" type="stmt"/>
        <line num="80" count="0" type="stmt"/>
        <line num="81" count="0" type="stmt"/>
        <line num="82" count="0" type="stmt"/>
        <line num="85" count="0" type="stmt"/>
        <line num="90" count="0" type="cond" truecount="0" falsecount="2"/>
        <line num="91" count="0" type="stmt"/>
        <line num="94" count="0" type="stmt"/>
        <line num="95" count="0" type="cond" truecount="0" falsecount="2"/>
        <line num="96" count="0" type="stmt"/>
        <line num="100" count="0" type="stmt"/>
        <line num="106" count="0" type="stmt"/>
        <line num="111" count="0" type="stmt"/>
        <line num="117" count="0" type="stmt"/>
        <line num="125" count="0" type="stmt"/>
        <line num="130" count="0" type="cond" truecount="0" falsecount="2"/>
        <line num="135" count="1" type="stmt"/>
        <line num="136" count="0" type="stmt"/>
        <line num="137" count="0" type="stmt"/>
        <line num="138" count="0" type="stmt"/>
        <line num="139" count="0" type="stmt"/>
        <line num="142" count="0" type="stmt"/>
        <line num="147" count="0" type="cond" truecount="0" falsecount="2"/>
        <line num="148" count="0" type="stmt"/>
        <line num="151" count="0" type="stmt"/>
        <line num="152" count="0" type="cond" truecount="0" falsecount="4"/>
        <line num="153" count="0" type="stmt"/>
        <line num="157" count="0" type="stmt"/>
        <line num="166" count="0" type="stmt"/>
        <line num="181" count="0" type="stmt"/>
        <line num="186" count="0" type="cond" truecount="0" falsecount="2"/>
        <line num="191" count="1" type="stmt"/>
        <line num="192" count="0" type="stmt"/>
        <line num="193" count="0" type="stmt"/>
        <line num="195" count="0" type="cond" truecount="0" falsecount="2"/>
        <line num="196" count="0" type="stmt"/>
        <line num="202" count="0" type="stmt"/>
        <line num="208" count="0" type="stmt"/>
        <line num="215" count="0" type="stmt"/>
        <line num="219" count="0" type="cond" truecount="0" falsecount="2"/>
        <line num="224" count="1" type="stmt"/>
        <line num="225" count="0" type="stmt"/>
        <line num="226" count="0" type="stmt"/>
        <line num="227" count="0" type="stmt"/>
        <line num="228" count="0" type="stmt"/>
        <line num="230" count="0" type="cond" truecount="0" falsecount="4"/>
        <line num="231" count="0" type="stmt"/>
        <line num="234" count="0" type="cond" truecount="0" falsecount="4"/>
        <line num="235" count="0" type="stmt"/>
        <line num="238" count="0" type="cond" truecount="0" falsecount="6"/>
        <line num="239" count="0" type="stmt"/>
        <line num="243" count="0" type="stmt"/>
        <line num="248" count="0" type="cond" truecount="0" falsecount="2"/>
        <line num="249" count="0" type="stmt"/>
        <line num="252" count="0" type="stmt"/>
        <line num="253" count="0" type="cond" truecount="0" falsecount="2"/>
        <line num="254" count="0" type="stmt"/>
        <line num="257" count="0" type="cond" truecount="0" falsecount="2"/>
        <line num="258" count="0" type="stmt"/>
        <line num="262" count="0" type="stmt"/>
        <line num="278" count="0" type="stmt"/>
        <line num="281" count="0" type="stmt"/>
        <line num="282" count="0" type="cond" truecount="0" falsecount="2"/>
        <line num="283" count="0" type="stmt"/>
        <line num="292" count="0" type="stmt"/>
        <line num="300" count="0" type="stmt"/>
        <line num="306" count="0" type="stmt"/>
        <line num="314" count="0" type="stmt"/>
        <line num="329" count="0" type="stmt"/>
        <line num="334" count="0" type="cond" truecount="0" falsecount="2"/>
        <line num="339" count="1" type="stmt"/>
        <line num="340" count="0" type="stmt"/>
        <line num="342" count="0" type="stmt"/>
        <line num="348" count="0" type="stmt"/>
        <line num="354" count="0" type="stmt"/>
        <line num="358" count="0" type="cond" truecount="0" falsecount="2"/>
        <line num="362" count="1" type="stmt"/>
      </file>
    </package>
  </project>
</coverage>
