{"D:\\matrix-delivery\\backend\\config\\constants.js": {"path":"D:\\matrix-delivery\\backend\\config\\constants.js","statementMap":{"0":{"start":{"line":6,"column":28},"end":{"line":8,"column":1}},"1":{"start":{"line":10,"column":28},"end":{"line":15,"column":1}},"2":{"start":{"line":18,"column":25},"end":{"line":45,"column":1}},"3":{"start":{"line":48,"column":21},"end":{"line":55,"column":1}},"4":{"start":{"line":58,"column":19},"end":{"line":62,"column":1}},"5":{"start":{"line":65,"column":23},"end":{"line":72,"column":1}},"6":{"start":{"line":75,"column":19},"end":{"line":80,"column":1}},"7":{"start":{"line":82,"column":0},"end":{"line":90,"column":2}}},"fnMap":{},"branchMap":{},"s":{"0":2,"1":2,"2":2,"3":2,"4":2,"5":2,"6":2,"7":2},"f":{},"b":{},"_coverageSchema":"1a1c01bbd47fc00a2c39e90264f33305004495a9","hash":"319e798dc0a5f054aa38ccdc2ed8de99770aa585"}
,"D:\\matrix-delivery\\backend\\utils\\cache.js": {"path":"D:\\matrix-delivery\\backend\\utils\\cache.js","statementMap":{"0":{"start":{"line":5,"column":32},"end":{"line":5,"column":62}},"1":{"start":{"line":8,"column":28},"end":{"line":13,"column":1}},"2":{"start":{"line":19,"column":30},"end":{"line":25,"column":1}},"3":{"start":{"line":20,"column":18},"end":{"line":20,"column":47}},"4":{"start":{"line":21,"column":4},"end":{"line":23,"column":5}},"5":{"start":{"line":22,"column":8},"end":{"line":22,"column":26}},"6":{"start":{"line":24,"column":4},"end":{"line":24,"column":16}},"7":{"start":{"line":31,"column":26},"end":{"line":36,"column":1}},"8":{"start":{"line":32,"column":4},"end":{"line":35,"column":6}},"9":{"start":{"line":44,"column":26},"end":{"line":53,"column":1}},"10":{"start":{"line":45,"column":18},"end":{"line":45,"column":33}},"11":{"start":{"line":46,"column":4},"end":{"line":48,"column":5}},"12":{"start":{"line":47,"column":8},"end":{"line":47,"column":26}},"13":{"start":{"line":49,"column":4},"end":{"line":51,"column":5}},"14":{"start":{"line":50,"column":8},"end":{"line":50,"column":27}},"15":{"start":{"line":52,"column":4},"end":{"line":52,"column":16}},"16":{"start":{"line":62,"column":24},"end":{"line":67,"column":1}},"17":{"start":{"line":63,"column":4},"end":{"line":66,"column":7}},"18":{"start":{"line":75,"column":26},"end":{"line":94,"column":1}},"19":{"start":{"line":76,"column":4},"end":{"line":93,"column":5}},"20":{"start":{"line":77,"column":23},"end":{"line":80,"column":9}},"21":{"start":{"line":81,"column":8},"end":{"line":83,"column":9}},"22":{"start":{"line":82,"column":12},"end":{"line":82,"column":24}},"23":{"start":{"line":84,"column":23},"end":{"line":84,"column":37}},"24":{"start":{"line":85,"column":8},"end":{"line":88,"column":9}},"25":{"start":{"line":86,"column":12},"end":{"line":86,"column":92}},"26":{"start":{"line":87,"column":12},"end":{"line":87,"column":24}},"27":{"start":{"line":89,"column":8},"end":{"line":89,"column":30}},"28":{"start":{"line":91,"column":8},"end":{"line":91,"column":81}},"29":{"start":{"line":92,"column":8},"end":{"line":92,"column":20}},"30":{"start":{"line":103,"column":21},"end":{"line":116,"column":1}},"31":{"start":{"line":104,"column":4},"end":{"line":115,"column":5}},"32":{"start":{"line":105,"column":26},"end":{"line":105,"column":54}},"33":{"start":{"line":106,"column":8},"end":{"line":112,"column":10}},"34":{"start":{"line":114,"column":8},"end":{"line":114,"column":82}},"35":{"start":{"line":118,"column":0},"end":{"line":126,"column":2}}},"fnMap":{"0":{"name":"(anonymous_0)","decl":{"start":{"line":19,"column":30},"end":{"line":19,"column":31}},"loc":{"start":{"line":19,"column":36},"end":{"line":25,"column":1}},"line":19},"1":{"name":"(anonymous_1)","decl":{"start":{"line":31,"column":26},"end":{"line":31,"column":27}},"loc":{"start":{"line":31,"column":36},"end":{"line":36,"column":1}},"line":31},"2":{"name":"(anonymous_2)","decl":{"start":{"line":44,"column":26},"end":{"line":44,"column":27}},"loc":{"start":{"line":44,"column":43},"end":{"line":53,"column":1}},"line":44},"3":{"name":"(anonymous_3)","decl":{"start":{"line":62,"column":24},"end":{"line":62,"column":25}},"loc":{"start":{"line":62,"column":52},"end":{"line":67,"column":1}},"line":62},"4":{"name":"(anonymous_4)","decl":{"start":{"line":75,"column":26},"end":{"line":75,"column":27}},"loc":{"start":{"line":75,"column":52},"end":{"line":94,"column":1}},"line":75},"5":{"name":"(anonymous_5)","decl":{"start":{"line":103,"column":21},"end":{"line":103,"column":22}},"loc":{"start":{"line":103,"column":63},"end":{"line":116,"column":1}},"line":103}},"branchMap":{"0":{"loc":{"start":{"line":21,"column":4},"end":{"line":23,"column":5}},"type":"if","locations":[{"start":{"line":21,"column":4},"end":{"line":23,"column":5}},{"start":{},"end":{}}],"line":21},"1":{"loc":{"start":{"line":21,"column":8},"end":{"line":21,"column":51}},"type":"binary-expr","locations":[{"start":{"line":21,"column":8},"end":{"line":21,"column":19}},{"start":{"line":21,"column":23},"end":{"line":21,"column":51}}],"line":21},"2":{"loc":{"start":{"line":46,"column":4},"end":{"line":48,"column":5}},"type":"if","locations":[{"start":{"line":46,"column":4},"end":{"line":48,"column":5}},{"start":{},"end":{}}],"line":46},"3":{"loc":{"start":{"line":46,"column":8},"end":{"line":46,"column":45}},"type":"binary-expr","locations":[{"start":{"line":46,"column":8},"end":{"line":46,"column":13}},{"start":{"line":46,"column":17},"end":{"line":46,"column":45}}],"line":46},"4":{"loc":{"start":{"line":49,"column":4},"end":{"line":51,"column":5}},"type":"if","locations":[{"start":{"line":49,"column":4},"end":{"line":51,"column":5}},{"start":{},"end":{}}],"line":49},"5":{"loc":{"start":{"line":81,"column":8},"end":{"line":83,"column":9}},"type":"if","locations":[{"start":{"line":81,"column":8},"end":{"line":83,"column":9}},{"start":{},"end":{}}],"line":81},"6":{"loc":{"start":{"line":85,"column":8},"end":{"line":88,"column":9}},"type":"if","locations":[{"start":{"line":85,"column":8},"end":{"line":88,"column":9}},{"start":{},"end":{}}],"line":85}},"s":{"0":1,"1":1,"2":1,"3":3,"4":3,"5":1,"6":2,"7":1,"8":4,"9":1,"10":4,"11":4,"12":1,"13":3,"14":2,"15":3,"16":1,"17":4,"18":1,"19":4,"20":4,"21":3,"22":1,"23":2,"24":2,"25":1,"26":1,"27":1,"28":1,"29":1,"30":1,"31":3,"32":3,"33":3,"34":1,"35":1},"f":{"0":3,"1":4,"2":4,"3":4,"4":4,"5":3},"b":{"0":[1,2],"1":[3,2],"2":[1,3],"3":[4,3],"4":[2,1],"5":[1,2],"6":[1,1]},"_coverageSchema":"1a1c01bbd47fc00a2c39e90264f33305004495a9","hash":"072e39609af3c58ae98278112e0c7c060fb8d035"}
,"D:\\matrix-delivery\\backend\\utils\\generators.js": {"path":"D:\\matrix-delivery\\backend\\utils\\generators.js","statementMap":{"0":{"start":{"line":9,"column":19},"end":{"line":11,"column":1}},"1":{"start":{"line":10,"column":4},"end":{"line":10,"column":75}},"2":{"start":{"line":17,"column":28},"end":{"line":21,"column":1}},"3":{"start":{"line":18,"column":22},"end":{"line":18,"column":32}},"4":{"start":{"line":19,"column":19},"end":{"line":19,"column":79}},"5":{"start":{"line":20,"column":4},"end":{"line":20,"column":40}},"6":{"start":{"line":23,"column":0},"end":{"line":26,"column":2}}},"fnMap":{"0":{"name":"(anonymous_0)","decl":{"start":{"line":9,"column":19},"end":{"line":9,"column":20}},"loc":{"start":{"line":9,"column":25},"end":{"line":11,"column":1}},"line":9},"1":{"name":"(anonymous_1)","decl":{"start":{"line":17,"column":28},"end":{"line":17,"column":29}},"loc":{"start":{"line":17,"column":34},"end":{"line":21,"column":1}},"line":17}},"branchMap":{},"s":{"0":1,"1":105,"2":1,"3":6,"4":6,"5":6,"6":1},"f":{"0":105,"1":6},"b":{},"_coverageSchema":"1a1c01bbd47fc00a2c39e90264f33305004495a9","hash":"3ed14abc437fcb17d7d9c83de921309ac49deb50"}
,"D:\\matrix-delivery\\backend\\utils\\sanitizers.js": {"path":"D:\\matrix-delivery\\backend\\utils\\sanitizers.js","statementMap":{"0":{"start":{"line":11,"column":23},"end":{"line":14,"column":1}},"1":{"start":{"line":12,"column":4},"end":{"line":12,"column":43}},"2":{"start":{"line":12,"column":33},"end":{"line":12,"column":43}},"3":{"start":{"line":13,"column":4},"end":{"line":13,"column":70}},"4":{"start":{"line":22,"column":21},"end":{"line":25,"column":1}},"5":{"start":{"line":23,"column":4},"end":{"line":23,"column":43}},"6":{"start":{"line":23,"column":33},"end":{"line":23,"column":43}},"7":{"start":{"line":24,"column":4},"end":{"line":24,"column":113}},"8":{"start":{"line":34,"column":24},"end":{"line":38,"column":1}},"9":{"start":{"line":35,"column":16},"end":{"line":35,"column":33}},"10":{"start":{"line":36,"column":4},"end":{"line":36,"column":58}},"11":{"start":{"line":36,"column":46},"end":{"line":36,"column":58}},"12":{"start":{"line":37,"column":4},"end":{"line":37,"column":39}},"13":{"start":{"line":40,"column":0},"end":{"line":44,"column":2}}},"fnMap":{"0":{"name":"(anonymous_0)","decl":{"start":{"line":11,"column":23},"end":{"line":11,"column":24}},"loc":{"start":{"line":11,"column":50},"end":{"line":14,"column":1}},"line":11},"1":{"name":"(anonymous_1)","decl":{"start":{"line":22,"column":21},"end":{"line":22,"column":22}},"loc":{"start":{"line":22,"column":48},"end":{"line":25,"column":1}},"line":22},"2":{"name":"(anonymous_2)","decl":{"start":{"line":34,"column":24},"end":{"line":34,"column":25}},"loc":{"start":{"line":34,"column":59},"end":{"line":38,"column":1}},"line":34}},"branchMap":{"0":{"loc":{"start":{"line":11,"column":29},"end":{"line":11,"column":45}},"type":"default-arg","locations":[{"start":{"line":11,"column":41},"end":{"line":11,"column":45}}],"line":11},"1":{"loc":{"start":{"line":12,"column":4},"end":{"line":12,"column":43}},"type":"if","locations":[{"start":{"line":12,"column":4},"end":{"line":12,"column":43}},{"start":{},"end":{}}],"line":12},"2":{"loc":{"start":{"line":22,"column":27},"end":{"line":22,"column":43}},"type":"default-arg","locations":[{"start":{"line":22,"column":39},"end":{"line":22,"column":43}}],"line":22},"3":{"loc":{"start":{"line":23,"column":4},"end":{"line":23,"column":43}},"type":"if","locations":[{"start":{"line":23,"column":4},"end":{"line":23,"column":43}},{"start":{},"end":{}}],"line":23},"4":{"loc":{"start":{"line":34,"column":32},"end":{"line":34,"column":39}},"type":"default-arg","locations":[{"start":{"line":34,"column":38},"end":{"line":34,"column":39}}],"line":34},"5":{"loc":{"start":{"line":34,"column":41},"end":{"line":34,"column":54}},"type":"default-arg","locations":[{"start":{"line":34,"column":47},"end":{"line":34,"column":54}}],"line":34},"6":{"loc":{"start":{"line":36,"column":4},"end":{"line":36,"column":58}},"type":"if","locations":[{"start":{"line":36,"column":4},"end":{"line":36,"column":58}},{"start":{},"end":{}}],"line":36},"7":{"loc":{"start":{"line":36,"column":8},"end":{"line":36,"column":44}},"type":"binary-expr","locations":[{"start":{"line":36,"column":8},"end":{"line":36,"column":18}},{"start":{"line":36,"column":22},"end":{"line":36,"column":31}},{"start":{"line":36,"column":35},"end":{"line":36,"column":44}}],"line":36}},"s":{"0":2,"1":61,"2":11,"3":50,"4":2,"5":10,"6":3,"7":7,"8":2,"9":29,"10":29,"11":9,"12":20,"13":2},"f":{"0":61,"1":10,"2":29},"b":{"0":[11],"1":[11,50],"2":[9],"3":[3,7],"4":[21],"5":[21],"6":[9,20],"7":[29,25,22]},"_coverageSchema":"1a1c01bbd47fc00a2c39e90264f33305004495a9","hash":"0fd23bfde8e99dc143fb234179b2b84148992f62"}
,"D:\\matrix-delivery\\backend\\utils\\validators.js": {"path":"D:\\matrix-delivery\\backend\\utils\\validators.js","statementMap":{"0":{"start":{"line":5,"column":27},"end":{"line":5,"column":50}},"1":{"start":{"line":12,"column":22},"end":{"line":15,"column":1}},"2":{"start":{"line":13,"column":22},"end":{"line":13,"column":48}},"3":{"start":{"line":14,"column":4},"end":{"line":14,"column":56}},"4":{"start":{"line":22,"column":25},"end":{"line":25,"column":1}},"5":{"start":{"line":23,"column":22},"end":{"line":23,"column":51}},"6":{"start":{"line":24,"column":4},"end":{"line":24,"column":46}},"7":{"start":{"line":32,"column":22},"end":{"line":36,"column":1}},"8":{"start":{"line":33,"column":22},"end":{"line":33,"column":47}},"9":{"start":{"line":35,"column":4},"end":{"line":35,"column":73}},"10":{"start":{"line":43,"column":21},"end":{"line":46,"column":1}},"11":{"start":{"line":44,"column":23},"end":{"line":44,"column":64}},"12":{"start":{"line":45,"column":4},"end":{"line":45,"column":37}},"13":{"start":{"line":48,"column":0},"end":{"line":53,"column":2}}},"fnMap":{"0":{"name":"(anonymous_0)","decl":{"start":{"line":12,"column":22},"end":{"line":12,"column":23}},"loc":{"start":{"line":12,"column":33},"end":{"line":15,"column":1}},"line":12},"1":{"name":"(anonymous_1)","decl":{"start":{"line":22,"column":25},"end":{"line":22,"column":26}},"loc":{"start":{"line":22,"column":39},"end":{"line":25,"column":1}},"line":22},"2":{"name":"(anonymous_2)","decl":{"start":{"line":32,"column":22},"end":{"line":32,"column":23}},"loc":{"start":{"line":32,"column":33},"end":{"line":36,"column":1}},"line":32},"3":{"name":"(anonymous_3)","decl":{"start":{"line":43,"column":21},"end":{"line":43,"column":22}},"loc":{"start":{"line":43,"column":31},"end":{"line":46,"column":1}},"line":43}},"branchMap":{"0":{"loc":{"start":{"line":24,"column":11},"end":{"line":24,"column":45}},"type":"binary-expr","locations":[{"start":{"line":24,"column":11},"end":{"line":24,"column":20}},{"start":{"line":24,"column":24},"end":{"line":24,"column":45}}],"line":24},"1":{"loc":{"start":{"line":35,"column":11},"end":{"line":35,"column":72}},"type":"binary-expr","locations":[{"start":{"line":35,"column":11},"end":{"line":35,"column":46}},{"start":{"line":35,"column":50},"end":{"line":35,"column":72}}],"line":35}},"s":{"0":1,"1":1,"2":17,"3":17,"4":1,"5":14,"6":14,"7":1,"8":18,"9":18,"10":1,"11":17,"12":17,"13":1},"f":{"0":17,"1":14,"2":18,"3":17},"b":{"0":[14,11],"1":[18,12]},"_coverageSchema":"1a1c01bbd47fc00a2c39e90264f33305004495a9","hash":"c9d2edac41f83ae154f118a755b89cb9a6c8151a"}
}
