{"D:\\matrix-delivery\\backend\\admin-panel.js": {"path":"D:\\matrix-delivery\\backend\\admin-panel.js","statementMap":{"0":{"start":{"line":4,"column":0},"end":{"line":1394,"column":2}},"1":{"start":{"line":7,"column":20},"end":{"line":32,"column":1}},"2":{"start":{"line":8,"column":2},"end":{"line":31,"column":3}},"3":{"start":{"line":9,"column":18},"end":{"line":9,"column":61}},"4":{"start":{"line":10,"column":4},"end":{"line":10,"column":76}},"5":{"start":{"line":10,"column":16},"end":{"line":10,"column":76}},"6":{"start":{"line":12,"column":20},"end":{"line":12,"column":49}},"7":{"start":{"line":15,"column":23},"end":{"line":18,"column":5}},"8":{"start":{"line":20,"column":16},"end":{"line":20,"column":34}},"9":{"start":{"line":21,"column":21},"end":{"line":21,"column":111}},"10":{"start":{"line":22,"column":4},"end":{"line":24,"column":5}},"11":{"start":{"line":23,"column":6},"end":{"line":23,"column":70}},"12":{"start":{"line":26,"column":4},"end":{"line":26,"column":65}},"13":{"start":{"line":27,"column":4},"end":{"line":27,"column":11}},"14":{"start":{"line":29,"column":4},"end":{"line":29,"column":54}},"15":{"start":{"line":30,"column":4},"end":{"line":30,"column":64}},"16":{"start":{"line":35,"column":23},"end":{"line":45,"column":1}},"17":{"start":{"line":36,"column":2},"end":{"line":44,"column":3}},"18":{"start":{"line":37,"column":4},"end":{"line":41,"column":6}},"19":{"start":{"line":43,"column":4},"end":{"line":43,"column":52}},"20":{"start":{"line":48,"column":0},"end":{"line":229,"column":3}},"21":{"start":{"line":49,"column":2},"end":{"line":228,"column":3}},"22":{"start":{"line":50,"column":29},"end":{"line":50,"column":38}},"23":{"start":{"line":53,"column":16},"end":{"line":53,"column":26}},"24":{"start":{"line":54,"column":20},"end":{"line":54,"column":30}},"25":{"start":{"line":55,"column":4},"end":{"line":70,"column":5}},"26":{"start":{"line":57,"column":8},"end":{"line":57,"column":54}},"27":{"start":{"line":58,"column":8},"end":{"line":58,"column":14}},"28":{"start":{"line":60,"column":8},"end":{"line":60,"column":51}},"29":{"start":{"line":61,"column":8},"end":{"line":61,"column":14}},"30":{"start":{"line":63,"column":8},"end":{"line":63,"column":52}},"31":{"start":{"line":64,"column":8},"end":{"line":64,"column":14}},"32":{"start":{"line":66,"column":8},"end":{"line":66,"column":52}},"33":{"start":{"line":67,"column":8},"end":{"line":67,"column":14}},"34":{"start":{"line":69,"column":8},"end":{"line":69,"column":51}},"35":{"start":{"line":73,"column":29},"end":{"line":73,"column":84}},"36":{"start":{"line":74,"column":23},"end":{"line":74,"column":63}},"37":{"start":{"line":77,"column":27},"end":{"line":80,"column":5}},"38":{"start":{"line":81,"column":21},"end":{"line":81,"column":59}},"39":{"start":{"line":84,"column":30},"end":{"line":86,"column":5}},"40":{"start":{"line":87,"column":24},"end":{"line":87,"column":26}},"41":{"start":{"line":88,"column":4},"end":{"line":90,"column":7}},"42":{"start":{"line":89,"column":6},"end":{"line":89,"column":50}},"43":{"start":{"line":93,"column":30},"end":{"line":93,"column":86}},"44":{"start":{"line":94,"column":24},"end":{"line":94,"column":65}},"45":{"start":{"line":97,"column":33},"end":{"line":99,"column":5}},"46":{"start":{"line":100,"column":27},"end":{"line":100,"column":29}},"47":{"start":{"line":101,"column":25},"end":{"line":108,"column":5}},"48":{"start":{"line":110,"column":4},"end":{"line":116,"column":7}},"49":{"start":{"line":111,"column":6},"end":{"line":115,"column":9}},"50":{"start":{"line":112,"column":66},"end":{"line":112,"column":81}},"51":{"start":{"line":119,"column":31},"end":{"line":122,"column":5}},"52":{"start":{"line":123,"column":25},"end":{"line":123,"column":67}},"53":{"start":{"line":126,"column":34},"end":{"line":128,"column":5}},"54":{"start":{"line":129,"column":28},"end":{"line":129,"column":73}},"55":{"start":{"line":132,"column":26},"end":{"line":135,"column":5}},"56":{"start":{"line":136,"column":20},"end":{"line":136,"column":59}},"57":{"start":{"line":139,"column":30},"end":{"line":149,"column":5}},"58":{"start":{"line":150,"column":24},"end":{"line":153,"column":7}},"59":{"start":{"line":150,"column":59},"end":{"line":153,"column":5}},"60":{"start":{"line":156,"column":29},"end":{"line":164,"column":5}},"61":{"start":{"line":166,"column":26},"end":{"line":166,"column":47}},"62":{"start":{"line":167,"column":23},"end":{"line":173,"column":6}},"63":{"start":{"line":168,"column":6},"end":{"line":168,"column":45}},"64":{"start":{"line":169,"column":6},"end":{"line":172,"column":8}},"65":{"start":{"line":176,"column":32},"end":{"line":180,"column":5}},"66":{"start":{"line":181,"column":26},"end":{"line":181,"column":80}},"67":{"start":{"line":183,"column":33},"end":{"line":188,"column":5}},"68":{"start":{"line":189,"column":27},"end":{"line":189,"column":77}},"69":{"start":{"line":191,"column":34},"end":{"line":197,"column":5}},"70":{"start":{"line":198,"column":28},"end":{"line":198,"column":84}},"71":{"start":{"line":200,"column":28},"end":{"line":202,"column":5}},"72":{"start":{"line":203,"column":22},"end":{"line":203,"column":73}},"73":{"start":{"line":205,"column":4},"end":{"line":222,"column":7}},"74":{"start":{"line":224,"column":4},"end":{"line":224,"column":95}},"75":{"start":{"line":226,"column":4},"end":{"line":226,"column":51}},"76":{"start":{"line":227,"column":4},"end":{"line":227,"column":64}},"77":{"start":{"line":232,"column":0},"end":{"line":320,"column":3}},"78":{"start":{"line":233,"column":2},"end":{"line":319,"column":3}},"79":{"start":{"line":234,"column":80},"end":{"line":234,"column":89}},"80":{"start":{"line":235,"column":19},"end":{"line":235,"column":57}},"81":{"start":{"line":237,"column":26},"end":{"line":237,"column":28}},"82":{"start":{"line":238,"column":22},"end":{"line":238,"column":24}},"83":{"start":{"line":239,"column":21},"end":{"line":239,"column":22}},"84":{"start":{"line":241,"column":4},"end":{"line":249,"column":5}},"85":{"start":{"line":242,"column":6},"end":{"line":246,"column":10}},"86":{"start":{"line":247,"column":6},"end":{"line":247,"column":38}},"87":{"start":{"line":248,"column":6},"end":{"line":248,"column":19}},"88":{"start":{"line":251,"column":4},"end":{"line":255,"column":5}},"89":{"start":{"line":252,"column":6},"end":{"line":252,"column":52}},"90":{"start":{"line":253,"column":6},"end":{"line":253,"column":29}},"91":{"start":{"line":254,"column":6},"end":{"line":254,"column":19}},"92":{"start":{"line":257,"column":4},"end":{"line":261,"column":5}},"93":{"start":{"line":258,"column":6},"end":{"line":258,"column":49}},"94":{"start":{"line":259,"column":11},"end":{"line":261,"column":5}},"95":{"start":{"line":260,"column":6},"end":{"line":260,"column":50}},"96":{"start":{"line":263,"column":24},"end":{"line":263,"column":98}},"97":{"start":{"line":265,"column":24},"end":{"line":268,"column":5}},"98":{"start":{"line":269,"column":23},"end":{"line":269,"column":58}},"99":{"start":{"line":271,"column":4},"end":{"line":271,"column":46}},"100":{"start":{"line":272,"column":24},"end":{"line":284,"column":5}},"101":{"start":{"line":286,"column":18},"end":{"line":303,"column":7}},"102":{"start":{"line":286,"column":48},"end":{"line":303,"column":5}},"103":{"start":{"line":305,"column":4},"end":{"line":313,"column":7}},"104":{"start":{"line":315,"column":4},"end":{"line":315,"column":111}},"105":{"start":{"line":317,"column":4},"end":{"line":317,"column":45}},"106":{"start":{"line":318,"column":4},"end":{"line":318,"column":59}},"107":{"start":{"line":323,"column":0},"end":{"line":392,"column":3}},"108":{"start":{"line":324,"column":2},"end":{"line":391,"column":3}},"109":{"start":{"line":325,"column":23},"end":{"line":336,"column":5}},"110":{"start":{"line":338,"column":4},"end":{"line":340,"column":5}},"111":{"start":{"line":339,"column":6},"end":{"line":339,"column":63}},"112":{"start":{"line":342,"column":17},"end":{"line":342,"column":35}},"113":{"start":{"line":344,"column":25},"end":{"line":349,"column":5}},"114":{"start":{"line":351,"column":26},"end":{"line":359,"column":5}},"115":{"start":{"line":361,"column":4},"end":{"line":385,"column":7}},"116":{"start":{"line":387,"column":4},"end":{"line":387,"column":99}},"117":{"start":{"line":389,"column":4},"end":{"line":389,"column":52}},"118":{"start":{"line":390,"column":4},"end":{"line":390,"column":66}},"119":{"start":{"line":395,"column":0},"end":{"line":436,"column":3}},"120":{"start":{"line":396,"column":2},"end":{"line":435,"column":3}},"121":{"start":{"line":397,"column":19},"end":{"line":400,"column":5}},"122":{"start":{"line":402,"column":4},"end":{"line":404,"column":5}},"123":{"start":{"line":403,"column":6},"end":{"line":403,"column":63}},"124":{"start":{"line":406,"column":17},"end":{"line":406,"column":31}},"125":{"start":{"line":408,"column":4},"end":{"line":414,"column":6}},"126":{"start":{"line":416,"column":4},"end":{"line":416,"column":74}},"127":{"start":{"line":417,"column":4},"end":{"line":421,"column":7}},"128":{"start":{"line":423,"column":4},"end":{"line":431,"column":7}},"129":{"start":{"line":433,"column":4},"end":{"line":433,"column":47}},"130":{"start":{"line":434,"column":4},"end":{"line":434,"column":61}},"131":{"start":{"line":444,"column":0},"end":{"line":488,"column":3}},"132":{"start":{"line":445,"column":2},"end":{"line":487,"column":3}},"133":{"start":{"line":446,"column":23},"end":{"line":446,"column":31}},"134":{"start":{"line":448,"column":19},"end":{"line":451,"column":5}},"135":{"start":{"line":453,"column":4},"end":{"line":455,"column":5}},"136":{"start":{"line":454,"column":6},"end":{"line":454,"column":63}},"137":{"start":{"line":457,"column":17},"end":{"line":457,"column":31}},"138":{"start":{"line":459,"column":4},"end":{"line":465,"column":6}},"139":{"start":{"line":467,"column":4},"end":{"line":467,"column":76}},"140":{"start":{"line":468,"column":4},"end":{"line":473,"column":7}},"141":{"start":{"line":475,"column":4},"end":{"line":483,"column":7}},"142":{"start":{"line":485,"column":4},"end":{"line":485,"column":48}},"143":{"start":{"line":486,"column":4},"end":{"line":486,"column":62}},"144":{"start":{"line":491,"column":0},"end":{"line":532,"column":3}},"145":{"start":{"line":492,"column":2},"end":{"line":531,"column":3}},"146":{"start":{"line":493,"column":19},"end":{"line":496,"column":5}},"147":{"start":{"line":498,"column":4},"end":{"line":500,"column":5}},"148":{"start":{"line":499,"column":6},"end":{"line":499,"column":63}},"149":{"start":{"line":502,"column":17},"end":{"line":502,"column":31}},"150":{"start":{"line":504,"column":4},"end":{"line":510,"column":6}},"151":{"start":{"line":512,"column":4},"end":{"line":512,"column":77}},"152":{"start":{"line":513,"column":4},"end":{"line":517,"column":7}},"153":{"start":{"line":519,"column":4},"end":{"line":527,"column":7}},"154":{"start":{"line":529,"column":4},"end":{"line":529,"column":50}},"155":{"start":{"line":530,"column":4},"end":{"line":530,"column":64}},"156":{"start":{"line":535,"column":0},"end":{"line":584,"column":3}},"157":{"start":{"line":536,"column":17},"end":{"line":536,"column":37}},"158":{"start":{"line":537,"column":2},"end":{"line":583,"column":3}},"159":{"start":{"line":538,"column":4},"end":{"line":538,"column":32}},"160":{"start":{"line":540,"column":23},"end":{"line":543,"column":5}},"161":{"start":{"line":545,"column":4},"end":{"line":548,"column":5}},"162":{"start":{"line":546,"column":6},"end":{"line":546,"column":37}},"163":{"start":{"line":547,"column":6},"end":{"line":547,"column":63}},"164":{"start":{"line":550,"column":17},"end":{"line":550,"column":35}},"165":{"start":{"line":552,"column":31},"end":{"line":557,"column":5}},"166":{"start":{"line":559,"column":4},"end":{"line":564,"column":5}},"167":{"start":{"line":560,"column":6},"end":{"line":560,"column":37}},"168":{"start":{"line":561,"column":6},"end":{"line":563,"column":9}},"169":{"start":{"line":566,"column":4},"end":{"line":566,"column":75}},"170":{"start":{"line":567,"column":4},"end":{"line":567,"column":33}},"171":{"start":{"line":569,"column":4},"end":{"line":569,"column":75}},"172":{"start":{"line":570,"column":4},"end":{"line":574,"column":7}},"173":{"start":{"line":576,"column":4},"end":{"line":576,"column":55}},"174":{"start":{"line":578,"column":4},"end":{"line":578,"column":35}},"175":{"start":{"line":579,"column":4},"end":{"line":579,"column":47}},"176":{"start":{"line":580,"column":4},"end":{"line":580,"column":61}},"177":{"start":{"line":582,"column":4},"end":{"line":582,"column":21}},"178":{"start":{"line":587,"column":0},"end":{"line":681,"column":3}},"179":{"start":{"line":588,"column":2},"end":{"line":680,"column":3}},"180":{"start":{"line":589,"column":66},"end":{"line":589,"column":75}},"181":{"start":{"line":590,"column":19},"end":{"line":590,"column":57}},"182":{"start":{"line":592,"column":26},"end":{"line":592,"column":28}},"183":{"start":{"line":593,"column":22},"end":{"line":593,"column":24}},"184":{"start":{"line":594,"column":21},"end":{"line":594,"column":22}},"185":{"start":{"line":596,"column":4},"end":{"line":600,"column":5}},"186":{"start":{"line":597,"column":6},"end":{"line":597,"column":56}},"187":{"start":{"line":598,"column":6},"end":{"line":598,"column":31}},"188":{"start":{"line":599,"column":6},"end":{"line":599,"column":19}},"189":{"start":{"line":602,"column":4},"end":{"line":612,"column":5}},"190":{"start":{"line":603,"column":6},"end":{"line":609,"column":10}},"191":{"start":{"line":610,"column":6},"end":{"line":610,"column":38}},"192":{"start":{"line":611,"column":6},"end":{"line":611,"column":19}},"193":{"start":{"line":614,"column":24},"end":{"line":614,"column":98}},"194":{"start":{"line":616,"column":24},"end":{"line":621,"column":5}},"195":{"start":{"line":622,"column":23},"end":{"line":622,"column":58}},"196":{"start":{"line":624,"column":4},"end":{"line":624,"column":46}},"197":{"start":{"line":625,"column":25},"end":{"line":640,"column":5}},"198":{"start":{"line":642,"column":19},"end":{"line":664,"column":7}},"199":{"start":{"line":642,"column":51},"end":{"line":664,"column":5}},"200":{"start":{"line":666,"column":4},"end":{"line":674,"column":7}},"201":{"start":{"line":676,"column":4},"end":{"line":676,"column":115}},"202":{"start":{"line":678,"column":4},"end":{"line":678,"column":46}},"203":{"start":{"line":679,"column":4},"end":{"line":679,"column":60}},"204":{"start":{"line":684,"column":0},"end":{"line":785,"column":3}},"205":{"start":{"line":685,"column":2},"end":{"line":784,"column":3}},"206":{"start":{"line":686,"column":24},"end":{"line":701,"column":5}},"207":{"start":{"line":703,"column":4},"end":{"line":705,"column":5}},"208":{"start":{"line":704,"column":6},"end":{"line":704,"column":64}},"209":{"start":{"line":707,"column":18},"end":{"line":707,"column":37}},"210":{"start":{"line":709,"column":23},"end":{"line":717,"column":5}},"211":{"start":{"line":719,"column":34},"end":{"line":724,"column":5}},"212":{"start":{"line":726,"column":26},"end":{"line":729,"column":5}},"213":{"start":{"line":731,"column":4},"end":{"line":778,"column":7}},"214":{"start":{"line":780,"column":4},"end":{"line":780,"column":101}},"215":{"start":{"line":782,"column":4},"end":{"line":782,"column":53}},"216":{"start":{"line":783,"column":4},"end":{"line":783,"column":67}},"217":{"start":{"line":788,"column":0},"end":{"line":852,"column":3}},"218":{"start":{"line":789,"column":17},"end":{"line":789,"column":37}},"219":{"start":{"line":790,"column":2},"end":{"line":851,"column":3}},"220":{"start":{"line":791,"column":4},"end":{"line":791,"column":32}},"221":{"start":{"line":793,"column":23},"end":{"line":793,"column":31}},"222":{"start":{"line":795,"column":24},"end":{"line":798,"column":5}},"223":{"start":{"line":800,"column":4},"end":{"line":803,"column":5}},"224":{"start":{"line":801,"column":6},"end":{"line":801,"column":37}},"225":{"start":{"line":802,"column":6},"end":{"line":802,"column":64}},"226":{"start":{"line":805,"column":18},"end":{"line":805,"column":37}},"227":{"start":{"line":807,"column":4},"end":{"line":810,"column":5}},"228":{"start":{"line":808,"column":6},"end":{"line":808,"column":37}},"229":{"start":{"line":809,"column":6},"end":{"line":809,"column":99}},"230":{"start":{"line":812,"column":4},"end":{"line":815,"column":6}},"231":{"start":{"line":817,"column":4},"end":{"line":823,"column":6}},"232":{"start":{"line":825,"column":4},"end":{"line":833,"column":5}},"233":{"start":{"line":826,"column":6},"end":{"line":832,"column":8}},"234":{"start":{"line":835,"column":4},"end":{"line":835,"column":33}},"235":{"start":{"line":837,"column":4},"end":{"line":837,"column":84}},"236":{"start":{"line":838,"column":4},"end":{"line":842,"column":7}},"237":{"start":{"line":844,"column":4},"end":{"line":844,"column":58}},"238":{"start":{"line":846,"column":4},"end":{"line":846,"column":35}},"239":{"start":{"line":847,"column":4},"end":{"line":847,"column":48}},"240":{"start":{"line":848,"column":4},"end":{"line":848,"column":62}},"241":{"start":{"line":850,"column":4},"end":{"line":850,"column":21}},"242":{"start":{"line":860,"column":0},"end":{"line":971,"column":3}},"243":{"start":{"line":861,"column":2},"end":{"line":970,"column":3}},"244":{"start":{"line":862,"column":30},"end":{"line":862,"column":39}},"245":{"start":{"line":864,"column":16},"end":{"line":864,"column":26}},"246":{"start":{"line":865,"column":20},"end":{"line":865,"column":30}},"247":{"start":{"line":866,"column":4},"end":{"line":881,"column":5}},"248":{"start":{"line":868,"column":8},"end":{"line":868,"column":54}},"249":{"start":{"line":869,"column":8},"end":{"line":869,"column":14}},"250":{"start":{"line":871,"column":8},"end":{"line":871,"column":51}},"251":{"start":{"line":872,"column":8},"end":{"line":872,"column":14}},"252":{"start":{"line":874,"column":8},"end":{"line":874,"column":52}},"253":{"start":{"line":875,"column":8},"end":{"line":875,"column":14}},"254":{"start":{"line":877,"column":8},"end":{"line":877,"column":52}},"255":{"start":{"line":878,"column":8},"end":{"line":878,"column":14}},"256":{"start":{"line":880,"column":8},"end":{"line":880,"column":52}},"257":{"start":{"line":883,"column":32},"end":{"line":890,"column":5}},"258":{"start":{"line":892,"column":33},"end":{"line":899,"column":5}},"259":{"start":{"line":901,"column":34},"end":{"line":909,"column":5}},"260":{"start":{"line":911,"column":28},"end":{"line":916,"column":5}},"261":{"start":{"line":918,"column":29},"end":{"line":932,"column":5}},"262":{"start":{"line":934,"column":31},"end":{"line":943,"column":5}},"263":{"start":{"line":945,"column":4},"end":{"line":964,"column":7}},"264":{"start":{"line":952,"column":55},"end":{"line":959,"column":7}},"265":{"start":{"line":960,"column":56},"end":{"line":963,"column":7}},"266":{"start":{"line":966,"column":4},"end":{"line":966,"column":99}},"267":{"start":{"line":968,"column":4},"end":{"line":968,"column":49}},"268":{"start":{"line":969,"column":4},"end":{"line":969,"column":63}},"269":{"start":{"line":974,"column":0},"end":{"line":1049,"column":3}},"270":{"start":{"line":975,"column":2},"end":{"line":1048,"column":3}},"271":{"start":{"line":976,"column":71},"end":{"line":976,"column":80}},"272":{"start":{"line":977,"column":19},"end":{"line":977,"column":57}},"273":{"start":{"line":979,"column":26},"end":{"line":979,"column":28}},"274":{"start":{"line":980,"column":22},"end":{"line":980,"column":24}},"275":{"start":{"line":981,"column":21},"end":{"line":981,"column":22}},"276":{"start":{"line":983,"column":4},"end":{"line":987,"column":5}},"277":{"start":{"line":984,"column":6},"end":{"line":984,"column":57}},"278":{"start":{"line":985,"column":6},"end":{"line":985,"column":49}},"279":{"start":{"line":986,"column":6},"end":{"line":986,"column":19}},"280":{"start":{"line":989,"column":4},"end":{"line":993,"column":5}},"281":{"start":{"line":990,"column":6},"end":{"line":990,"column":59}},"282":{"start":{"line":991,"column":6},"end":{"line":991,"column":34}},"283":{"start":{"line":992,"column":6},"end":{"line":992,"column":19}},"284":{"start":{"line":995,"column":4},"end":{"line":999,"column":5}},"285":{"start":{"line":996,"column":6},"end":{"line":996,"column":59}},"286":{"start":{"line":997,"column":6},"end":{"line":997,"column":32}},"287":{"start":{"line":998,"column":6},"end":{"line":998,"column":19}},"288":{"start":{"line":1001,"column":24},"end":{"line":1001,"column":98}},"289":{"start":{"line":1003,"column":24},"end":{"line":1006,"column":5}},"290":{"start":{"line":1007,"column":23},"end":{"line":1007,"column":58}},"291":{"start":{"line":1009,"column":4},"end":{"line":1009,"column":46}},"292":{"start":{"line":1010,"column":23},"end":{"line":1021,"column":5}},"293":{"start":{"line":1023,"column":17},"end":{"line":1034,"column":7}},"294":{"start":{"line":1023,"column":45},"end":{"line":1034,"column":5}},"295":{"start":{"line":1036,"column":4},"end":{"line":1044,"column":7}},"296":{"start":{"line":1046,"column":4},"end":{"line":1046,"column":44}},"297":{"start":{"line":1047,"column":4},"end":{"line":1047,"column":58}},"298":{"start":{"line":1052,"column":0},"end":{"line":1084,"column":3}},"299":{"start":{"line":1053,"column":2},"end":{"line":1083,"column":3}},"300":{"start":{"line":1054,"column":34},"end":{"line":1054,"column":42}},"301":{"start":{"line":1056,"column":18},"end":{"line":1056,"column":20}},"302":{"start":{"line":1057,"column":4},"end":{"line":1059,"column":5}},"303":{"start":{"line":1058,"column":6},"end":{"line":1058,"column":36}},"304":{"start":{"line":1061,"column":26},"end":{"line":1061,"column":36}},"305":{"start":{"line":1062,"column":4},"end":{"line":1062,"column":61}},"306":{"start":{"line":1064,"column":19},"end":{"line":1067,"column":5}},"307":{"start":{"line":1069,"column":4},"end":{"line":1069,"column":83}},"308":{"start":{"line":1070,"column":4},"end":{"line":1074,"column":7}},"309":{"start":{"line":1076,"column":4},"end":{"line":1079,"column":7}},"310":{"start":{"line":1081,"column":4},"end":{"line":1081,"column":46}},"311":{"start":{"line":1082,"column":4},"end":{"line":1082,"column":60}},"312":{"start":{"line":1087,"column":0},"end":{"line":1110,"column":3}},"313":{"start":{"line":1088,"column":2},"end":{"line":1109,"column":3}},"314":{"start":{"line":1089,"column":27},"end":{"line":1091,"column":5}},"315":{"start":{"line":1093,"column":21},"end":{"line":1093,"column":23}},"316":{"start":{"line":1094,"column":4},"end":{"line":1101,"column":7}},"317":{"start":{"line":1095,"column":6},"end":{"line":1100,"column":8}},"318":{"start":{"line":1103,"column":4},"end":{"line":1103,"column":23}},"319":{"start":{"line":1105,"column":4},"end":{"line":1105,"column":88}},"320":{"start":{"line":1107,"column":4},"end":{"line":1107,"column":48}},"321":{"start":{"line":1108,"column":4},"end":{"line":1108,"column":62}},"322":{"start":{"line":1113,"column":0},"end":{"line":1141,"column":3}},"323":{"start":{"line":1114,"column":2},"end":{"line":1140,"column":3}},"324":{"start":{"line":1115,"column":22},"end":{"line":1115,"column":30}},"325":{"start":{"line":1117,"column":19},"end":{"line":1124,"column":5}},"326":{"start":{"line":1126,"column":4},"end":{"line":1126,"column":92}},"327":{"start":{"line":1127,"column":4},"end":{"line":1131,"column":7}},"328":{"start":{"line":1133,"column":4},"end":{"line":1136,"column":7}},"329":{"start":{"line":1138,"column":4},"end":{"line":1138,"column":50}},"330":{"start":{"line":1139,"column":4},"end":{"line":1139,"column":64}},"331":{"start":{"line":1144,"column":0},"end":{"line":1194,"column":3}},"332":{"start":{"line":1145,"column":17},"end":{"line":1145,"column":37}},"333":{"start":{"line":1146,"column":2},"end":{"line":1193,"column":3}},"334":{"start":{"line":1147,"column":4},"end":{"line":1147,"column":32}},"335":{"start":{"line":1149,"column":24},"end":{"line":1149,"column":32}},"336":{"start":{"line":1151,"column":4},"end":{"line":1154,"column":5}},"337":{"start":{"line":1152,"column":6},"end":{"line":1152,"column":37}},"338":{"start":{"line":1153,"column":6},"end":{"line":1153,"column":72}},"339":{"start":{"line":1156,"column":19},"end":{"line":1161,"column":5}},"340":{"start":{"line":1163,"column":4},"end":{"line":1171,"column":5}},"341":{"start":{"line":1164,"column":6},"end":{"line":1170,"column":8}},"342":{"start":{"line":1173,"column":4},"end":{"line":1173,"column":33}},"343":{"start":{"line":1175,"column":4},"end":{"line":1175,"column":84}},"344":{"start":{"line":1176,"column":4},"end":{"line":1180,"column":7}},"345":{"start":{"line":1182,"column":4},"end":{"line":1186,"column":7}},"346":{"start":{"line":1188,"column":4},"end":{"line":1188,"column":35}},"347":{"start":{"line":1189,"column":4},"end":{"line":1189,"column":47}},"348":{"start":{"line":1190,"column":4},"end":{"line":1190,"column":62}},"349":{"start":{"line":1192,"column":4},"end":{"line":1192,"column":21}},"350":{"start":{"line":1197,"column":0},"end":{"line":1233,"column":3}},"351":{"start":{"line":1198,"column":2},"end":{"line":1232,"column":3}},"352":{"start":{"line":1199,"column":21},"end":{"line":1199,"column":33}},"353":{"start":{"line":1200,"column":22},"end":{"line":1200,"column":46}},"354":{"start":{"line":1202,"column":19},"end":{"line":1202,"column":86}},"355":{"start":{"line":1203,"column":24},"end":{"line":1203,"column":26}},"356":{"start":{"line":1205,"column":4},"end":{"line":1208,"column":5}},"357":{"start":{"line":1206,"column":21},"end":{"line":1206,"column":79}},"358":{"start":{"line":1207,"column":6},"end":{"line":1207,"column":58}},"359":{"start":{"line":1210,"column":4},"end":{"line":1214,"column":6}},"360":{"start":{"line":1216,"column":4},"end":{"line":1216,"column":83}},"361":{"start":{"line":1217,"column":4},"end":{"line":1221,"column":7}},"362":{"start":{"line":1223,"column":4},"end":{"line":1228,"column":7}},"363":{"start":{"line":1230,"column":4},"end":{"line":1230,"column":49}},"364":{"start":{"line":1231,"column":4},"end":{"line":1231,"column":63}},"365":{"start":{"line":1236,"column":0},"end":{"line":1319,"column":3}},"366":{"start":{"line":1237,"column":2},"end":{"line":1318,"column":3}},"367":{"start":{"line":1238,"column":52},"end":{"line":1238,"column":61}},"368":{"start":{"line":1241,"column":4},"end":{"line":1256,"column":5}},"369":{"start":{"line":1243,"column":8},"end":{"line":1243,"column":45}},"370":{"start":{"line":1244,"column":8},"end":{"line":1244,"column":14}},"371":{"start":{"line":1246,"column":8},"end":{"line":1246,"column":34}},"372":{"start":{"line":1247,"column":8},"end":{"line":1247,"column":14}},"373":{"start":{"line":1249,"column":8},"end":{"line":1249,"column":31}},"374":{"start":{"line":1250,"column":8},"end":{"line":1250,"column":14}},"375":{"start":{"line":1252,"column":8},"end":{"line":1252,"column":31}},"376":{"start":{"line":1253,"column":8},"end":{"line":1253,"column":14}},"377":{"start":{"line":1255,"column":8},"end":{"line":1255,"column":34}},"378":{"start":{"line":1258,"column":26},"end":{"line":1258,"column":91}},"379":{"start":{"line":1259,"column":22},"end":{"line":1259,"column":24}},"380":{"start":{"line":1260,"column":21},"end":{"line":1260,"column":22}},"381":{"start":{"line":1262,"column":4},"end":{"line":1266,"column":5}},"382":{"start":{"line":1263,"column":6},"end":{"line":1263,"column":61}},"383":{"start":{"line":1264,"column":6},"end":{"line":1264,"column":34}},"384":{"start":{"line":1265,"column":6},"end":{"line":1265,"column":19}},"385":{"start":{"line":1268,"column":4},"end":{"line":1272,"column":5}},"386":{"start":{"line":1269,"column":6},"end":{"line":1269,"column":61}},"387":{"start":{"line":1270,"column":6},"end":{"line":1270,"column":32}},"388":{"start":{"line":1271,"column":6},"end":{"line":1271,"column":19}},"389":{"start":{"line":1274,"column":24},"end":{"line":1274,"column":64}},"390":{"start":{"line":1276,"column":19},"end":{"line":1289,"column":5}},"391":{"start":{"line":1291,"column":19},"end":{"line":1298,"column":7}},"392":{"start":{"line":1291,"column":43},"end":{"line":1298,"column":5}},"393":{"start":{"line":1300,"column":4},"end":{"line":1305,"column":7}},"394":{"start":{"line":1307,"column":4},"end":{"line":1314,"column":7}},"395":{"start":{"line":1310,"column":47},"end":{"line":1310,"column":65}},"396":{"start":{"line":1311,"column":48},"end":{"line":1311,"column":68}},"397":{"start":{"line":1312,"column":49},"end":{"line":1312,"column":70}},"398":{"start":{"line":1316,"column":4},"end":{"line":1316,"column":59}},"399":{"start":{"line":1317,"column":4},"end":{"line":1317,"column":65}},"400":{"start":{"line":1322,"column":26},"end":{"line":1387,"column":1}},"401":{"start":{"line":1323,"column":2},"end":{"line":1386,"column":3}},"402":{"start":{"line":1325,"column":4},"end":{"line":1336,"column":7}},"403":{"start":{"line":1339,"column":4},"end":{"line":1348,"column":7}},"404":{"start":{"line":1351,"column":4},"end":{"line":1361,"column":7}},"405":{"start":{"line":1364,"column":4},"end":{"line":1364,"column":96}},"406":{"start":{"line":1365,"column":4},"end":{"line":1365,"column":100}},"407":{"start":{"line":1366,"column":4},"end":{"line":1366,"column":95}},"408":{"start":{"line":1369,"column":4},"end":{"line":1380,"column":7}},"409":{"start":{"line":1382,"column":4},"end":{"line":1382,"column":55}},"410":{"start":{"line":1384,"column":4},"end":{"line":1384,"column":59}},"411":{"start":{"line":1385,"column":4},"end":{"line":1385,"column":16}},"412":{"start":{"line":1392,"column":0},"end":{"line":1392,"column":80}}},"fnMap":{"0":{"name":"(anonymous_0)","decl":{"start":{"line":4,"column":17},"end":{"line":4,"column":18}},"loc":{"start":{"line":4,"column":81},"end":{"line":1394,"column":1}},"line":4},"1":{"name":"(anonymous_1)","decl":{"start":{"line":7,"column":20},"end":{"line":7,"column":21}},"loc":{"start":{"line":7,"column":46},"end":{"line":32,"column":1}},"line":7},"2":{"name":"(anonymous_2)","decl":{"start":{"line":35,"column":23},"end":{"line":35,"column":24}},"loc":{"start":{"line":35,"column":86},"end":{"line":45,"column":1}},"line":35},"3":{"name":"(anonymous_3)","decl":{"start":{"line":48,"column":41},"end":{"line":48,"column":42}},"loc":{"start":{"line":48,"column":61},"end":{"line":229,"column":1}},"line":48},"4":{"name":"(anonymous_4)","decl":{"start":{"line":88,"column":35},"end":{"line":88,"column":36}},"loc":{"start":{"line":88,"column":42},"end":{"line":90,"column":5}},"line":88},"5":{"name":"(anonymous_5)","decl":{"start":{"line":110,"column":38},"end":{"line":110,"column":39}},"loc":{"start":{"line":110,"column":45},"end":{"line":116,"column":5}},"line":110},"6":{"name":"(anonymous_6)","decl":{"start":{"line":112,"column":61},"end":{"line":112,"column":62}},"loc":{"start":{"line":112,"column":66},"end":{"line":112,"column":81}},"line":112},"7":{"name":"(anonymous_7)","decl":{"start":{"line":150,"column":51},"end":{"line":150,"column":52}},"loc":{"start":{"line":150,"column":59},"end":{"line":153,"column":5}},"line":150},"8":{"name":"(anonymous_8)","decl":{"start":{"line":167,"column":49},"end":{"line":167,"column":50}},"loc":{"start":{"line":167,"column":56},"end":{"line":173,"column":5}},"line":167},"9":{"name":"(anonymous_9)","decl":{"start":{"line":232,"column":41},"end":{"line":232,"column":42}},"loc":{"start":{"line":232,"column":61},"end":{"line":320,"column":1}},"line":232},"10":{"name":"(anonymous_10)","decl":{"start":{"line":286,"column":39},"end":{"line":286,"column":40}},"loc":{"start":{"line":286,"column":48},"end":{"line":303,"column":5}},"line":286},"11":{"name":"(anonymous_11)","decl":{"start":{"line":323,"column":45},"end":{"line":323,"column":46}},"loc":{"start":{"line":323,"column":65},"end":{"line":392,"column":1}},"line":323},"12":{"name":"(anonymous_12)","decl":{"start":{"line":395,"column":53},"end":{"line":395,"column":54}},"loc":{"start":{"line":395,"column":73},"end":{"line":436,"column":1}},"line":395},"13":{"name":"(anonymous_13)","decl":{"start":{"line":444,"column":54},"end":{"line":444,"column":55}},"loc":{"start":{"line":444,"column":74},"end":{"line":488,"column":1}},"line":444},"14":{"name":"(anonymous_14)","decl":{"start":{"line":491,"column":56},"end":{"line":491,"column":57}},"loc":{"start":{"line":491,"column":76},"end":{"line":532,"column":1}},"line":491},"15":{"name":"(anonymous_15)","decl":{"start":{"line":535,"column":48},"end":{"line":535,"column":49}},"loc":{"start":{"line":535,"column":68},"end":{"line":584,"column":1}},"line":535},"16":{"name":"(anonymous_16)","decl":{"start":{"line":587,"column":42},"end":{"line":587,"column":43}},"loc":{"start":{"line":587,"column":62},"end":{"line":681,"column":1}},"line":587},"17":{"name":"(anonymous_17)","decl":{"start":{"line":642,"column":41},"end":{"line":642,"column":42}},"loc":{"start":{"line":642,"column":51},"end":{"line":664,"column":5}},"line":642},"18":{"name":"(anonymous_18)","decl":{"start":{"line":684,"column":46},"end":{"line":684,"column":47}},"loc":{"start":{"line":684,"column":66},"end":{"line":785,"column":1}},"line":684},"19":{"name":"(anonymous_19)","decl":{"start":{"line":788,"column":54},"end":{"line":788,"column":55}},"loc":{"start":{"line":788,"column":74},"end":{"line":852,"column":1}},"line":788},"20":{"name":"(anonymous_20)","decl":{"start":{"line":860,"column":57},"end":{"line":860,"column":58}},"loc":{"start":{"line":860,"column":77},"end":{"line":971,"column":1}},"line":860},"21":{"name":"(anonymous_21)","decl":{"start":{"line":952,"column":44},"end":{"line":952,"column":45}},"loc":{"start":{"line":952,"column":55},"end":{"line":959,"column":7}},"line":952},"22":{"name":"(anonymous_22)","decl":{"start":{"line":960,"column":48},"end":{"line":960,"column":49}},"loc":{"start":{"line":960,"column":56},"end":{"line":963,"column":7}},"line":960},"23":{"name":"(anonymous_23)","decl":{"start":{"line":974,"column":40},"end":{"line":974,"column":41}},"loc":{"start":{"line":974,"column":60},"end":{"line":1049,"column":1}},"line":974},"24":{"name":"(anonymous_24)","decl":{"start":{"line":1023,"column":37},"end":{"line":1023,"column":38}},"loc":{"start":{"line":1023,"column":45},"end":{"line":1034,"column":5}},"line":1023},"25":{"name":"(anonymous_25)","decl":{"start":{"line":1052,"column":49},"end":{"line":1052,"column":50}},"loc":{"start":{"line":1052,"column":69},"end":{"line":1084,"column":1}},"line":1052},"26":{"name":"(anonymous_26)","decl":{"start":{"line":1087,"column":44},"end":{"line":1087,"column":45}},"loc":{"start":{"line":1087,"column":64},"end":{"line":1110,"column":1}},"line":1087},"27":{"name":"(anonymous_27)","decl":{"start":{"line":1094,"column":32},"end":{"line":1094,"column":33}},"loc":{"start":{"line":1094,"column":39},"end":{"line":1101,"column":5}},"line":1094},"28":{"name":"(anonymous_28)","decl":{"start":{"line":1113,"column":49},"end":{"line":1113,"column":50}},"loc":{"start":{"line":1113,"column":69},"end":{"line":1141,"column":1}},"line":1113},"29":{"name":"(anonymous_29)","decl":{"start":{"line":1144,"column":54},"end":{"line":1144,"column":55}},"loc":{"start":{"line":1144,"column":74},"end":{"line":1194,"column":1}},"line":1144},"30":{"name":"(anonymous_30)","decl":{"start":{"line":1197,"column":50},"end":{"line":1197,"column":51}},"loc":{"start":{"line":1197,"column":70},"end":{"line":1233,"column":1}},"line":1197},"31":{"name":"(anonymous_31)","decl":{"start":{"line":1236,"column":51},"end":{"line":1236,"column":52}},"loc":{"start":{"line":1236,"column":71},"end":{"line":1319,"column":1}},"line":1236},"32":{"name":"(anonymous_32)","decl":{"start":{"line":1291,"column":35},"end":{"line":1291,"column":36}},"loc":{"start":{"line":1291,"column":43},"end":{"line":1298,"column":5}},"line":1291},"33":{"name":"(anonymous_33)","decl":{"start":{"line":1310,"column":35},"end":{"line":1310,"column":36}},"loc":{"start":{"line":1310,"column":47},"end":{"line":1310,"column":65}},"line":1310},"34":{"name":"(anonymous_34)","decl":{"start":{"line":1311,"column":36},"end":{"line":1311,"column":37}},"loc":{"start":{"line":1311,"column":48},"end":{"line":1311,"column":68}},"line":1311},"35":{"name":"(anonymous_35)","decl":{"start":{"line":1312,"column":37},"end":{"line":1312,"column":38}},"loc":{"start":{"line":1312,"column":49},"end":{"line":1312,"column":70}},"line":1312},"36":{"name":"(anonymous_36)","decl":{"start":{"line":1322,"column":26},"end":{"line":1322,"column":27}},"loc":{"start":{"line":1322,"column":38},"end":{"line":1387,"column":1}},"line":1322}},"branchMap":{"0":{"loc":{"start":{"line":10,"column":4},"end":{"line":10,"column":76}},"type":"if","locations":[{"start":{"line":10,"column":4},"end":{"line":10,"column":76}},{"start":{},"end":{}}],"line":10},"1":{"loc":{"start":{"line":21,"column":21},"end":{"line":21,"column":111}},"type":"binary-expr","locations":[{"start":{"line":21,"column":21},"end":{"line":21,"column":24}},{"start":{"line":21,"column":29},"end":{"line":21,"column":49}},{"start":{"line":21,"column":54},"end":{"line":21,"column":78}},{"start":{"line":21,"column":82},"end":{"line":21,"column":109}}],"line":21},"2":{"loc":{"start":{"line":22,"column":4},"end":{"line":24,"column":5}},"type":"if","locations":[{"start":{"line":22,"column":4},"end":{"line":24,"column":5}},{"start":{},"end":{}}],"line":22},"3":{"loc":{"start":{"line":22,"column":8},"end":{"line":22,"column":49}},"type":"binary-expr","locations":[{"start":{"line":22,"column":8},"end":{"line":22,"column":36}},{"start":{"line":22,"column":40},"end":{"line":22,"column":49}}],"line":22},"4":{"loc":{"start":{"line":35,"column":69},"end":{"line":35,"column":81}},"type":"default-arg","locations":[{"start":{"line":35,"column":79},"end":{"line":35,"column":81}}],"line":35},"5":{"loc":{"start":{"line":40,"column":71},"end":{"line":40,"column":94}},"type":"binary-expr","locations":[{"start":{"line":40,"column":71},"end":{"line":40,"column":81}},{"start":{"line":40,"column":85},"end":{"line":40,"column":94}}],"line":40},"6":{"loc":{"start":{"line":50,"column":12},"end":{"line":50,"column":24}},"type":"default-arg","locations":[{"start":{"line":50,"column":20},"end":{"line":50,"column":24}}],"line":50},"7":{"loc":{"start":{"line":55,"column":4},"end":{"line":70,"column":5}},"type":"switch","locations":[{"start":{"line":56,"column":6},"end":{"line":58,"column":14}},{"start":{"line":59,"column":6},"end":{"line":61,"column":14}},{"start":{"line":62,"column":6},"end":{"line":64,"column":14}},{"start":{"line":65,"column":6},"end":{"line":67,"column":14}},{"start":{"line":68,"column":6},"end":{"line":69,"column":51}}],"line":55},"8":{"loc":{"start":{"line":114,"column":15},"end":{"line":114,"column":52}},"type":"binary-expr","locations":[{"start":{"line":114,"column":15},"end":{"line":114,"column":39}},{"start":{"line":114,"column":43},"end":{"line":114,"column":52}}],"line":114},"9":{"loc":{"start":{"line":181,"column":26},"end":{"line":181,"column":80}},"type":"binary-expr","locations":[{"start":{"line":181,"column":26},"end":{"line":181,"column":75}},{"start":{"line":181,"column":79},"end":{"line":181,"column":80}}],"line":181},"10":{"loc":{"start":{"line":189,"column":27},"end":{"line":189,"column":77}},"type":"binary-expr","locations":[{"start":{"line":189,"column":27},"end":{"line":189,"column":72}},{"start":{"line":189,"column":76},"end":{"line":189,"column":77}}],"line":189},"11":{"loc":{"start":{"line":198,"column":28},"end":{"line":198,"column":84}},"type":"binary-expr","locations":[{"start":{"line":198,"column":28},"end":{"line":198,"column":79}},{"start":{"line":198,"column":83},"end":{"line":198,"column":84}}],"line":198},"12":{"loc":{"start":{"line":203,"column":22},"end":{"line":203,"column":73}},"type":"binary-expr","locations":[{"start":{"line":203,"column":22},"end":{"line":203,"column":68}},{"start":{"line":203,"column":72},"end":{"line":203,"column":73}}],"line":203},"13":{"loc":{"start":{"line":234,"column":12},"end":{"line":234,"column":20}},"type":"default-arg","locations":[{"start":{"line":234,"column":19},"end":{"line":234,"column":20}}],"line":234},"14":{"loc":{"start":{"line":234,"column":22},"end":{"line":234,"column":32}},"type":"default-arg","locations":[{"start":{"line":234,"column":30},"end":{"line":234,"column":32}}],"line":234},"15":{"loc":{"start":{"line":234,"column":34},"end":{"line":234,"column":45}},"type":"default-arg","locations":[{"start":{"line":234,"column":43},"end":{"line":234,"column":45}}],"line":234},"16":{"loc":{"start":{"line":234,"column":47},"end":{"line":234,"column":59}},"type":"default-arg","locations":[{"start":{"line":234,"column":54},"end":{"line":234,"column":59}}],"line":234},"17":{"loc":{"start":{"line":234,"column":61},"end":{"line":234,"column":75}},"type":"default-arg","locations":[{"start":{"line":234,"column":70},"end":{"line":234,"column":75}}],"line":234},"18":{"loc":{"start":{"line":241,"column":4},"end":{"line":249,"column":5}},"type":"if","locations":[{"start":{"line":241,"column":4},"end":{"line":249,"column":5}},{"start":{},"end":{}}],"line":241},"19":{"loc":{"start":{"line":251,"column":4},"end":{"line":255,"column":5}},"type":"if","locations":[{"start":{"line":251,"column":4},"end":{"line":255,"column":5}},{"start":{},"end":{}}],"line":251},"20":{"loc":{"start":{"line":257,"column":4},"end":{"line":261,"column":5}},"type":"if","locations":[{"start":{"line":257,"column":4},"end":{"line":261,"column":5}},{"start":{"line":259,"column":11},"end":{"line":261,"column":5}}],"line":257},"21":{"loc":{"start":{"line":259,"column":11},"end":{"line":261,"column":5}},"type":"if","locations":[{"start":{"line":259,"column":11},"end":{"line":261,"column":5}},{"start":{},"end":{}}],"line":259},"22":{"loc":{"start":{"line":263,"column":24},"end":{"line":263,"column":98}},"type":"cond-expr","locations":[{"start":{"line":263,"column":53},"end":{"line":263,"column":93}},{"start":{"line":263,"column":96},"end":{"line":263,"column":98}}],"line":263},"23":{"loc":{"start":{"line":338,"column":4},"end":{"line":340,"column":5}},"type":"if","locations":[{"start":{"line":338,"column":4},"end":{"line":340,"column":5}},{"start":{},"end":{}}],"line":338},"24":{"loc":{"start":{"line":380,"column":19},"end":{"line":380,"column":51}},"type":"binary-expr","locations":[{"start":{"line":380,"column":19},"end":{"line":380,"column":46}},{"start":{"line":380,"column":50},"end":{"line":380,"column":51}}],"line":380},"25":{"loc":{"start":{"line":402,"column":4},"end":{"line":404,"column":5}},"type":"if","locations":[{"start":{"line":402,"column":4},"end":{"line":404,"column":5}},{"start":{},"end":{}}],"line":402},"26":{"loc":{"start":{"line":453,"column":4},"end":{"line":455,"column":5}},"type":"if","locations":[{"start":{"line":453,"column":4},"end":{"line":455,"column":5}},{"start":{},"end":{}}],"line":453},"27":{"loc":{"start":{"line":464,"column":42},"end":{"line":464,"column":98}},"type":"cond-expr","locations":[{"start":{"line":464,"column":51},"end":{"line":464,"column":70}},{"start":{"line":464,"column":73},"end":{"line":464,"column":98}}],"line":464},"28":{"loc":{"start":{"line":498,"column":4},"end":{"line":500,"column":5}},"type":"if","locations":[{"start":{"line":498,"column":4},"end":{"line":500,"column":5}},{"start":{},"end":{}}],"line":498},"29":{"loc":{"start":{"line":545,"column":4},"end":{"line":548,"column":5}},"type":"if","locations":[{"start":{"line":545,"column":4},"end":{"line":548,"column":5}},{"start":{},"end":{}}],"line":545},"30":{"loc":{"start":{"line":559,"column":4},"end":{"line":564,"column":5}},"type":"if","locations":[{"start":{"line":559,"column":4},"end":{"line":564,"column":5}},{"start":{},"end":{}}],"line":559},"31":{"loc":{"start":{"line":589,"column":12},"end":{"line":589,"column":20}},"type":"default-arg","locations":[{"start":{"line":589,"column":19},"end":{"line":589,"column":20}}],"line":589},"32":{"loc":{"start":{"line":589,"column":22},"end":{"line":589,"column":32}},"type":"default-arg","locations":[{"start":{"line":589,"column":30},"end":{"line":589,"column":32}}],"line":589},"33":{"loc":{"start":{"line":589,"column":34},"end":{"line":589,"column":48}},"type":"default-arg","locations":[{"start":{"line":589,"column":43},"end":{"line":589,"column":48}}],"line":589},"34":{"loc":{"start":{"line":589,"column":50},"end":{"line":589,"column":61}},"type":"default-arg","locations":[{"start":{"line":589,"column":59},"end":{"line":589,"column":61}}],"line":589},"35":{"loc":{"start":{"line":596,"column":4},"end":{"line":600,"column":5}},"type":"if","locations":[{"start":{"line":596,"column":4},"end":{"line":600,"column":5}},{"start":{},"end":{}}],"line":596},"36":{"loc":{"start":{"line":602,"column":4},"end":{"line":612,"column":5}},"type":"if","locations":[{"start":{"line":602,"column":4},"end":{"line":612,"column":5}},{"start":{},"end":{}}],"line":602},"37":{"loc":{"start":{"line":614,"column":24},"end":{"line":614,"column":98}},"type":"cond-expr","locations":[{"start":{"line":614,"column":53},"end":{"line":614,"column":93}},{"start":{"line":614,"column":96},"end":{"line":614,"column":98}}],"line":614},"38":{"loc":{"start":{"line":657,"column":30},"end":{"line":657,"column":114}},"type":"cond-expr","locations":[{"start":{"line":657,"column":64},"end":{"line":657,"column":107}},{"start":{"line":657,"column":110},"end":{"line":657,"column":114}}],"line":657},"39":{"loc":{"start":{"line":703,"column":4},"end":{"line":705,"column":5}},"type":"if","locations":[{"start":{"line":703,"column":4},"end":{"line":705,"column":5}},{"start":{},"end":{}}],"line":703},"40":{"loc":{"start":{"line":750,"column":23},"end":{"line":750,"column":85}},"type":"cond-expr","locations":[{"start":{"line":750,"column":46},"end":{"line":750,"column":78}},{"start":{"line":750,"column":81},"end":{"line":750,"column":85}}],"line":750},"41":{"loc":{"start":{"line":751,"column":24},"end":{"line":751,"column":88}},"type":"cond-expr","locations":[{"start":{"line":751,"column":48},"end":{"line":751,"column":81}},{"start":{"line":751,"column":84},"end":{"line":751,"column":88}}],"line":751},"42":{"loc":{"start":{"line":761,"column":16},"end":{"line":767,"column":16}},"type":"cond-expr","locations":[{"start":{"line":761,"column":48},"end":{"line":767,"column":9}},{"start":{"line":767,"column":12},"end":{"line":767,"column":16}}],"line":761},"43":{"loc":{"start":{"line":768,"column":32},"end":{"line":768,"column":116}},"type":"cond-expr","locations":[{"start":{"line":768,"column":66},"end":{"line":768,"column":109}},{"start":{"line":768,"column":112},"end":{"line":768,"column":116}}],"line":768},"44":{"loc":{"start":{"line":777,"column":15},"end":{"line":777,"column":44}},"type":"binary-expr","locations":[{"start":{"line":777,"column":15},"end":{"line":777,"column":36}},{"start":{"line":777,"column":40},"end":{"line":777,"column":44}}],"line":777},"45":{"loc":{"start":{"line":800,"column":4},"end":{"line":803,"column":5}},"type":"if","locations":[{"start":{"line":800,"column":4},"end":{"line":803,"column":5}},{"start":{},"end":{}}],"line":800},"46":{"loc":{"start":{"line":807,"column":4},"end":{"line":810,"column":5}},"type":"if","locations":[{"start":{"line":807,"column":4},"end":{"line":810,"column":5}},{"start":{},"end":{}}],"line":807},"47":{"loc":{"start":{"line":807,"column":8},"end":{"line":807,"column":68}},"type":"binary-expr","locations":[{"start":{"line":807,"column":8},"end":{"line":807,"column":36}},{"start":{"line":807,"column":40},"end":{"line":807,"column":68}}],"line":807},"48":{"loc":{"start":{"line":822,"column":62},"end":{"line":822,"column":95}},"type":"cond-expr","locations":[{"start":{"line":822,"column":71},"end":{"line":822,"column":90}},{"start":{"line":822,"column":93},"end":{"line":822,"column":95}}],"line":822},"49":{"loc":{"start":{"line":825,"column":4},"end":{"line":833,"column":5}},"type":"if","locations":[{"start":{"line":825,"column":4},"end":{"line":833,"column":5}},{"start":{},"end":{}}],"line":825},"50":{"loc":{"start":{"line":831,"column":59},"end":{"line":831,"column":92}},"type":"cond-expr","locations":[{"start":{"line":831,"column":68},"end":{"line":831,"column":87}},{"start":{"line":831,"column":90},"end":{"line":831,"column":92}}],"line":831},"51":{"loc":{"start":{"line":862,"column":12},"end":{"line":862,"column":25}},"type":"default-arg","locations":[{"start":{"line":862,"column":20},"end":{"line":862,"column":25}}],"line":862},"52":{"loc":{"start":{"line":866,"column":4},"end":{"line":881,"column":5}},"type":"switch","locations":[{"start":{"line":867,"column":6},"end":{"line":869,"column":14}},{"start":{"line":870,"column":6},"end":{"line":872,"column":14}},{"start":{"line":873,"column":6},"end":{"line":875,"column":14}},{"start":{"line":876,"column":6},"end":{"line":878,"column":14}},{"start":{"line":879,"column":6},"end":{"line":880,"column":52}}],"line":866},"53":{"loc":{"start":{"line":947,"column":23},"end":{"line":947,"column":77}},"type":"binary-expr","locations":[{"start":{"line":947,"column":23},"end":{"line":947,"column":72}},{"start":{"line":947,"column":76},"end":{"line":947,"column":77}}],"line":947},"54":{"loc":{"start":{"line":948,"column":24},"end":{"line":948,"column":74}},"type":"binary-expr","locations":[{"start":{"line":948,"column":24},"end":{"line":948,"column":69}},{"start":{"line":948,"column":73},"end":{"line":948,"column":74}}],"line":948},"55":{"loc":{"start":{"line":949,"column":25},"end":{"line":949,"column":81}},"type":"binary-expr","locations":[{"start":{"line":949,"column":25},"end":{"line":949,"column":76}},{"start":{"line":949,"column":80},"end":{"line":949,"column":81}}],"line":949},"56":{"loc":{"start":{"line":950,"column":30},"end":{"line":950,"column":81}},"type":"binary-expr","locations":[{"start":{"line":950,"column":30},"end":{"line":950,"column":76}},{"start":{"line":950,"column":80},"end":{"line":950,"column":81}}],"line":950},"57":{"loc":{"start":{"line":976,"column":12},"end":{"line":976,"column":20}},"type":"default-arg","locations":[{"start":{"line":976,"column":19},"end":{"line":976,"column":20}}],"line":976},"58":{"loc":{"start":{"line":976,"column":22},"end":{"line":976,"column":32}},"type":"default-arg","locations":[{"start":{"line":976,"column":30},"end":{"line":976,"column":32}}],"line":976},"59":{"loc":{"start":{"line":976,"column":34},"end":{"line":976,"column":46}},"type":"default-arg","locations":[{"start":{"line":976,"column":41},"end":{"line":976,"column":46}}],"line":976},"60":{"loc":{"start":{"line":983,"column":4},"end":{"line":987,"column":5}},"type":"if","locations":[{"start":{"line":983,"column":4},"end":{"line":987,"column":5}},{"start":{},"end":{}}],"line":983},"61":{"loc":{"start":{"line":989,"column":4},"end":{"line":993,"column":5}},"type":"if","locations":[{"start":{"line":989,"column":4},"end":{"line":993,"column":5}},{"start":{},"end":{}}],"line":989},"62":{"loc":{"start":{"line":995,"column":4},"end":{"line":999,"column":5}},"type":"if","locations":[{"start":{"line":995,"column":4},"end":{"line":999,"column":5}},{"start":{},"end":{}}],"line":995},"63":{"loc":{"start":{"line":1001,"column":24},"end":{"line":1001,"column":98}},"type":"cond-expr","locations":[{"start":{"line":1001,"column":53},"end":{"line":1001,"column":93}},{"start":{"line":1001,"column":96},"end":{"line":1001,"column":98}}],"line":1001},"64":{"loc":{"start":{"line":1054,"column":12},"end":{"line":1054,"column":29}},"type":"default-arg","locations":[{"start":{"line":1054,"column":24},"end":{"line":1054,"column":29}}],"line":1054},"65":{"loc":{"start":{"line":1057,"column":4},"end":{"line":1059,"column":5}},"type":"if","locations":[{"start":{"line":1057,"column":4},"end":{"line":1059,"column":5}},{"start":{},"end":{}}],"line":1057},"66":{"loc":{"start":{"line":1151,"column":4},"end":{"line":1154,"column":5}},"type":"if","locations":[{"start":{"line":1151,"column":4},"end":{"line":1154,"column":5}},{"start":{},"end":{}}],"line":1151},"67":{"loc":{"start":{"line":1151,"column":8},"end":{"line":1151,"column":55}},"type":"binary-expr","locations":[{"start":{"line":1151,"column":8},"end":{"line":1151,"column":31}},{"start":{"line":1151,"column":35},"end":{"line":1151,"column":55}}],"line":1151},"68":{"loc":{"start":{"line":1238,"column":32},"end":{"line":1238,"column":47}},"type":"default-arg","locations":[{"start":{"line":1238,"column":42},"end":{"line":1238,"column":47}}],"line":1238},"69":{"loc":{"start":{"line":1241,"column":4},"end":{"line":1256,"column":5}},"type":"switch","locations":[{"start":{"line":1242,"column":6},"end":{"line":1244,"column":14}},{"start":{"line":1245,"column":6},"end":{"line":1247,"column":14}},{"start":{"line":1248,"column":6},"end":{"line":1250,"column":14}},{"start":{"line":1251,"column":6},"end":{"line":1253,"column":14}},{"start":{"line":1254,"column":6},"end":{"line":1255,"column":34}}],"line":1241},"70":{"loc":{"start":{"line":1262,"column":4},"end":{"line":1266,"column":5}},"type":"if","locations":[{"start":{"line":1262,"column":4},"end":{"line":1266,"column":5}},{"start":{},"end":{}}],"line":1262},"71":{"loc":{"start":{"line":1268,"column":4},"end":{"line":1272,"column":5}},"type":"if","locations":[{"start":{"line":1268,"column":4},"end":{"line":1272,"column":5}},{"start":{},"end":{}}],"line":1268},"72":{"loc":{"start":{"line":1312,"column":23},"end":{"line":1312,"column":95}},"type":"binary-expr","locations":[{"start":{"line":1312,"column":23},"end":{"line":1312,"column":90}},{"start":{"line":1312,"column":94},"end":{"line":1312,"column":95}}],"line":1312}},"s":{"0":1,"1":1,"2":0,"3":0,"4":0,"5":0,"6":0,"7":0,"8":0,"9":0,"10":0,"11":0,"12":0,"13":0,"14":0,"15":0,"16":1,"17":0,"18":0,"19":0,"20":1,"21":0,"22":0,"23":0,"24":0,"25":0,"26":0,"27":0,"28":0,"29":0,"30":0,"31":0,"32":0,"33":0,"34":0,"35":0,"36":0,"37":0,"38":0,"39":0,"40":0,"41":0,"42":0,"43":0,"44":0,"45":0,"46":0,"47":0,"48":0,"49":0,"50":0,"51":0,"52":0,"53":0,"54":0,"55":0,"56":0,"57":0,"58":0,"59":0,"60":0,"61":0,"62":0,"63":0,"64":0,"65":0,"66":0,"67":0,"68":0,"69":0,"70":0,"71":0,"72":0,"73":0,"74":0,"75":0,"76":0,"77":1,"78":0,"79":0,"80":0,"81":0,"82":0,"83":0,"84":0,"85":0,"86":0,"87":0,"88":0,"89":0,"90":0,"91":0,"92":0,"93":0,"94":0,"95":0,"96":0,"97":0,"98":0,"99":0,"100":0,"101":0,"102":0,"103":0,"104":0,"105":0,"106":0,"107":1,"108":0,"109":0,"110":0,"111":0,"112":0,"113":0,"114":0,"115":0,"116":0,"117":0,"118":0,"119":1,"120":0,"121":0,"122":0,"123":0,"124":0,"125":0,"126":0,"127":0,"128":0,"129":0,"130":0,"131":1,"132":0,"133":0,"134":0,"135":0,"136":0,"137":0,"138":0,"139":0,"140":0,"141":0,"142":0,"143":0,"144":1,"145":0,"146":0,"147":0,"148":0,"149":0,"150":0,"151":0,"152":0,"153":0,"154":0,"155":0,"156":1,"157":0,"158":0,"159":0,"160":0,"161":0,"162":0,"163":0,"164":0,"165":0,"166":0,"167":0,"168":0,"169":0,"170":0,"171":0,"172":0,"173":0,"174":0,"175":0,"176":0,"177":0,"178":1,"179":0,"180":0,"181":0,"182":0,"183":0,"184":0,"185":0,"186":0,"187":0,"188":0,"189":0,"190":0,"191":0,"192":0,"193":0,"194":0,"195":0,"196":0,"197":0,"198":0,"199":0,"200":0,"201":0,"202":0,"203":0,"204":1,"205":0,"206":0,"207":0,"208":0,"209":0,"210":0,"211":0,"212":0,"213":0,"214":0,"215":0,"216":0,"217":1,"218":0,"219":0,"220":0,"221":0,"222":0,"223":0,"224":0,"225":0,"226":0,"227":0,"228":0,"229":0,"230":0,"231":0,"232":0,"233":0,"234":0,"235":0,"236":0,"237":0,"238":0,"239":0,"240":0,"241":0,"242":1,"243":0,"244":0,"245":0,"246":0,"247":0,"248":0,"249":0,"250":0,"251":0,"252":0,"253":0,"254":0,"255":0,"256":0,"257":0,"258":0,"259":0,"260":0,"261":0,"262":0,"263":0,"264":0,"265":0,"266":0,"267":0,"268":0,"269":1,"270":0,"271":0,"272":0,"273":0,"274":0,"275":0,"276":0,"277":0,"278":0,"279":0,"280":0,"281":0,"282":0,"283":0,"284":0,"285":0,"286":0,"287":0,"288":0,"289":0,"290":0,"291":0,"292":0,"293":0,"294":0,"295":0,"296":0,"297":0,"298":1,"299":0,"300":0,"301":0,"302":0,"303":0,"304":0,"305":0,"306":0,"307":0,"308":0,"309":0,"310":0,"311":0,"312":1,"313":0,"314":0,"315":0,"316":0,"317":0,"318":0,"319":0,"320":0,"321":0,"322":1,"323":0,"324":0,"325":0,"326":0,"327":0,"328":0,"329":0,"330":0,"331":1,"332":0,"333":0,"334":0,"335":0,"336":0,"337":0,"338":0,"339":0,"340":0,"341":0,"342":0,"343":0,"344":0,"345":0,"346":0,"347":0,"348":0,"349":0,"350":1,"351":0,"352":0,"353":0,"354":0,"355":0,"356":0,"357":0,"358":0,"359":0,"360":0,"361":0,"362":0,"363":0,"364":0,"365":1,"366":0,"367":0,"368":0,"369":0,"370":0,"371":0,"372":0,"373":0,"374":0,"375":0,"376":0,"377":0,"378":0,"379":0,"380":0,"381":0,"382":0,"383":0,"384":0,"385":0,"386":0,"387":0,"388":0,"389":0,"390":0,"391":0,"392":0,"393":0,"394":0,"395":0,"396":0,"397":0,"398":0,"399":0,"400":1,"401":0,"402":0,"403":0,"404":0,"405":0,"406":0,"407":0,"408":0,"409":0,"410":0,"411":0,"412":1},"f":{"0":1,"1":0,"2":0,"3":0,"4":0,"5":0,"6":0,"7":0,"8":0,"9":0,"10":0,"11":0,"12":0,"13":0,"14":0,"15":0,"16":0,"17":0,"18":0,"19":0,"20":0,"21":0,"22":0,"23":0,"24":0,"25":0,"26":0,"27":0,"28":0,"29":0,"30":0,"31":0,"32":0,"33":0,"34":0,"35":0,"36":0},"b":{"0":[0,0],"1":[0,0,0,0],"2":[0,0],"3":[0,0],"4":[0],"5":[0,0],"6":[0],"7":[0,0,0,0,0],"8":[0,0],"9":[0,0],"10":[0,0],"11":[0,0],"12":[0,0],"13":[0],"14":[0],"15":[0],"16":[0],"17":[0],"18":[0,0],"19":[0,0],"20":[0,0],"21":[0,0],"22":[0,0],"23":[0,0],"24":[0,0],"25":[0,0],"26":[0,0],"27":[0,0],"28":[0,0],"29":[0,0],"30":[0,0],"31":[0],"32":[0],"33":[0],"34":[0],"35":[0,0],"36":[0,0],"37":[0,0],"38":[0,0],"39":[0,0],"40":[0,0],"41":[0,0],"42":[0,0],"43":[0,0],"44":[0,0],"45":[0,0],"46":[0,0],"47":[0,0],"48":[0,0],"49":[0,0],"50":[0,0],"51":[0],"52":[0,0,0,0,0],"53":[0,0],"54":[0,0],"55":[0,0],"56":[0,0],"57":[0],"58":[0],"59":[0],"60":[0,0],"61":[0,0],"62":[0,0],"63":[0,0],"64":[0],"65":[0,0],"66":[0,0],"67":[0,0],"68":[0],"69":[0,0,0,0,0],"70":[0,0],"71":[0,0],"72":[0,0]},"_coverageSchema":"1a1c01bbd47fc00a2c39e90264f33305004495a9","hash":"246ce22cd42e389bf66f42735d9ff455fa76234c"}
,"D:\\matrix-delivery\\backend\\logger.js": {"path":"D:\\matrix-delivery\\backend\\logger.js","statementMap":{"0":{"start":{"line":1,"column":16},"end":{"line":1,"column":34}},"1":{"start":{"line":2,"column":24},"end":{"line":2,"column":60}},"2":{"start":{"line":3,"column":13},"end":{"line":3,"column":28}},"3":{"start":{"line":6,"column":15},"end":{"line":12,"column":1}},"4":{"start":{"line":15,"column":15},"end":{"line":21,"column":1}},"5":{"start":{"line":24,"column":0},"end":{"line":24,"column":26}},"6":{"start":{"line":27,"column":15},"end":{"line":32,"column":1}},"7":{"start":{"line":35,"column":19},"end":{"line":104,"column":1}},"8":{"start":{"line":44,"column":22},"end":{"line":44,"column":90}},"9":{"start":{"line":45,"column":8},"end":{"line":45,"column":63}},"10":{"start":{"line":107,"column":15},"end":{"line":113,"column":2}},"11":{"start":{"line":116,"column":11},"end":{"line":116,"column":24}},"12":{"start":{"line":117,"column":16},"end":{"line":117,"column":44}},"13":{"start":{"line":118,"column":0},"end":{"line":120,"column":1}},"14":{"start":{"line":119,"column":2},"end":{"line":119,"column":45}},"15":{"start":{"line":123,"column":0},"end":{"line":125,"column":2}},"16":{"start":{"line":124,"column":2},"end":{"line":124,"column":75}},"17":{"start":{"line":127,"column":0},"end":{"line":129,"column":2}},"18":{"start":{"line":128,"column":2},"end":{"line":128,"column":67}},"19":{"start":{"line":131,"column":0},"end":{"line":133,"column":2}},"20":{"start":{"line":132,"column":2},"end":{"line":132,"column":71}},"21":{"start":{"line":135,"column":0},"end":{"line":137,"column":2}},"22":{"start":{"line":136,"column":2},"end":{"line":136,"column":73}},"23":{"start":{"line":139,"column":0},"end":{"line":141,"column":2}},"24":{"start":{"line":140,"column":2},"end":{"line":140,"column":69}},"25":{"start":{"line":143,"column":0},"end":{"line":145,"column":2}},"26":{"start":{"line":144,"column":2},"end":{"line":144,"column":67}},"27":{"start":{"line":147,"column":0},"end":{"line":149,"column":2}},"28":{"start":{"line":148,"column":2},"end":{"line":148,"column":73}},"29":{"start":{"line":151,"column":0},"end":{"line":153,"column":2}},"30":{"start":{"line":152,"column":2},"end":{"line":152,"column":72}},"31":{"start":{"line":156,"column":0},"end":{"line":186,"column":2}},"32":{"start":{"line":157,"column":16},"end":{"line":157,"column":26}},"33":{"start":{"line":160,"column":2},"end":{"line":166,"column":5}},"34":{"start":{"line":169,"column":2},"end":{"line":183,"column":5}},"35":{"start":{"line":170,"column":21},"end":{"line":170,"column":39}},"36":{"start":{"line":171,"column":23},"end":{"line":171,"column":37}},"37":{"start":{"line":172,"column":18},"end":{"line":172,"column":53}},"38":{"start":{"line":174,"column":4},"end":{"line":182,"column":7}},"39":{"start":{"line":185,"column":2},"end":{"line":185,"column":9}},"40":{"start":{"line":189,"column":0},"end":{"line":199,"column":2}},"41":{"start":{"line":190,"column":2},"end":{"line":197,"column":5}},"42":{"start":{"line":198,"column":2},"end":{"line":198,"column":12}},"43":{"start":{"line":201,"column":0},"end":{"line":201,"column":24}}},"fnMap":{"0":{"name":"(anonymous_0)","decl":{"start":{"line":43,"column":28},"end":{"line":43,"column":29}},"loc":{"start":{"line":43,"column":72},"end":{"line":46,"column":7}},"line":43},"1":{"name":"(anonymous_1)","decl":{"start":{"line":123,"column":14},"end":{"line":123,"column":15}},"loc":{"start":{"line":123,"column":38},"end":{"line":125,"column":1}},"line":123},"2":{"name":"(anonymous_2)","decl":{"start":{"line":127,"column":15},"end":{"line":127,"column":16}},"loc":{"start":{"line":127,"column":39},"end":{"line":129,"column":1}},"line":127},"3":{"name":"(anonymous_3)","decl":{"start":{"line":131,"column":17},"end":{"line":131,"column":18}},"loc":{"start":{"line":131,"column":41},"end":{"line":133,"column":1}},"line":131},"4":{"name":"(anonymous_4)","decl":{"start":{"line":135,"column":18},"end":{"line":135,"column":19}},"loc":{"start":{"line":135,"column":42},"end":{"line":137,"column":1}},"line":135},"5":{"name":"(anonymous_5)","decl":{"start":{"line":139,"column":16},"end":{"line":139,"column":17}},"loc":{"start":{"line":139,"column":40},"end":{"line":141,"column":1}},"line":139},"6":{"name":"(anonymous_6)","decl":{"start":{"line":143,"column":15},"end":{"line":143,"column":16}},"loc":{"start":{"line":143,"column":39},"end":{"line":145,"column":1}},"line":143},"7":{"name":"(anonymous_7)","decl":{"start":{"line":147,"column":18},"end":{"line":147,"column":19}},"loc":{"start":{"line":147,"column":42},"end":{"line":149,"column":1}},"line":147},"8":{"name":"(anonymous_8)","decl":{"start":{"line":151,"column":21},"end":{"line":151,"column":22}},"loc":{"start":{"line":151,"column":45},"end":{"line":153,"column":1}},"line":151},"9":{"name":"(anonymous_9)","decl":{"start":{"line":156,"column":23},"end":{"line":156,"column":24}},"loc":{"start":{"line":156,"column":43},"end":{"line":186,"column":1}},"line":156},"10":{"name":"(anonymous_10)","decl":{"start":{"line":169,"column":19},"end":{"line":169,"column":20}},"loc":{"start":{"line":169,"column":25},"end":{"line":183,"column":3}},"line":169},"11":{"name":"(anonymous_11)","decl":{"start":{"line":189,"column":21},"end":{"line":189,"column":22}},"loc":{"start":{"line":189,"column":46},"end":{"line":199,"column":1}},"line":189}},"branchMap":{"0":{"loc":{"start":{"line":38,"column":11},"end":{"line":38,"column":43}},"type":"binary-expr","locations":[{"start":{"line":38,"column":11},"end":{"line":38,"column":32}},{"start":{"line":38,"column":36},"end":{"line":38,"column":43}}],"line":38},"1":{"loc":{"start":{"line":44,"column":22},"end":{"line":44,"column":90}},"type":"cond-expr","locations":[{"start":{"line":44,"column":49},"end":{"line":44,"column":85}},{"start":{"line":44,"column":88},"end":{"line":44,"column":90}}],"line":44},"2":{"loc":{"start":{"line":108,"column":9},"end":{"line":108,"column":40}},"type":"binary-expr","locations":[{"start":{"line":108,"column":9},"end":{"line":108,"column":30}},{"start":{"line":108,"column":34},"end":{"line":108,"column":40}}],"line":108},"3":{"loc":{"start":{"line":118,"column":0},"end":{"line":120,"column":1}},"type":"if","locations":[{"start":{"line":118,"column":0},"end":{"line":120,"column":1}},{"start":{},"end":{}}],"line":118},"4":{"loc":{"start":{"line":123,"column":24},"end":{"line":123,"column":33}},"type":"default-arg","locations":[{"start":{"line":123,"column":31},"end":{"line":123,"column":33}}],"line":123},"5":{"loc":{"start":{"line":127,"column":25},"end":{"line":127,"column":34}},"type":"default-arg","locations":[{"start":{"line":127,"column":32},"end":{"line":127,"column":34}}],"line":127},"6":{"loc":{"start":{"line":131,"column":27},"end":{"line":131,"column":36}},"type":"default-arg","locations":[{"start":{"line":131,"column":34},"end":{"line":131,"column":36}}],"line":131},"7":{"loc":{"start":{"line":135,"column":28},"end":{"line":135,"column":37}},"type":"default-arg","locations":[{"start":{"line":135,"column":35},"end":{"line":135,"column":37}}],"line":135},"8":{"loc":{"start":{"line":139,"column":26},"end":{"line":139,"column":35}},"type":"default-arg","locations":[{"start":{"line":139,"column":33},"end":{"line":139,"column":35}}],"line":139},"9":{"loc":{"start":{"line":143,"column":25},"end":{"line":143,"column":34}},"type":"default-arg","locations":[{"start":{"line":143,"column":32},"end":{"line":143,"column":34}}],"line":143},"10":{"loc":{"start":{"line":147,"column":28},"end":{"line":147,"column":37}},"type":"default-arg","locations":[{"start":{"line":147,"column":35},"end":{"line":147,"column":37}}],"line":147},"11":{"loc":{"start":{"line":151,"column":31},"end":{"line":151,"column":40}},"type":"default-arg","locations":[{"start":{"line":151,"column":38},"end":{"line":151,"column":40}}],"line":151},"12":{"loc":{"start":{"line":172,"column":18},"end":{"line":172,"column":53}},"type":"cond-expr","locations":[{"start":{"line":172,"column":38},"end":{"line":172,"column":44}},{"start":{"line":172,"column":47},"end":{"line":172,"column":53}}],"line":172}},"s":{"0":1,"1":1,"2":1,"3":1,"4":1,"5":1,"6":1,"7":1,"8":4,"9":4,"10":1,"11":1,"12":1,"13":1,"14":0,"15":1,"16":0,"17":1,"18":0,"19":1,"20":0,"21":1,"22":0,"23":1,"24":0,"25":1,"26":0,"27":1,"28":0,"29":1,"30":0,"31":1,"32":0,"33":0,"34":0,"35":0,"36":0,"37":0,"38":0,"39":0,"40":1,"41":0,"42":0,"43":1},"f":{"0":4,"1":0,"2":0,"3":0,"4":0,"5":0,"6":0,"7":0,"8":0,"9":0,"10":0,"11":0},"b":{"0":[1,0],"1":[4,0],"2":[1,0],"3":[0,1],"4":[0],"5":[0],"6":[0],"7":[0],"8":[0],"9":[0],"10":[0],"11":[0],"12":[0,0]},"_coverageSchema":"1a1c01bbd47fc00a2c39e90264f33305004495a9","hash":"4377e98def99c4052042ab62bb3ade689e812268"}
,"D:\\matrix-delivery\\backend\\map-location-picker-backend.js": {"path":"D:\\matrix-delivery\\backend\\map-location-picker-backend.js","statementMap":{"0":{"start":{"line":4,"column":15},"end":{"line":4,"column":34}},"1":{"start":{"line":7,"column":19},"end":{"line":9,"column":1}},"2":{"start":{"line":8,"column":2},"end":{"line":8,"column":73}},"3":{"start":{"line":11,"column":28},"end":{"line":13,"column":1}},"4":{"start":{"line":12,"column":2},"end":{"line":12,"column":29}},"5":{"start":{"line":16,"column":26},"end":{"line":25,"column":1}},"6":{"start":{"line":17,"column":12},"end":{"line":17,"column":16}},"7":{"start":{"line":18,"column":15},"end":{"line":18,"column":44}},"8":{"start":{"line":19,"column":15},"end":{"line":19,"column":44}},"9":{"start":{"line":20,"column":12},"end":{"line":22,"column":43}},"10":{"start":{"line":23,"column":12},"end":{"line":23,"column":58}},"11":{"start":{"line":24,"column":2},"end":{"line":24,"column":15}},"12":{"start":{"line":28,"column":25},"end":{"line":39,"column":1}},"13":{"start":{"line":29,"column":17},"end":{"line":36,"column":3}},"14":{"start":{"line":37,"column":16},"end":{"line":37,"column":41}},"15":{"start":{"line":38,"column":2},"end":{"line":38,"column":46}},"16":{"start":{"line":42,"column":21},"end":{"line":46,"column":1}},"17":{"start":{"line":43,"column":25},"end":{"line":43,"column":101}},"18":{"start":{"line":44,"column":23},"end":{"line":44,"column":60}},"19":{"start":{"line":45,"column":2},"end":{"line":45,"column":72}},"20":{"start":{"line":45,"column":40},"end":{"line":45,"column":70}},"21":{"start":{"line":49,"column":29},"end":{"line":51,"column":1}},"22":{"start":{"line":50,"column":2},"end":{"line":50,"column":43}},"23":{"start":{"line":54,"column":27},"end":{"line":84,"column":1}},"24":{"start":{"line":55,"column":2},"end":{"line":83,"column":3}},"25":{"start":{"line":60,"column":4},"end":{"line":60,"column":26}},"26":{"start":{"line":60,"column":14},"end":{"line":60,"column":26}},"27":{"start":{"line":63,"column":19},"end":{"line":63,"column":65}},"28":{"start":{"line":64,"column":4},"end":{"line":69,"column":5}},"29":{"start":{"line":65,"column":6},"end":{"line":68,"column":8}},"30":{"start":{"line":72,"column":20},"end":{"line":72,"column":61}},"31":{"start":{"line":73,"column":4},"end":{"line":78,"column":5}},"32":{"start":{"line":74,"column":6},"end":{"line":77,"column":8}},"33":{"start":{"line":80,"column":4},"end":{"line":80,"column":16}},"34":{"start":{"line":82,"column":4},"end":{"line":82,"column":16}},"35":{"start":{"line":87,"column":0},"end":{"line":761,"column":2}},"36":{"start":{"line":91,"column":2},"end":{"line":136,"column":5}},"37":{"start":{"line":92,"column":4},"end":{"line":135,"column":5}},"38":{"start":{"line":93,"column":27},"end":{"line":93,"column":36}},"39":{"start":{"line":95,"column":6},"end":{"line":97,"column":7}},"40":{"start":{"line":96,"column":8},"end":{"line":96,"column":86}},"41":{"start":{"line":99,"column":27},"end":{"line":99,"column":123}},"42":{"start":{"line":101,"column":23},"end":{"line":103,"column":8}},"43":{"start":{"line":105,"column":6},"end":{"line":107,"column":7}},"44":{"start":{"line":106,"column":8},"end":{"line":106,"column":67}},"45":{"start":{"line":109,"column":19},"end":{"line":109,"column":40}},"46":{"start":{"line":111,"column":6},"end":{"line":113,"column":7}},"47":{"start":{"line":112,"column":8},"end":{"line":112,"column":69}},"48":{"start":{"line":116,"column":21},"end":{"line":129,"column":7}},"49":{"start":{"line":131,"column":6},"end":{"line":131,"column":23}},"50":{"start":{"line":133,"column":6},"end":{"line":133,"column":55}},"51":{"start":{"line":134,"column":6},"end":{"line":134,"column":76}},"52":{"start":{"line":139,"column":2},"end":{"line":191,"column":5}},"53":{"start":{"line":140,"column":4},"end":{"line":190,"column":5}},"54":{"start":{"line":141,"column":56},"end":{"line":141,"column":65}},"55":{"start":{"line":143,"column":6},"end":{"line":145,"column":7}},"56":{"start":{"line":144,"column":8},"end":{"line":144,"column":94}},"57":{"start":{"line":148,"column":27},"end":{"line":148,"column":72}},"58":{"start":{"line":149,"column":26},"end":{"line":149,"column":49}},"59":{"start":{"line":152,"column":27},"end":{"line":152,"column":128}},"60":{"start":{"line":154,"column":23},"end":{"line":156,"column":8}},"61":{"start":{"line":158,"column":6},"end":{"line":160,"column":7}},"62":{"start":{"line":159,"column":8},"end":{"line":159,"column":67}},"63":{"start":{"line":162,"column":19},"end":{"line":162,"column":40}},"64":{"start":{"line":164,"column":6},"end":{"line":166,"column":7}},"65":{"start":{"line":165,"column":8},"end":{"line":165,"column":84}},"66":{"start":{"line":169,"column":22},"end":{"line":182,"column":9}},"67":{"start":{"line":169,"column":40},"end":{"line":182,"column":7}},"68":{"start":{"line":185,"column":25},"end":{"line":185,"column":35}},"69":{"start":{"line":186,"column":6},"end":{"line":186,"column":27}},"70":{"start":{"line":188,"column":6},"end":{"line":188,"column":55}},"71":{"start":{"line":189,"column":6},"end":{"line":189,"column":67}},"72":{"start":{"line":194,"column":2},"end":{"line":234,"column":5}},"73":{"start":{"line":195,"column":4},"end":{"line":233,"column":5}},"74":{"start":{"line":196,"column":22},"end":{"line":196,"column":30}},"75":{"start":{"line":198,"column":6},"end":{"line":200,"column":7}},"76":{"start":{"line":199,"column":8},"end":{"line":199,"column":66}},"77":{"start":{"line":202,"column":21},"end":{"line":202,"column":44}},"78":{"start":{"line":204,"column":6},"end":{"line":206,"column":7}},"79":{"start":{"line":205,"column":8},"end":{"line":205,"column":81}},"80":{"start":{"line":209,"column":27},"end":{"line":209,"column":137}},"81":{"start":{"line":211,"column":23},"end":{"line":213,"column":8}},"82":{"start":{"line":215,"column":19},"end":{"line":215,"column":40}},"83":{"start":{"line":217,"column":6},"end":{"line":229,"column":9}},"84":{"start":{"line":231,"column":6},"end":{"line":231,"column":47}},"85":{"start":{"line":232,"column":6},"end":{"line":232,"column":73}},"86":{"start":{"line":237,"column":2},"end":{"line":330,"column":5}},"87":{"start":{"line":238,"column":4},"end":{"line":329,"column":5}},"88":{"start":{"line":239,"column":35},"end":{"line":239,"column":43}},"89":{"start":{"line":241,"column":6},"end":{"line":243,"column":7}},"90":{"start":{"line":242,"column":8},"end":{"line":242,"column":95}},"91":{"start":{"line":246,"column":31},"end":{"line":249,"column":7}},"92":{"start":{"line":252,"column":26},"end":{"line":252,"column":42}},"93":{"start":{"line":253,"column":26},"end":{"line":253,"column":30}},"94":{"start":{"line":254,"column":26},"end":{"line":254,"column":30}},"95":{"start":{"line":255,"column":24},"end":{"line":255,"column":29}},"96":{"start":{"line":257,"column":6},"end":{"line":287,"column":7}},"97":{"start":{"line":259,"column":27},"end":{"line":259,"column":90}},"98":{"start":{"line":260,"column":24},"end":{"line":260,"column":150}},"99":{"start":{"line":262,"column":8},"end":{"line":262,"column":114}},"100":{"start":{"line":264,"column":29},"end":{"line":264,"column":49}},"101":{"start":{"line":266,"column":8},"end":{"line":282,"column":9}},"102":{"start":{"line":267,"column":27},"end":{"line":267,"column":52}},"103":{"start":{"line":269,"column":10},"end":{"line":279,"column":11}},"104":{"start":{"line":270,"column":26},"end":{"line":270,"column":44}},"105":{"start":{"line":271,"column":12},"end":{"line":271,"column":50}},"106":{"start":{"line":272,"column":12},"end":{"line":272,"column":48}},"107":{"start":{"line":273,"column":12},"end":{"line":273,"column":43}},"108":{"start":{"line":274,"column":12},"end":{"line":274,"column":31}},"109":{"start":{"line":276,"column":12},"end":{"line":276,"column":112}},"110":{"start":{"line":278,"column":12},"end":{"line":278,"column":68}},"111":{"start":{"line":281,"column":10},"end":{"line":281,"column":70}},"112":{"start":{"line":284,"column":8},"end":{"line":284,"column":94}},"113":{"start":{"line":286,"column":8},"end":{"line":286,"column":47}},"114":{"start":{"line":290,"column":24},"end":{"line":316,"column":7}},"115":{"start":{"line":318,"column":6},"end":{"line":325,"column":9}},"116":{"start":{"line":327,"column":6},"end":{"line":327,"column":55}},"117":{"start":{"line":328,"column":6},"end":{"line":328,"column":67}},"118":{"start":{"line":333,"column":2},"end":{"line":360,"column":5}},"119":{"start":{"line":334,"column":4},"end":{"line":359,"column":5}},"120":{"start":{"line":335,"column":6},"end":{"line":337,"column":7}},"121":{"start":{"line":336,"column":8},"end":{"line":336,"column":94}},"122":{"start":{"line":339,"column":21},"end":{"line":342,"column":7}},"123":{"start":{"line":344,"column":6},"end":{"line":353,"column":7}},"124":{"start":{"line":346,"column":29},"end":{"line":351,"column":9}},"125":{"start":{"line":352,"column":8},"end":{"line":352,"column":46}},"126":{"start":{"line":355,"column":6},"end":{"line":355,"column":31}},"127":{"start":{"line":357,"column":6},"end":{"line":357,"column":53}},"128":{"start":{"line":358,"column":6},"end":{"line":358,"column":67}},"129":{"start":{"line":362,"column":2},"end":{"line":393,"column":5}},"130":{"start":{"line":363,"column":4},"end":{"line":392,"column":5}},"131":{"start":{"line":364,"column":6},"end":{"line":366,"column":7}},"132":{"start":{"line":365,"column":8},"end":{"line":365,"column":94}},"133":{"start":{"line":368,"column":77},"end":{"line":368,"column":85}},"134":{"start":{"line":370,"column":21},"end":{"line":386,"column":7}},"135":{"start":{"line":388,"column":6},"end":{"line":388,"column":31}},"136":{"start":{"line":390,"column":6},"end":{"line":390,"column":56}},"137":{"start":{"line":391,"column":6},"end":{"line":391,"column":70}},"138":{"start":{"line":397,"column":2},"end":{"line":597,"column":5}},"139":{"start":{"line":398,"column":22},"end":{"line":398,"column":32}},"140":{"start":{"line":400,"column":4},"end":{"line":405,"column":7}},"141":{"start":{"line":407,"column":4},"end":{"line":596,"column":5}},"142":{"start":{"line":413,"column":10},"end":{"line":413,"column":18}},"143":{"start":{"line":415,"column":6},"end":{"line":415,"column":29}},"144":{"start":{"line":418,"column":6},"end":{"line":420,"column":7}},"145":{"start":{"line":419,"column":8},"end":{"line":419,"column":79}},"146":{"start":{"line":422,"column":6},"end":{"line":424,"column":7}},"147":{"start":{"line":423,"column":8},"end":{"line":423,"column":79}},"148":{"start":{"line":427,"column":6},"end":{"line":429,"column":7}},"149":{"start":{"line":428,"column":8},"end":{"line":428,"column":95}},"150":{"start":{"line":432,"column":25},"end":{"line":432,"column":74}},"151":{"start":{"line":433,"column":26},"end":{"line":433,"column":77}},"152":{"start":{"line":436,"column":33},"end":{"line":445,"column":23}},"153":{"start":{"line":447,"column":34},"end":{"line":456,"column":23}},"154":{"start":{"line":458,"column":28},"end":{"line":458,"column":57}},"155":{"start":{"line":459,"column":29},"end":{"line":459,"column":59}},"156":{"start":{"line":461,"column":22},"end":{"line":461,"column":34}},"157":{"start":{"line":462,"column":26},"end":{"line":462,"column":47}},"158":{"start":{"line":465,"column":23},"end":{"line":465,"column":76}},"159":{"start":{"line":466,"column":30},"end":{"line":469,"column":7}},"160":{"start":{"line":471,"column":21},"end":{"line":503,"column":7}},"161":{"start":{"line":505,"column":20},"end":{"line":505,"column":34}},"162":{"start":{"line":506,"column":23},"end":{"line":506,"column":45}},"163":{"start":{"line":508,"column":6},"end":{"line":520,"column":9}},"164":{"start":{"line":522,"column":6},"end":{"line":562,"column":9}},"165":{"start":{"line":564,"column":23},"end":{"line":564,"column":45}},"166":{"start":{"line":567,"column":6},"end":{"line":580,"column":9}},"167":{"start":{"line":582,"column":6},"end":{"line":590,"column":9}},"168":{"start":{"line":592,"column":6},"end":{"line":595,"column":9}},"169":{"start":{"line":601,"column":28},"end":{"line":603,"column":3}},"170":{"start":{"line":602,"column":4},"end":{"line":602,"column":60}},"171":{"start":{"line":606,"column":2},"end":{"line":758,"column":5}},"172":{"start":{"line":607,"column":4},"end":{"line":757,"column":5}},"173":{"start":{"line":610,"column":6},"end":{"line":694,"column":7}},"174":{"start":{"line":612,"column":8},"end":{"line":630,"column":57}},"175":{"start":{"line":631,"column":8},"end":{"line":631,"column":35}},"176":{"start":{"line":632,"column":13},"end":{"line":694,"column":7}},"177":{"start":{"line":634,"column":8},"end":{"line":665,"column":8}},"178":{"start":{"line":666,"column":8},"end":{"line":666,"column":35}},"179":{"start":{"line":667,"column":13},"end":{"line":694,"column":7}},"180":{"start":{"line":669,"column":8},"end":{"line":692,"column":43}},"181":{"start":{"line":693,"column":8},"end":{"line":693,"column":20}},"182":{"start":{"line":696,"column":21},"end":{"line":696,"column":52}},"183":{"start":{"line":698,"column":21},"end":{"line":751,"column":9}},"184":{"start":{"line":698,"column":47},"end":{"line":751,"column":7}},"185":{"start":{"line":753,"column":6},"end":{"line":753,"column":23}},"186":{"start":{"line":755,"column":6},"end":{"line":755,"column":48}},"187":{"start":{"line":756,"column":6},"end":{"line":756,"column":62}}},"fnMap":{"0":{"name":"(anonymous_0)","decl":{"start":{"line":7,"column":19},"end":{"line":7,"column":20}},"loc":{"start":{"line":7,"column":25},"end":{"line":9,"column":1}},"line":7},"1":{"name":"(anonymous_1)","decl":{"start":{"line":11,"column":28},"end":{"line":11,"column":29}}
[...]
,"D:\\matrix-delivery\\backend\\routes\\drivers.js": {"path":"D:\\matrix-delivery\\backend\\routes\\drivers.js","statementMap":{"0":{"start":{"line":1,"column":16},"end":{"line":1,"column":34}},"1":{"start":{"line":2,"column":17},"end":{"line":2,"column":30}},"2":{"start":{"line":3,"column":37},"end":{"line":3,"column":66}},"3":{"start":{"line":4,"column":25},"end":{"line":4,"column":59}},"4":{"start":{"line":5,"column":15},"end":{"line":5,"column":35}},"5":{"start":{"line":6,"column":31},"end":{"line":6,"column":51}},"6":{"start":{"line":9,"column":16},"end":{"line":9,"column":46}},"7":{"start":{"line":10,"column":0},"end":{"line":10,"column":44}},"8":{"start":{"line":12,"column":16},"end":{"line":12,"column":85}},"9":{"start":{"line":15,"column":13},"end":{"line":24,"column":2}},"10":{"start":{"line":26,"column":15},"end":{"line":26,"column":31}},"11":{"start":{"line":29,"column":0},"end":{"line":76,"column":3}},"12":{"start":{"line":30,"column":2},"end":{"line":75,"column":3}},"13":{"start":{"line":31,"column":24},"end":{"line":31,"column":34}},"14":{"start":{"line":32,"column":21},"end":{"line":32,"column":36}},"15":{"start":{"line":35,"column":23},"end":{"line":38,"column":5}},"16":{"start":{"line":40,"column":4},"end":{"line":42,"column":5}},"17":{"start":{"line":41,"column":6},"end":{"line":41,"column":64}},"18":{"start":{"line":44,"column":18},"end":{"line":44,"column":36}},"19":{"start":{"line":45,"column":4},"end":{"line":47,"column":5}},"20":{"start":{"line":46,"column":6},"end":{"line":46,"column":82}},"21":{"start":{"line":50,"column":4},"end":{"line":53,"column":6}},"22":{"start":{"line":55,"column":4},"end":{"line":59,"column":7}},"23":{"start":{"line":61,"column":4},"end":{"line":66,"column":7}},"24":{"start":{"line":69,"column":4},"end":{"line":73,"column":7}},"25":{"start":{"line":74,"column":4},"end":{"line":74,"column":81}},"26":{"start":{"line":79,"column":0},"end":{"line":132,"column":3}},"27":{"start":{"line":80,"column":2},"end":{"line":131,"column":3}},"28":{"start":{"line":81,"column":24},"end":{"line":81,"column":34}},"29":{"start":{"line":82,"column":21},"end":{"line":82,"column":36}},"30":{"start":{"line":85,"column":23},"end":{"line":88,"column":5}},"31":{"start":{"line":90,"column":4},"end":{"line":92,"column":5}},"32":{"start":{"line":91,"column":6},"end":{"line":91,"column":64}},"33":{"start":{"line":94,"column":18},"end":{"line":94,"column":36}},"34":{"start":{"line":95,"column":4},"end":{"line":97,"column":5}},"35":{"start":{"line":96,"column":6},"end":{"line":96,"column":82}},"36":{"start":{"line":100,"column":4},"end":{"line":103,"column":6}},"37":{"start":{"line":106,"column":4},"end":{"line":109,"column":6}},"38":{"start":{"line":111,"column":4},"end":{"line":115,"column":7}},"39":{"start":{"line":117,"column":4},"end":{"line":122,"column":7}},"40":{"start":{"line":125,"column":4},"end":{"line":129,"column":7}},"41":{"start":{"line":130,"column":4},"end":{"line":130,"column":80}},"42":{"start":{"line":135,"column":0},"end":{"line":188,"column":3}},"43":{"start":{"line":136,"column":2},"end":{"line":187,"column":3}},"44":{"start":{"line":137,"column":24},"end":{"line":137,"column":34}},"45":{"start":{"line":138,"column":19},"end":{"line":138,"column":34}},"46":{"start":{"line":139,"column":21},"end":{"line":139,"column":34}},"47":{"start":{"line":142,"column":23},"end":{"line":145,"column":5}},"48":{"start":{"line":147,"column":4},"end":{"line":149,"column":5}},"49":{"start":{"line":148,"column":6},"end":{"line":148,"column":64}},"50":{"start":{"line":151,"column":18},"end":{"line":151,"column":36}},"51":{"start":{"line":152,"column":4},"end":{"line":154,"column":5}},"52":{"start":{"line":153,"column":6},"end":{"line":153,"column":89}},"53":{"start":{"line":157,"column":27},"end":{"line":164,"column":5}},"54":{"start":{"line":166,"column":4},"end":{"line":178,"column":7}},"55":{"start":{"line":181,"column":4},"end":{"line":185,"column":7}},"56":{"start":{"line":186,"column":4},"end":{"line":186,"column":86}},"57":{"start":{"line":191,"column":0},"end":{"line":221,"column":3}},"58":{"start":{"line":192,"column":2},"end":{"line":220,"column":3}},"59":{"start":{"line":193,"column":25},"end":{"line":193,"column":33}},"60":{"start":{"line":195,"column":4},"end":{"line":197,"column":5}},"61":{"start":{"line":196,"column":6},"end":{"line":196,"column":81}},"62":{"start":{"line":202,"column":4},"end":{"line":206,"column":7}},"63":{"start":{"line":208,"column":4},"end":{"line":212,"column":7}},"64":{"start":{"line":215,"column":4},"end":{"line":218,"column":7}},"65":{"start":{"line":219,"column":4},"end":{"line":219,"column":87}},"66":{"start":{"line":224,"column":0},"end":{"line":336,"column":3}},"67":{"start":{"line":225,"column":2},"end":{"line":335,"column":3}},"68":{"start":{"line":226,"column":24},"end":{"line":226,"column":34}},"69":{"start":{"line":227,"column":71},"end":{"line":227,"column":79}},"70":{"start":{"line":228,"column":21},"end":{"line":228,"column":36}},"71":{"start":{"line":230,"column":4},"end":{"line":232,"column":5}},"72":{"start":{"line":231,"column":6},"end":{"line":231,"column":84}},"73":{"start":{"line":234,"column":4},"end":{"line":236,"column":5}},"74":{"start":{"line":235,"column":6},"end":{"line":235,"column":87}},"75":{"start":{"line":238,"column":4},"end":{"line":240,"column":5}},"76":{"start":{"line":239,"column":6},"end":{"line":239,"column":85}},"77":{"start":{"line":243,"column":23},"end":{"line":246,"column":5}},"78":{"start":{"line":248,"column":4},"end":{"line":250,"column":5}},"79":{"start":{"line":249,"column":6},"end":{"line":249,"column":64}},"80":{"start":{"line":252,"column":18},"end":{"line":252,"column":36}},"81":{"start":{"line":253,"column":4},"end":{"line":255,"column":5}},"82":{"start":{"line":254,"column":6},"end":{"line":254,"column":82}},"83":{"start":{"line":257,"column":4},"end":{"line":259,"column":5}},"84":{"start":{"line":258,"column":6},"end":{"line":258,"column":86}},"85":{"start":{"line":262,"column":19},"end":{"line":276,"column":5}},"86":{"start":{"line":278,"column":25},"end":{"line":278,"column":39}},"87":{"start":{"line":281,"column":4},"end":{"line":304,"column":5}},"88":{"start":{"line":282,"column":6},"end":{"line":298,"column":7}},"89":{"start":{"line":283,"column":8},"end":{"line":291,"column":11}},"90":{"start":{"line":292,"column":8},"end":{"line":297,"column":11}},"91":{"start":{"line":300,"column":6},"end":{"line":303,"column":9}},"92":{"start":{"line":306,"column":4},"end":{"line":312,"column":7}},"93":{"start":{"line":314,"column":4},"end":{"line":326,"column":7}},"94":{"start":{"line":329,"column":4},"end":{"line":333,"column":7}},"95":{"start":{"line":334,"column":4},"end":{"line":334,"column":82}},"96":{"start":{"line":339,"column":0},"end":{"line":360,"column":3}},"97":{"start":{"line":340,"column":2},"end":{"line":359,"column":3}},"98":{"start":{"line":342,"column":21},"end":{"line":346,"column":5}},"99":{"start":{"line":348,"column":4},"end":{"line":351,"column":7}},"100":{"start":{"line":354,"column":4},"end":{"line":357,"column":7}},"101":{"start":{"line":358,"column":4},"end":{"line":358,"column":79}},"102":{"start":{"line":362,"column":0},"end":{"line":362,"column":24}}},"fnMap":{"0":{"name":"(anonymous_0)","decl":{"start":{"line":29,"column":90},"end":{"line":29,"column":91}},"loc":{"start":{"line":29,"column":110},"end":{"line":76,"column":1}},"line":29},"1":{"name":"(anonymous_1)","decl":{"start":{"line":79,"column":89},"end":{"line":79,"column":90}},"loc":{"start":{"line":79,"column":109},"end":{"line":132,"column":1}},"line":79},"2":{"name":"(anonymous_2)","decl":{"start":{"line":135,"column":53},"end":{"line":135,"column":54}},"loc":{"start":{"line":135,"column":73},"end":{"line":188,"column":1}},"line":135},"3":{"name":"(anonymous_3)","decl":{"start":{"line":191,"column":73},"end":{"line":191,"column":74}},"loc":{"start":{"line":191,"column":93},"end":{"line":221,"column":1}},"line":191},"4":{"name":"(anonymous_4)","decl":{"start":{"line":224,"column":84},"end":{"line":224,"column":85}},"loc":{"start":{"line":224,"column":104},"end":{"line":336,"column":1}},"line":224},"5":{"name":"(anonymous_5)","decl":{"start":{"line":339,"column":60},"end":{"line":339,"column":61}},"loc":{"start":{"line":339,"column":80},"end":{"line":360,"column":1}},"line":339}},"branchMap":{"0":{"loc":{"start":{"line":9,"column":16},"end":{"line":9,"column":46}},"type":"binary-expr","locations":[{"start":{"line":9,"column":16},"end":{"line":9,"column":36}},{"start":{"line":9,"column":40},"end":{"line":9,"column":46}}],"line":9},"1":{"loc":{"start":{"line":12,"column":16},"end":{"line":12,"column":85}},"type":"binary-expr","locations":[{"start":{"line":12,"column":16},"end":{"line":12,"column":47}},{"start":{"line":12,"column":51},"end":{"line":12,"column":85}}],"line":12},"2":{"loc":{"start":{"line":16,"column":8},"end":{"line":16,"column":42}},"type":"binary-expr","locations":[{"start":{"line":16,"column":8},"end":{"line":16,"column":27}},{"start":{"line":16,"column":31},"end":{"line":16,"column":42}}],"line":16},"3":{"loc":{"start":{"line":17,"column":8},"end":{"line":17,"column":35}},"type":"binary-expr","locations":[{"start":{"line":17,"column":8},"end":{"line":17,"column":27}},{"start":{"line":17,"column":31},"end":{"line":17,"column":35}}],"line":17},"4":{"loc":{"start":{"line":18,"column":12},"end":{"line":18,"column":119}},"type":"cond-expr","locations":[{"start":{"line":18,"column":23},"end":{"line":18,"column":73}},{"start":{"line":18,"column":78},"end":{"line":18,"column":118}}],"line":18},"5":{"loc":{"start":{"line":18,"column":23},"end":{"line":18,"column":73}},"type":"binary-expr","locations":[{"start":{"line":18,"column":23},"end":{"line":18,"column":47}},{"start":{"line":18,"column":51},"end":{"line":18,"column":73}}],"line":18},"6":{"loc":{"start":{"line":18,"column":78},"end":{"line":18,"column":118}},"type":"binary-expr","locations":[{"start":{"line":18,"column":78},"end":{"line":18,"column":97}},{"start":{"line":18,"column":101},"end":{"line":18,"column":118}}],"line":18},"7":{"loc":{"start":{"line":19,"column":8},"end":{"line":19,"column":41}},"type":"binary-expr","locations":[{"start":{"line":19,"column":8},"end":{"line":19,"column":27}},{"start":{"line":19,"column":31},"end":{"line":19,"column":41}}],"line":19},"8":{"loc":{"start":{"line":20,"column":12},"end":{"line":20,"column":49}},"type":"binary-expr","locations":[{"start":{"line":20,"column":12},"end":{"line":20,"column":35}},{"start":{"line":20,"column":39},"end":{"line":20,"column":49}}],"line":20},"9":{"loc":{"start":{"line":40,"column":4},"end":{"line":42,"column":5}},"type":"if","locations":[{"start":{"line":40,"column":4},"end":{"line":42,"column":5}},{"start":{},"end":{}}],"line":40},"10":{"loc":{"start":{"line":45,"column":4},"end":{"line":47,"column":5}},"type":"if","locations":[{"start":{"line":45,"column":4},"end":{"line":47,"column":5}},{"start":{},"end":{}}],"line":45},"11":{"loc":{"start":{"line":74,"column":34},"end":{"line":74,"column":77}},"type":"binary-expr","locations":[{"start":{"line":74,"column":34},"end":{"line":74,"column":47}},{"start":{"line":74,"column":51},"end":{"line":74,"column":77}}],"line":74},"12":{"loc":{"start":{"line":90,"column":4},"end":{"line":92,"column":5}},"type":"if","locations":[{"start":{"line":90,"column":4},"end":{"line":92,"column":5}},{"start":{},"end":{}}],"line":90},"13":{"loc":{"start":{"line":95,"column":4},"end":{"line":97,"column":5}},"type":"if","locations":[{"start":{"line":95,"column":4},"end":{"line":97,"column":5}},{"start":{},"end":{}}],"line":95},"14":{"loc":{"start":{"line":130,"column":34},"end":{"line":130,"column":76}},"type":"binary-expr","locations":[{"start":{"line":130,"column":34},"end":{"line":130,"column":47}},{"start":{"line":130,"column":51},"end":{"line":130,"column":76}}],"line":130},"15":{"loc":{"start":{"line":147,"column":4},"end":{"line":149,"column":5}},"type":"if","locations":[{"start":{"line":147,"column":4},"end":{"line":149,"column":5}},{"start":{},"end":{}}],"line":147},"16":{"loc":{"start":{"line":152,"column":4},"end":{"line":154,"column":5}},"type":"if","locations":[{"start":{"line":152,"column":4},"end":{"line":154,"column":5}},{"start":{},"end":{}}],"line":152},"17":{"loc":{"start":{"line":152,"column":8},"end":{"line":152,"column":75}},"type":"binary-expr","locations":[{"start":{"line":152,"column":8},"end":{"line":152,"column":36}},{"start":{"line":152,"column":40},"end":{"line":152,"column":75}}],"line":152},"18":{"loc":{"start":{"line":168,"column":22},"end":{"line":168,"column":68}},"type":"binary-expr","locations":[{"start":{"line":168,"column":22},"end":{"line":168,"column":51}},{"start":{"line":168,"column":55},"end":{"line":168,"column":68}}],"line":168},"19":{"loc":{"start":{"line":169,"column":23},"end":{"line":177,"column":14}},"type":"cond-expr","locations":[{"start":{"line":169,"column":56},"end":{"line":177,"column":7}},{"start":{"line":177,"column":10},"end":{"line":177,"column":14}}],"line":169},"20":{"loc":{"start":{"line":186,"column":34},"end":{"line":186,"column":82}},"type":"binary-expr","locations":[{"start":{"line":186,"column":34},"end":{"line":186,"column":47}},{"start":{"line":186,"column":51},"end":{"line":186,"column":82}}],"line":186},"21":{"loc":{"start":{"line":195,"column":4},"end":{"line":197,"column":5}},"type":"if","locations":[{"start":{"line":195,"column":4},"end":{"line":197,"column":5}},{"start":{},"end":{}}],"line":195},"22":{"loc":{"start":{"line":210,"column":25},"end":{"line":210,"column":66}},"type":"cond-expr","locations":[{"start":{"line":210,"column":36},"end":{"line":210,"column":49}},{"start":{"line":210,"column":52},"end":{"line":210,"column":66}}],"line":210},"23":{"loc":{"start":{"line":219,"column":34},"end":{"line":219,"column":83}},"type":"binary-expr","locations":[{"start":{"line":219,"column":34},"end":{"line":219,"column":47}},{"start":{"line":219,"column":51},"end":{"line":219,"column":83}}],"line":219},"24":{"loc":{"start":{"line":230,"column":4},"end":{"line":232,"column":5}},"type":"if","locations":[{"start":{"line":230,"column":4},"end":{"line":232,"column":5}},{"start":{},"end":{}}],"line":230},"25":{"loc":{"start":{"line":230,"column":8},"end":{"line":230,"column":57}},"type":"binary-expr","locations":[{"start":{"line":230,"column":8},"end":{"line":230,"column":30}},{"start":{"line":230,"column":34},"end":{"line":230,"column":57}}],"line":230},"26":{"loc":{"start":{"line":234,"column":4},"end":{"line":236,"column":5}},"type":"if","locations":[{"start":{"line":234,"column":4},"end":{"line":236,"column":5}},{"start":{},"end":{}}],"line":234},"27":{"loc":{"start":{"line":234,"column":8},"end":{"line":234,"column":69}},"type":"binary-expr","locations":[{"start":{"line":234,"column":8},"end":{"line":234,"column":36}},{"start":{"line":234,"column":40},"end":{"line":234,"column":69}}],"line":234},"28":{"loc":{"start":{"line":238,"column":4},"end":{"line":240,"column":5}},"type":"if","locations":[{"start":{"line":238,"column":4},"end":{"line":240,"column":5}},{"start":{},"end":{}}],"line":238},"29":{"loc":{"start":{"line":238,"column":8},"end":{"line":238,"column":78}},"type":"binary-expr","locations":[{"start":{"line":238,"column":8},"end":{"line":238,"column":22}},{"start":{"line":238,"column":26},"end":{"line":238,"column":39}},{"start":{"line":238,"column":43},"end":{"line":238,"column":59}},{"start":{"line":238,"column":63},"end":{"line":238,"column":78}}],"line":238},"30":{"loc":{"start":{"line":248,"column":4},"end":{"line":250,"column":5}},"type":"if","locations":[{"start":{"line":248,"column":4},"end":{"line":250,"column":5}},{"start":{},"end":{}}],"line":248},"31":{"loc":{"start":{"line":253,"column":4},"end":{"line":255,"column":5}},"type":"if","locations":[{"start":{"line":253,"column":4},"end":{"line":255,"column":5}},{"start":{},"end":{}}],"line":253},"32":{"loc":{"start":{"line":257,"column":4},"end":{"line":259,"column":5}},"type":"if","locations":[{"start":{"line":257,"column":4},"end":{"line":259,"column":5}},{"start":{},"end":{}}],"line":257},"33":{"loc":{"start":{"line":272,"column":8},"end":{"line":272,"column":44}},"type":"cond-expr","locations":[{"start":{"line":272,"column":18},"end":{"line":272,"column":37}},{"start":{"line":272,"column":40},"end":{"line":272,"column":44}}],"line":272},"34":{"loc":{"start":{"line":273,"column":8},"end":{"line":273,"column":46}},"type":"cond-expr","locations":[{"start":{"line":273,"column":19},"end":{"line":273,"column":39}},{"start":{"line":273,"column":42},"end":{"line":273,"column":46}}],"line":273},"35":{"loc":{"start":{"line":274,"column":8},"end":{"line":274,"column":58}},"type":"cond-expr","locations":[{"start":{"line":274,"column":25},"end":{"line":274,"column":51}},{"start":{"line":274,"column":54},"end":{"line":274,"column":58}}],"line":274},"36":{"loc":{"start":{"line":282,"column":6},"end":{"line":298,"column":7}},"type":"if","locations":[{"start":{"line":282,"column":6},"end":{"line":298,"column":7}},{"start":{},"end":{}}],"line":282},"37":{"loc":{"start":{"line":334,"column":34},"end":{"line":334,"column":78}},"type":"binary-expr","locations":[{"start":{"line":334,"column":34},"end":{"line":334,"column":47}},{"start":{"line":334,"column":51},"end":{"line":334,"column":78}}],"line":334},"38":{"loc":{"start":{"line":358,"column":34},"end":{"line":358,"column":75}},"type":"binary-expr","locations":[{"start":{"line":358,"column":34},"end":{"line":358,"column":47}},{"start":{"line":358,"column":51},"end":{"line":358,"column":75}}],"line":358}},"s":{"0":1,"1":1,"2":1,"3":1,"4":1,"5":1,"6":1,"7":1,"8":1,"9":1,"10":1,"11":1,"12":0,"13":0,"14":0,"15":0,"16":0,"17":0,"18":0,"19":0,"20":0,"21":0,"22":0,"23":0,"24":0,"25":0,"26":1,"27":0,"28":0,"29":0,"30":0,"31":0,"32":0,"33":0,"34":0,"35":0,"36":0,"37":0,"38":0,"39":0,"40":0,"41":0,"42":1,"43":0,"44":0,"45":0,"46":0,"47":0,"48":0,"49":0,"50":0,"51":0,"52":0,"53":0,"54":0,"55":0,"56":0,"57":1,"58":0,"59":0,"60":0,"61":0,"62":0,"63":0,"64":0,"65":0,"66":1,"67":0,"68":0,"69":0,"70":0,"71":0,"72":0,"73":0,"74":0,"75":0,"76":0,"77":0,"78":0,"79":0,"80":0,"81":0,"82":0,"83":0,"84":0,"85":0,"86":0,"87":0,"88":0,"89":0,"90":0,"91":0,"92":0,"93":0,"94":0,"95":0,"96":1,"97":0,"98":0,"99":0,"100":0,"101":0,"102":1},"f":{"0":0,"1":0,"2":0,"3":0,"4":0,"5":0},"b":{"0":[1,1],"1":[1,0],"2":[1,0],"3":[1,0],"4":[1,0],"5":[1,1],"6":[0,0],"7":[1,0],"8":[1,0],"9":[0,0],"10":[0,0],"11":[0,0],"12":[0,0],"13":[0,0],"14":[0,0],"15":[0,0],"16":[0,0],"17":[0,0],"18":[0,0],"19":[0,0],"20":[0,0],"21":[0,0],"22":[0,0],"23":[0,0],"24":[0,0],"25":[0,0],"26":[0,0],"27":[0,0],"28":[0,0],"29":[0,0,0,0],"30":[0,0],"31":[0,0],"32":[0,0],"33":[0,0],"34":[0,0],"35":[0,0],"36":[0,0],"37":[0,0],"38":[0,0]},"_coverageSchema":"1a1c01bbd47fc00a2c39e90264f33305004495a9","hash":"b4c0f15033ece145fe3c04812b8a333650ffd49b"}
}
