TN:
SF:config\constants.js
FNF:0
FNH:0
DA:6,2
DA:10,2
DA:18,2
DA:48,2
DA:58,2
DA:65,2
DA:75,2
DA:82,2
LF:8
LH:8
BRF:0
BRH:0
end_of_record
TN:
SF:utils\cache.js
FN:19,(anonymous_0)
FN:31,(anonymous_1)
FN:44,(anonymous_2)
FN:62,(anonymous_3)
FN:75,(anonymous_4)
FN:103,(anonymous_5)
FNF:6
FNH:6
FNDA:3,(anonymous_0)
FNDA:4,(anonymous_1)
FNDA:4,(anonymous_2)
FNDA:4,(anonymous_3)
FNDA:4,(anonymous_4)
FNDA:3,(anonymous_5)
DA:5,1
DA:8,1
DA:19,1
DA:20,3
DA:21,3
DA:22,1
DA:24,2
DA:31,1
DA:32,4
DA:44,1
DA:45,4
DA:46,4
DA:47,1
DA:49,3
DA:50,2
DA:52,3
DA:62,1
DA:63,4
DA:75,1
DA:76,4
DA:77,4
DA:81,3
DA:82,1
DA:84,2
DA:85,2
DA:86,1
DA:87,1
DA:89,1
DA:91,1
DA:92,1
DA:103,1
DA:104,3
DA:105,3
DA:106,3
DA:114,1
DA:118,1
LF:36
LH:36
BRDA:21,0,0,1
BRDA:21,0,1,2
BRDA:21,1,0,3
BRDA:21,1,1,2
BRDA:46,2,0,1
BRDA:46,2,1,3
BRDA:46,3,0,4
BRDA:46,3,1,3
BRDA:49,4,0,2
BRDA:49,4,1,1
BRDA:81,5,0,1
BRDA:81,5,1,2
BRDA:85,6,0,1
BRDA:85,6,1,1
BRF:14
BRH:14
end_of_record
TN:
SF:utils\generators.js
FN:9,(anonymous_0)
FN:17,(anonymous_1)
FNF:2
FNH:2
FNDA:105,(anonymous_0)
FNDA:6,(anonymous_1)
DA:9,1
DA:10,105
DA:17,1
DA:18,6
DA:19,6
DA:20,6
DA:23,1
LF:7
LH:7
BRF:0
BRH:0
end_of_record
TN:
SF:utils\sanitizers.js
FN:11,(anonymous_0)
FN:22,(anonymous_1)
FN:34,(anonymous_2)
FNF:3
FNH:3
FNDA:61,(anonymous_0)
FNDA:10,(anonymous_1)
FNDA:29,(anonymous_2)
DA:11,2
DA:12,61
DA:13,50
DA:22,2
DA:23,10
DA:24,7
DA:34,2
DA:35,29
DA:36,29
DA:37,20
DA:40,2
LF:11
LH:11
BRDA:11,0,0,11
BRDA:12,1,0,11
BRDA:12,1,1,50
BRDA:22,2,0,9
BRDA:23,3,0,3
BRDA:23,3,1,7
BRDA:34,4,0,21
BRDA:34,5,0,21
BRDA:36,6,0,9
BRDA:36,6,1,20
BRDA:36,7,0,29
BRDA:36,7,1,25
BRDA:36,7,2,22
BRF:13
BRH:13
end_of_record
TN:
SF:utils\validators.js
FN:12,(anonymous_0)
FN:22,(anonymous_1)
FN:32,(anonymous_2)
FN:43,(anonymous_3)
FNF:4
FNH:4
FNDA:17,(anonymous_0)
FNDA:14,(anonymous_1)
FNDA:18,(anonymous_2)
FNDA:17,(anonymous_3)
DA:5,1
DA:12,1
DA:13,17
DA:14,17
DA:22,1
DA:23,14
DA:24,14
DA:32,1
DA:33,18
DA:35,18
DA:43,1
DA:44,17
DA:45,17
DA:48,1
LF:14
LH:14
BRDA:24,0,0,14
BRDA:24,0,1,11
BRDA:35,1,0,18
BRDA:35,1,1,12
BRF:4
BRH:4
end_of_record
