TN:
SF:admin-panel.js
FN:4,(anonymous_0)
FN:7,(anonymous_1)
FN:35,(anonymous_2)
FN:48,(anonymous_3)
FN:88,(anonymous_4)
FN:110,(anonymous_5)
FN:112,(anonymous_6)
FN:150,(anonymous_7)
FN:167,(anonymous_8)
FN:232,(anonymous_9)
FN:286,(anonymous_10)
FN:323,(anonymous_11)
FN:395,(anonymous_12)
FN:444,(anonymous_13)
FN:491,(anonymous_14)
FN:535,(anonymous_15)
FN:587,(anonymous_16)
FN:642,(anonymous_17)
FN:684,(anonymous_18)
FN:788,(anonymous_19)
FN:860,(anonymous_20)
FN:952,(anonymous_21)
FN:960,(anonymous_22)
FN:974,(anonymous_23)
FN:1023,(anonymous_24)
FN:1052,(anonymous_25)
FN:1087,(anonymous_26)
FN:1094,(anonymous_27)
FN:1113,(anonymous_28)
FN:1144,(anonymous_29)
FN:1197,(anonymous_30)
FN:1236,(anonymous_31)
FN:1291,(anonymous_32)
FN:1310,(anonymous_33)
FN:1311,(anonymous_34)
FN:1312,(anonymous_35)
FN:1322,(anonymous_36)
FNF:37
FNH:1
FNDA:1,(anonymous_0)
FNDA:0,(anonymous_1)
FNDA:0,(anonymous_2)
FNDA:0,(anonymous_3)
FNDA:0,(anonymous_4)
FNDA:0,(anonymous_5)
FNDA:0,(anonymous_6)
FNDA:0,(anonymous_7)
FNDA:0,(anonymous_8)
FNDA:0,(anonymous_9)
FNDA:0,(anonymous_10)
FNDA:0,(anonymous_11)
FNDA:0,(anonymous_12)
FNDA:0,(anonymous_13)
FNDA:0,(anonymous_14)
FNDA:0,(anonymous_15)
FNDA:0,(anonymous_16)
FNDA:0,(anonymous_17)
FNDA:0,(anonymous_18)
FNDA:0,(anonymous_19)
FNDA:0,(anonymous_20)
FNDA:0,(anonymous_21)
FNDA:0,(anonymous_22)
FNDA:0,(anonymous_23)
FNDA:0,(anonymous_24)
FNDA:0,(anonymous_25)
FNDA:0,(anonymous_26)
FNDA:0,(anonymous_27)
FNDA:0,(anonymous_28)
FNDA:0,(anonymous_29)
FNDA:0,(anonymous_30)
FNDA:0,(anonymous_31)
FNDA:0,(anonymous_32)
FNDA:0,(anonymous_33)
FNDA:0,(anonymous_34)
FNDA:0,(anonymous_35)
FNDA:0,(anonymous_36)
DA:4,1
DA:7,1
DA:8,0
DA:9,0
DA:10,0
DA:12,0
DA:15,0
DA:20,0
DA:21,0
DA:22,0
DA:23,0
DA:26,0
DA:27,0
DA:29,0
DA:30,0
DA:35,1
DA:36,0
DA:37,0
DA:43,0
DA:48,1
DA:49,0
DA:50,0
DA:53,0
DA:54,0
DA:55,0
DA:57,0
DA:58,0
DA:60,0
DA:61,0
DA:63,0
DA:64,0
DA:66,0
DA:67,0
DA:69,0
DA:73,0
DA:74,0
DA:77,0
DA:81,0
DA:84,0
DA:87,0
DA:88,0
DA:89,0
DA:93,0
DA:94,0
DA:97,0
DA:100,0
DA:101,0
DA:110,0
DA:111,0
DA:112,0
DA:119,0
DA:123,0
DA:126,0
DA:129,0
DA:132,0
DA:136,0
DA:139,0
DA:150,0
DA:156,0
DA:166,0
DA:167,0
DA:168,0
DA:169,0
DA:176,0
DA:181,0
DA:183,0
DA:189,0
DA:191,0
DA:198,0
DA:200,0
DA:203,0
DA:205,0
DA:224,0
DA:226,0
DA:227,0
DA:232,1
DA:233,0
DA:234,0
DA:235,0
DA:237,0
DA:238,0
DA:239,0
DA:241,0
DA:242,0
DA:247,0
DA:248,0
DA:251,0
DA:252,0
DA:253,0
DA:254,0
DA:257,0
DA:258,0
DA:259,0
DA:260,0
DA:263,0
DA:265,0
DA:269,0
DA:271,0
DA:272,0
DA:286,0
DA:305,0
DA:315,0
DA:317,0
DA:318,0
DA:323,1
DA:324,0
DA:325,0
DA:338,0
DA:339,0
DA:342,0
DA:344,0
DA:351,0
DA:361,0
DA:387,0
DA:389,0
DA:390,0
DA:395,1
DA:396,0
DA:397,0
DA:402,0
DA:403,0
DA:406,0
DA:408,0
DA:416,0
DA:417,0
DA:423,0
DA:433,0
DA:434,0
DA:444,1
DA:445,0
DA:446,0
DA:448,0
DA:453,0
DA:454,0
DA:457,0
DA:459,0
DA:467,0
DA:468,0
DA:475,0
DA:485,0
DA:486,0
DA:491,1
DA:492,0
DA:493,0
DA:498,0
DA:499,0
DA:502,0
DA:504,0
DA:512,0
DA:513,0
DA:519,0
DA:529,0
DA:530,0
DA:535,1
DA:536,0
DA:537,0
DA:538,0
DA:540,0
DA:545,0
DA:546,0
DA:547,0
DA:550,0
DA:552,0
DA:559,0
DA:560,0
DA:561,0
DA:566,0
DA:567,0
DA:569,0
DA:570,0
DA:576,0
DA:578,0
DA:579,0
DA:580,0
DA:582,0
DA:587,1
DA:588,0
DA:589,0
DA:590,0
DA:592,0
DA:593,0
DA:594,0
DA:596,0
DA:597,0
DA:598,0
DA:599,0
DA:602,0
DA:603,0
DA:610,0
DA:611,0
DA:614,0
DA:616,0
DA:622,0
DA:624,0
DA:625,0
DA:642,0
DA:666,0
DA:676,0
DA:678,0
DA:679,0
DA:684,1
DA:685,0
DA:686,0
DA:703,0
DA:704,0
DA:707,0
DA:709,0
DA:719,0
DA:726,0
DA:731,0
DA:780,0
DA:782,0
DA:783,0
DA:788,1
DA:789,0
DA:790,0
DA:791,0
DA:793,0
DA:795,0
DA:800,0
DA:801,0
DA:802,0
DA:805,0
DA:807,0
DA:808,0
DA:809,0
DA:812,0
DA:817,0
DA:825,0
DA:826,0
DA:835,0
DA:837,0
DA:838,0
DA:844,0
DA:846,0
DA:847,0
DA:848,0
DA:850,0
DA:860,1
DA:861,0
DA:862,0
DA:864,0
DA:865,0
DA:866,0
DA:868,0
DA:869,0
DA:871,0
DA:872,0
DA:874,0
DA:875,0
DA:877,0
DA:878,0
DA:880,0
DA:883,0
DA:892,0
DA:901,0
DA:911,0
DA:918,0
DA:934,0
DA:945,0
DA:952,0
DA:960,0
DA:966,0
DA:968,0
DA:969,0
DA:974,1
DA:975,0
DA:976,0
DA:977,0
DA:979,0
DA:980,0
DA:981,0
DA:983,0
DA:984,0
DA:985,0
DA:986,0
DA:989,0
DA:990,0
DA:991,0
DA:992,0
DA:995,0
DA:996,0
DA:997,0
DA:998,0
DA:1001,0
DA:1003,0
DA:1007,0
DA:1009,0
DA:1010,0
DA:1023,0
DA:1036,0
DA:1046,0
DA:1047,0
DA:1052,1
DA:1053,0
DA:1054,0
DA:1056,0
DA:1057,0
DA:1058,0
DA:1061,0
DA:1062,0
DA:1064,0
DA:1069,0
DA:1070,0
DA:1076,0
DA:1081,0
DA:1082,0
DA:1087,1
DA:1088,0
DA:1089,0
DA:1093,0
DA:1094,0
DA:1095,0
DA:1103,0
DA:1105,0
DA:1107,0
DA:1108,0
DA:1113,1
DA:1114,0
DA:1115,0
DA:1117,0
DA:1126,0
DA:1127,0
DA:1133,0
DA:1138,0
DA:1139,0
DA:1144,1
DA:1145,0
DA:1146,0
DA:1147,0
DA:1149,0
DA:1151,0
DA:1152,0
DA:1153,0
DA:1156,0
DA:1163,0
DA:1164,0
DA:1173,0
DA:1175,0
DA:1176,0
DA:1182,0
DA:1188,0
DA:1189,0
DA:1190,0
DA:1192,0
DA:1197,1
DA:1198,0
DA:1199,0
DA:1200,0
DA:1202,0
DA:1203,0
DA:1205,0
DA:1206,0
DA:1207,0
DA:1210,0
DA:1216,0
DA:1217,0
DA:1223,0
DA:1230,0
DA:1231,0
DA:1236,1
DA:1237,0
DA:1238,0
DA:1241,0
DA:1243,0
DA:1244,0
DA:1246,0
DA:1247,0
DA:1249,0
DA:1250,0
DA:1252,0
DA:1253,0
DA:1255,0
DA:1258,0
DA:1259,0
DA:1260,0
DA:1262,0
DA:1263,0
DA:1264,0
DA:1265,0
DA:1268,0
DA:1269,0
DA:1270,0
DA:1271,0
DA:1274,0
DA:1276,0
DA:1291,0
DA:1300,0
DA:1307,0
DA:1310,0
DA:1311,0
DA:1312,0
DA:1316,0
DA:1317,0
DA:1322,1
DA:1323,0
DA:1325,0
DA:1339,0
DA:1351,0
DA:1364,0
DA:1365,0
DA:1366,0
DA:1369,0
DA:1382,0
DA:1384,0
DA:1385,0
DA:1392,1
LF:407
LH:23
BRDA:10,0,0,0
BRDA:10,0,1,0
BRDA:21,1,0,0
BRDA:21,1,1,0
BRDA:21,1,2,0
BRDA:21,1,3,0
BRDA:22,2,0,0
BRDA:22,2,1,0
BRDA:22,3,0,0
BRDA:22,3,1,0
BRDA:35,4,0,0
BRDA:40,5,0,0
BRDA:40,5,1,0
BRDA:50,6,0,0
BRDA:55,7,0,0
BRDA:55,7,1,0
BRDA:55,7,2,0
BRDA:55,7,3,0
BRDA:55,7,4,0
BRDA:114,8,0,0
BRDA:114,8,1,0
BRDA:181,9,0,0
BRDA:181,9,1,0
BRDA:189,10,0,0
BRDA:189,10,1,0
BRDA:198,11,0,0
BRDA:198,11,1,0
BRDA:203,12,0,0
BRDA:203,12,1,0
BRDA:234,13,0,0
BRDA:234,14,0,0
BRDA:234,15,0,0
BRDA:234,16,0,0
BRDA:234,17,0,0
BRDA:241,18,0,0
BRDA:241,18,1,0
BRDA:251,19,0,0
BRDA:251,19,1,0
BRDA:257,20,0,0
BRDA:257,20,1,0
BRDA:259,21,0,0
BRDA:259,21,1,0
BRDA:263,22,0,0
BRDA:263,22,1,0
BRDA:338,23,0,0
BRDA:338,23,1,0
BRDA:380,24,0,0
BRDA:380,24,1,0
BRDA:402,25,0,0
BRDA:402,25,1,0
BRDA:453,26,0,0
BRDA:453,26,1,0
BRDA:464,27,0,0
BRDA:464,27,1,0
BRDA:498,28,0,0
BRDA:498,28,1,0
BRDA:545,29,0,0
BRDA:545,29,1,0
BRDA:559,30,0,0
BRDA:559,30,1,0
BRDA:589,31,0,0
BRDA:589,32,0,0
BRDA:589,33,0,0
BRDA:589,34,0,0
BRDA:596,35,0,0
BRDA:596,35,1,0
BRDA:602,36,0,0
BRDA:602,36,1,0
BRDA:614,37,0,0
BRDA:614,37,1,0
BRDA:657,38,0,0
BRDA:657,38,1,0
BRDA:703,39,0,0
BRDA:703,39,1,0
BRDA:750,40,0,0
BRDA:750,40,1,0
BRDA:751,41,0,0
BRDA:751,41,1,0
BRDA:761,42,0,0
BRDA:761,42,1,0
BRDA:768,43,0,0
BRDA:768,43,1,0
BRDA:777,44,0,0
BRDA:777,44,1,0
BRDA:800,45,0,0
BRDA:800,45,1,0
BRDA:807,46,0,0
BRDA:807,46,1,0
BRDA:807,47,0,0
BRDA:807,47,1,0
BRDA:822,48,0,0
BRDA:822,48,1,0
BRDA:825,49,0,0
BRDA:825,49,1,0
BRDA:831,50,0,0
BRDA:831,50,1,0
BRDA:862,51,0,0
BRDA:866,52,0,0
BRDA:866,52,1,0
BRDA:866,52,2,0
BRDA:866,52,3,0
BRDA:866,52,4,0
BRDA:947,53,0,0
BRDA:947,53,1,0
BRDA:948,54,0,0
BRDA:948,54,1,0
BRDA:949,55,0,0
BRDA:949,55,1,0
BRDA:950,56,0,0
BRDA:950,56,1,0
BRDA:976,57,0,0
BRDA:976,58,0,0
BRDA:976,59,0,0
BRDA:983,60,0,0
BRDA:983,60,1,0
BRDA:989,61,0,0
BRDA:989,61,1,0
BRDA:995,62,0,0
BRDA:995,62,1,0
BRDA:1001,63,0,0
BRDA:1001,63,1,0
BRDA:1054,64,0,0
BRDA:1057,65,0,0
BRDA:1057,65,1,0
BRDA:1151,66,0,0
BRDA:1151,66,1,0
BRDA:1151,67,0,0
BRDA:1151,67,1,0
BRDA:1238,68,0,0
BRDA:1241,69,0,0
BRDA:1241,69,1,0
BRDA:1241,69,2,0
BRDA:1241,69,3,0
BRDA:1241,69,4,0
BRDA:1262,70,0,0
BRDA:1262,70,1,0
BRDA:1268,71,0,0
BRDA:1268,71,1,0
BRDA:1312,72,0,0
BRDA:1312,72,1,0
BRF:140
BRH:0
end_of_record
TN:
SF:logger.js
FN:43,(anonymous_0)
FN:123,(anonymous_1)
FN:127,(anonymous_2)
FN:131,(anonymous_3)
FN:135,(anonymous_4)
FN:139,(anonymous_5)
FN:143,(anonymous_6)
FN:147,(anonymous_7)
FN:151,(anonymous_8)
FN:156,(anonymous_9)
FN:169,(anonymous_10)
FN:189,(anonymous_11)
FNF:12
FNH:1
FNDA:4,(anonymous_0)
FNDA:0,(anonymous_1)
FNDA:0,(anonymous_2)
FNDA:0,(anonymous_3)
FNDA:0,(anonymous_4)
FNDA:0,(anonymous_5)
FNDA:0,(anonymous_6)
FNDA:0,(anonymous_7)
FNDA:0,(anonymous_8)
FNDA:0,(anonymous_9)
FNDA:0,(anonymous_10)
FNDA:0,(anonymous_11)
DA:1,1
DA:2,1
DA:3,1
DA:6,1
DA:15,1
DA:24,1
DA:27,1
DA:35,1
DA:44,4
DA:45,4
DA:107,1
DA:116,1
DA:117,1
DA:118,1
DA:119,0
DA:123,1
DA:124,0
DA:127,1
DA:128,0
DA:131,1
DA:132,0
DA:135,1
DA:136,0
DA:139,1
DA:140,0
DA:143,1
DA:144,0
DA:147,1
DA:148,0
DA:151,1
DA:152,0
DA:156,1
DA:157,0
DA:160,0
DA:169,0
DA:170,0
DA:171,0
DA:172,0
DA:174,0
DA:185,0
DA:189,1
DA:190,0
DA:198,0
DA:201,1
LF:44
LH:25
BRDA:38,0,0,1
BRDA:38,0,1,0
BRDA:44,1,0,4
BRDA:44,1,1,0
BRDA:108,2,0,1
BRDA:108,2,1,0
BRDA:118,3,0,0
BRDA:118,3,1,1
BRDA:123,4,0,0
BRDA:127,5,0,0
BRDA:131,6,0,0
BRDA:135,7,0,0
BRDA:139,8,0,0
BRDA:143,9,0,0
BRDA:147,10,0,0
BRDA:151,11,0,0
BRDA:172,12,0,0
BRDA:172,12,1,0
BRF:18
BRH:4
end_of_record
TN:
SF:map-location-picker-backend.js
FN:7,(anonymous_0)
FN:11,(anonymous_1)
FN:16,(anonymous_2)
FN:28,(anonymous_3)
FN:42,(anonymous_4)
FN:45,(anonymous_5)
FN:49,(anonymous_6)
FN:54,(anonymous_7)
FN:87,(anonymous_8)
FN:91,(anonymous_9)
FN:139,(anonymous_10)
FN:169,(anonymous_11)
FN:194,(anonymous_12)
FN:237,(anonymous_13)
FN:333,(anonymous_14)
FN:362,(anonymous_15)
FN:397,(anonymous_16)
FN:601,(anonymous_17)
FN:606,(anonymous_18)
FN:698,(anonymous_19)
FNF:20
FNH:2
FNDA:0,(anonymous_0)
FNDA:0,(anonymous_1)
FNDA:0,(anonymous_2)
FNDA:0,(anonymous_3)
FNDA:0,(anonymous_4)
FNDA:0,(anonymous_5)
FNDA:0,(anonymous_6)
FNDA:0,(anonymous_7)
FNDA:1,(anonymous_8)
FNDA:0,(anonymous_9)
FNDA:0,(anonymous_10)
FNDA:0,(anonymous_11)
FNDA:0,(anonymous_12)
FNDA:0,(anonymous_13)
FNDA:0,(anonymous_14)
FNDA:0,(anonymous_15)
FNDA:0,(anonymous_16)
FNDA:34,(anonymous_17)
FNDA:0,(anonymous_18)
FNDA:0,(anonymous_19)
DA:4,1
DA:7,1
DA:8,0
DA:11,1
DA:12,0
DA:16,1
DA:17,0
DA:18,0
DA:19,0
DA:20,0
DA:23,0
DA:24,0
DA:28,1
DA:29,0
DA:37,0
DA:38,0
DA:42,1
DA:43,0
DA:44,0
DA:45,0
DA:49,1
DA:50,0
DA:54,1
DA:55,0
DA:60,0
DA:63,0
DA:64,0
DA:65,0
DA:72,0
DA:73,0
DA:74,0
DA:80,0
DA:82,0
DA:87,1
DA:91,1
DA:92,0
DA:93,0
DA:95,0
DA:96,0
DA:99,0
DA:101,0
DA:105,0
DA:106,0
DA:109,0
DA:111,0
DA:112,0
DA:116,0
DA:131,0
DA:133,0
DA:134,0
DA:139,1
DA:140,0
DA:141,0
DA:143,0
DA:144,0
DA:148,0
DA:149,0
DA:152,0
DA:154,0
DA:158,0
DA:159,0
DA:162,0
DA:164,0
DA:165,0
DA:169,0
DA:185,0
DA:186,0
DA:188,0
DA:189,0
DA:194,1
DA:195,0
DA:196,0
DA:198,0
DA:199,0
DA:202,0
DA:204,0
DA:205,0
DA:209,0
DA:211,0
DA:215,0
DA:217,0
DA:231,0
DA:232,0
DA:237,1
DA:238,0
DA:239,0
DA:241,0
DA:242,0
DA:246,0
DA:252,0
DA:253,0
DA:254,0
DA:255,0
DA:257,0
DA:259,0
DA:260,0
DA:262,0
DA:264,0
DA:266,0
DA:267,0
DA:269,0
DA:270,0
DA:271,0
DA:272,0
DA:273,0
DA:274,0
DA:276,0
DA:278,0
DA:281,0
DA:284,0
DA:286,0
DA:290,0
DA:318,0
DA:327,0
DA:328,0
DA:333,1
DA:334,0
DA:335,0
DA:336,0
DA:339,0
DA:344,0
DA:346,0
DA:352,0
DA:355,0
DA:357,0
DA:358,0
DA:362,1
DA:363,0
DA:364,0
DA:365,0
DA:368,0
DA:370,0
DA:388,0
DA:390,0
DA:391,0
DA:397,1
DA:398,0
DA:400,0
DA:407,0
DA:413,0
DA:415,0
DA:418,0
DA:419,0
DA:422,0
DA:423,0
DA:427,0
DA:428,0
DA:432,0
DA:433,0
DA:436,0
DA:447,0
DA:458,0
DA:459,0
DA:461,0
DA:462,0
DA:465,0
DA:466,0
DA:471,0
DA:505,0
DA:506,0
DA:508,0
DA:522,0
DA:564,0
DA:567,0
DA:582,0
DA:592,0
DA:601,1
DA:602,34
DA:606,1
DA:607,0
DA:610,0
DA:612,0
DA:631,0
DA:632,0
DA:634,0
DA:666,0
DA:667,0
DA:669,0
DA:693,0
DA:696,0
DA:698,0
DA:753,0
DA:755,0
DA:756,0
LF:184
LH:19
BRDA:37,0,0,0
BRDA:37,0,1,0
BRDA:60,1,0,0
BRDA:60,1,1,0
BRDA:64,2,0,0
BRDA:64,2,1,0
BRDA:73,3,0,0
BRDA:73,3,1,0
BRDA:95,4,0,0
BRDA:95,4,1,0
BRDA:95,5,0,0
BRDA:95,5,1,0
BRDA:105,6,0,0
BRDA:105,6,1,0
BRDA:111,7,0,0
BRDA:111,7,1,0
BRDA:111,8,0,0
BRDA:111,8,1,0
BRDA:120,9,0,0
BRDA:120,9,1,0
BRDA:121,10,0,0
BRDA:121,10,1,0
BRDA:121,10,2,0
BRDA:121,10,3,0
BRDA:122,11,0,0
BRDA:122,11,1,0
BRDA:122,11,2,0
BRDA:122,11,3,0
BRDA:123,12,0,0
BRDA:123,12,1,0
BRDA:123,12,2,0
BRDA:123,12,3,0
BRDA:124,13,0,0
BRDA:124,13,1,0
BRDA:125,14,0,0
BRDA:125,14,1,0
BRDA:143,15,0,0
BRDA:143,15,1,0
BRDA:143,16,0,0
BRDA:143,16,1,0
BRDA:158,17,0,0
BRDA:158,17,1,0
BRDA:164,18,0,0
BRDA:164,18,1,0
BRDA:164,19,0,0
BRDA:164,19,1,0
BRDA:174,20,0,0
BRDA:174,20,1,0
BRDA:175,21,0,0
BRDA:175,21,1,0
BRDA:175,21,2,0
BRDA:175,21,3,0
BRDA:176,22,0,0
BRDA:176,22,1,0
BRDA:176,22,2,0
BRDA:176,22,3,0
BRDA:176,22,4,0
BRDA:177,23,0,0
BRDA:177,23,1,0
BRDA:177,23,2,0
BRDA:177,23,3,0
BRDA:177,23,4,0
BRDA:178,24,0,0
BRDA:178,24,1,0
BRDA:178,24,2,0
BRDA:179,25,0,0
BRDA:179,25,1,0
BRDA:181,26,0,0
BRDA:181,26,1,0
BRDA:198,27,0,0
BRDA:198,27,1,0
BRDA:204,28,0,0
BRDA:204,28,1,0
BRDA:221,29,0,0
BRDA:221,29,1,0
BRDA:222,30,0,0
BRDA:222,30,1,0
BRDA:222,30,2,0
BRDA:222,30,3,0
BRDA:223,31,0,0
BRDA:223,31,1,0
BRDA:223,31,2,0
BRDA:223,31,3,0
BRDA:224,32,0,0
BRDA:224,32,1,0
BRDA:224,32,2,0
BRDA:225,33,0,0
BRDA:225,33,1,0
BRDA:226,34,0,0
BRDA:226,34,1,0
BRDA:241,35,0,0
BRDA:241,35,1,0
BRDA:241,36,0,0
BRDA:241,36,1,0
BRDA:241,36,2,0
BRDA:241,36,3,0
BRDA:259,37,0,0
BRDA:259,37,1,0
BRDA:266,38,0,0
BRDA:266,38,1,0
BRDA:269,39,0,0
BRDA:269,39,1,0
BRDA:269,40,0,0
BRDA:269,40,1,0
BRDA:269,40,2,0
BRDA:292,41,0,0
BRDA:292,41,1,0
BRDA:297,42,0,0
BRDA:297,42,1,0
BRDA:302,43,0,0
BRDA:302,43,1,0
BRDA:307,44,0,0
BRDA:307,44,1,0
BRDA:312,45,0,0
BRDA:312,45,1,0
BRDA:335,46,0,0
BRDA:335,46,1,0
BRDA:344,47,0,0
BRDA:344,47,1,0
BRDA:364,48,0,0
BRDA:364,48,1,0
BRDA:382,49,0,0
BRDA:382,49,1,0
BRDA:383,50,0,0
BRDA:383,50,1,0
BRDA:384,51,0,0
BRDA:384,51,1,0
BRDA:418,52,0,0
BRDA:418,52,1,0
BRDA:418,53,0,0
BRDA:418,53,1,0
BRDA:422,54,0,0
BRDA:422,54,1,0
BRDA:427,55,0,0
BRDA:427,55,1,0
BRDA:427,56,0,0
BRDA:427,56,1,0
BRDA:432,57,0,0
BRDA:432,57,1,0
BRDA:432,57,2,0
BRDA:433,58,0,0
BRDA:433,58,1,0
BRDA:433,58,2,0
BRDA:439,59,0,0
BRDA:439,59,1,0
BRDA:440,60,0,0
BRDA:440,60,1,0
BRDA:441,61,0,0
BRDA:441,61,1,0
BRDA:450,62,0,0
BRDA:450,62,1,0
BRDA:451,63,0,0
BRDA:451,63,1,0
BRDA:452,64,0,0
BRDA:452,64,1,0
BRDA:465,65,0,0
BRDA:465,65,1,0
BRDA:487,66,0,0
BRDA:487,66,1,0
BRDA:490,67,0,0
BRDA:490,67,1,0
BRDA:492,68,0,0
BRDA:492,68,1,0
BRDA:494,69,0,0
BRDA:494,69,1,0
BRDA:494,70,0,0
BRDA:494,70,1,0
BRDA:495,71,0,0
BRDA:495,71,1,0
BRDA:496,72,0,0
BRDA:496,72,1,0
BRDA:497,73,0,0
BRDA:497,73,1,0
BRDA:499,74,0,0
BRDA:499,74,1,0
BRDA:499,75,0,0
BRDA:499,75,1,0
BRDA:500,76,0,0
BRDA:500,76,1,0
BRDA:500,77,0,0
BRDA:500,77,1,0
BRDA:501,78,0,0
BRDA:501,78,1,0
BRDA:543,79,0,0
BRDA:543,79,1,0
BRDA:549,80,0,0
BRDA:549,80,1,0
BRDA:550,81,0,0
BRDA:550,81,1,0
BRDA:594,82,0,0
BRDA:594,82,1,0
BRDA:602,83,0,34
BRDA:602,83,1,1
BRDA:610,84,0,0
BRDA:610,84,1,0
BRDA:632,85,0,0
BRDA:632,85,1,0
BRDA:667,86,0,0
BRDA:667,86,1,0
BRDA:719,87,0,0
BRDA:719,87,1,0
BRDA:725,88,0,0
BRDA:725,88,1,0
BRDA:726,89,0,0
BRDA:726,89,1,0
BRDA:733,90,0,0
BRDA:733,90,1,0
BRDA:739,91,0,0
BRDA:739,91,1,0
BRDA:743,92,0,0
BRDA:743,92,1,0
BRDA:744,93,0,0
BRDA:744,93,1,0
BRDA:745,94,0,0
BRDA:745,94,1,0
BRF:215
BRH:2
end_of_record
TN:
SF:server.js
FN:59,(anonymous_0)
FN:467,(anonymous_1)
FN:475,(anonymous_2)
FN:482,(anonymous_3)
FN:493,(anonymous_4)
FN:500,(anonymous_5)
FN:521,(anonymous_6)
FN:537,(anonymous_7)
FN:542,(anonymous_8)
FN:546,(anonymous_9)
FN:553,(anonymous_10)
FN:594,(anonymous_11)
FN:628,(anonymous_12)
FN:640,(anonymous_13)
FN:649,(anonymous_14)
FN:657,(anonymous_15)
FN:671,(anonymous_16)
FN:697,(anonymous_17)
FN:702,(anonymous_18)
FN:707,(anonymous_19)
FN:717,(anonymous_20)
FN:718,(anonymous_21)
FN:728,(anonymous_22)
FN:744,(anonymous_23)
FN:749,(anonymous_24)
FN:755,(anonymous_25)
FN:829,(anonymous_26)
FN:863,(anonymous_27)
FN:870,(anonymous_28)
FN:945,(anonymous_29)
FN:957,(anonymous_30)
FN:972,(anonymous_31)
FN:1137,(anonymous_32)
FN:1269,(anonymous_33)
FN:1300,(anonymous_34)
FN:1334,(anonymous_35)
FN:1397,(anonymous_36)
FN:1422,(anonymous_37)
FN:1463,(anonymous_38)
FN:1498,(anonymous_39)
FN:1518,(anonymous_40)
FN:1538,(anonymous_41)
FN:1550,(anonymous_42)
FN:1570,(anonymous_43)
FN:1586,(anonymous_44)
FN:1620,(anonymous_45)
FN:1645,(anonymous_46)
FN:1654,(anonymous_47)
FN:1663,(anonymous_48)
FN:1682,(anonymous_49)
FN:1707,(anonymous_50)
FN:1716,(anonymous_51)
FN:1725,(anonymous_52)
FN:1741,(anonymous_53)
FN:1757,(anonymous_54)
FN:1769,(anonymous_55)
FN:1814,(anonymous_56)
FN:1856,(anonymous_57)
FN:1908,(anonymous_58)
FN:1922,(anonymous_59)
FN:1953,(anonymous_60)
FN:1976,(anonymous_61)
FN:2007,(anonymous_62)
FN:2029,(anonymous_63)
FN:2053,(anonymous_64)
FN:2085,(anonymous_65)
FN:2100,(anonymous_66)
FN:2111,(anonymous_67)
FN:2126,(anonymous_68)
FN:2138,(anonymous_69)
FN:2148,(anonymous_70)
FN:2166,(anonymous_71)
FN:2177,(anonymous_72)
FN:2192,(anonymous_73)
FN:2205,(anonymous_74)
FN:2216,(anonymous_75)
FN:2238,(anonymous_76)
FN:2445,(anonymous_77)
FN:2541,(anonymous_78)
FN:2542,(anonymous_79)
FN:2543,(anonymous_80)
FN:2547,(anonymous_81)
FN:2585,(anonymous_82)
FN:2614,(anonymous_83)
FN:2628,(anonymous_84)
FN:2653,(anonymous_85)
FN:2739,(anonymous_86)
FN:2780,(anonymous_87)
FN:2820,(anonymous_88)
FN:2893,(anonymous_89)
FN:2920,(anonymous_90)
FN:2963,(anonymous_91)
FN:3006,(anonymous_92)
FN:3050,(anonymous_93)
FN:3074,(anonymous_94)
FN:3115,(anonymous_95)
FN:3132,(anonymous_96)
FN:3171,(anonymous_97)
FN:3207,(anonymous_98)
FN:3213,(anonymous_99)
FN:3224,(anonymous_100)
FN:3239,(anonymous_101)
FN:3421,(anonymous_102)
FN:3436,(anonymous_103)
FN:3449,(anonymous_104)
FN:3463,(anonymous_105)
FN:3486,(anonymous_106)
FN:3614,(anonymous_107)
FN:3654,(anonymous_108)
FN:3694,(anonymous_109)
FN:3712,(anonymous_110)
FN:3724,(anonymous_111)
FN:3745,(anonymous_112)
FN:3803,(anonymous_113)
FN:3808,(anonymous_114)
FN:3815,(anonymous_115)
FN:3842,(anonymous_116)
FN:3860,(anonymous_117)
FN:3862,(anonymous_118)
FN:3884,(anonymous_119)
FN:3906,(anonymous_120)
FN:3914,(anonymous_121)
FN:3915,(anonymous_122)
FN:3934,(anonymous_123)
FN:3967,(anonymous_124)
FN:3968,(anonymous_125)
FN:4000,(anonymous_126)
FN:4009,(anonymous_127)
FN:4010,(anonymous_128)
FN:4028,(anonymous_129)
FN:4060,(anonymous_130)
FN:4061,(anonymous_131)
FN:4093,(anonymous_132)
FN:4103,(anonymous_133)
FN:4104,(anonymous_134)
FN:4122,(anonymous_135)
FN:4154,(anonymous_136)
FN:4155,(anonymous_137)
FN:4187,(anonymous_138)
FN:4191,(anonymous_139)
FN:4207,(anonymous_140)
FN:4242,(anonymous_141)
FN:4290,(anonymous_142)
FN:4341,(anonymous_143)
FN:4353,(anonymous_144)
FN:4372,(anonymous_145)
FN:4373,(anonymous_146)
FN:4388,(anonymous_147)
FN:4416,(anonymous_148)
FN:4429,(anonymous_149)
FN:4469,(anonymous_150)
FN:4491,(anonymous_151)
FN:4493,(anonymous_152)
FN:4531,(anonymous_153)
FN:4548,(anonymous_154)
FN:4613,(anonymous_155)
FN:4667,(anonymous_156)
FN:4705,(anonymous_157)
FN:4777,(anonymous_158)
FN:4787,(anonymous_159)
FN:4788,(anonymous_160)
FN:4789,(anonymous_161)
FN:4803,(anonymous_162)
FN:4853,(anonymous_163)
FN:4907,(anonymous_164)
FN:4957,(anonymous_165)
FN:5015,(anonymous_166)
FN:5070,(anonymous_167)
FN:5112,(anonymous_168)
FN:5216,(anonymous_169)
FN:5290,(anonymous_170)
FN:5382,(anonymous_171)
FN:5390,(anonymous_172)
FN:5404,(anonymous_173)
FN:5453,(anonymous_174)
FN:5482,(anonymous_175)
FN:5494,(anonymous_176)
FN:5498,(anonymous_177)
FN:5501,(anonymous_178)
FN:5511,(anonymous_179)
FN:5552,(anonymous_180)
FN:5559,(anonymous_181)
FN:5578,(anonymous_182)
FN:5615,(anonymous_183)
FN:5673,(anonymous_184)
FN:5718,(anonymous_185)
FN:5773,(anonymous_186)
FN:5792,(anonymous_187)
FN:5793,(anonymous_188)
FN:5794,(anonymous_189)
FN:5804,(anonymous_190)
FN:5878,(anonymous_191)
FN:5890,(anonymous_192)
FN:5924,(anonymous_193)
FN:5927,(anonymous_194)
FN:5971,(anonymous_195)
FN:6008,(anonymous_196)
FN:6012,(anonymous_197)
FN:6018,(anonymous_198)
FN:6058,(anonymous_199)
FN:6060,(anonymous_200)
FNF:201
FNH:3
FNDA:1,(anonymous_0)
FNDA:0,(anonymous_1)
FNDA:0,(anonymous_2)
FNDA:0,(anonymous_3)
FNDA:0,(anonymous_4)
FNDA:0,(anonymous_5)
FNDA:0,(anonymous_6)
FNDA:0,(anonymous_7)
FNDA:0,(anonymous_8)
FNDA:0,(anonymous_9)
FNDA:0,(anonymous_10)
FNDA:0,(anonymous_11)
FNDA:0,(anonymous_12)
FNDA:0,(anonymous_13)
FNDA:0,(anonymous_14)
FNDA:0,(anonymous_15)
FNDA:0,(anonymous_16)
FNDA:0,(anonymous_17)
FNDA:0,(anonymous_18)
FNDA:0,(anonymous_19)
FNDA:2,(anonymous_20)
FNDA:0,(anonymous_21)
FNDA:0,(anonymous_22)
FNDA:0,(anonymous_23)
FNDA:0,(anonymous_24)
FNDA:0,(anonymous_25)
FNDA:0,(anonymous_26)
FNDA:0,(anonymous_27)
FNDA:0,(anonymous_28)
FNDA:0,(anonymous_29)
FNDA:0,(anonymous_30)
FNDA:0,(anonymous_31)
FNDA:0,(anonymous_32)
FNDA:0,(anonymous_33)
FNDA:0,(anonymous_34)
FNDA:0,(anonymous_35)
FNDA:0,(anonymous_36)
FNDA:0,(anonymous_37)
FNDA:0,(anonymous_38)
FNDA:0,(anonymous_39)
FNDA:0,(anonymous_40)
FNDA:0,(anonymous_41)
FNDA:0,(anonymous_42)
FNDA:0,(anonymous_43)
FNDA:0,(anonymous_44)
FNDA:0,(anonymous_45)
FNDA:0,(anonymous_46)
FNDA:0,(anonymous_47)
FNDA:0,(anonymous_48)
FNDA:0,(anonymous_49)
FNDA:0,(anonymous_50)
FNDA:0,(anonymous_51)
FNDA:0,(anonymous_52)
FNDA:0,(anonymous_53)
FNDA:0,(anonymous_54)
FNDA:0,(anonymous_55)
FNDA:0,(anonymous_56)
FNDA:0,(anonymous_57)
FNDA:0,(anonymous_58)
FNDA:0,(anonymous_59)
FNDA:0,(anonymous_60)
FNDA:0,(anonymous_61)
FNDA:0,(anonymous_62)
FNDA:0,(anonymous_63)
FNDA:0,(anonymous_64)
FNDA:0,(anonymous_65)
FNDA:0,(anonymous_66)
FNDA:0,(anonymous_67)
FNDA:0,(anonymous_68)
FNDA:0,(anonymous_69)
FNDA:0,(anonymous_70)
FNDA:0,(anonymous_71)
FNDA:0,(anonymous_72)
FNDA:0,(anonymous_73)
FNDA:0,(anonymous_74)
FNDA:0,(anonymous_75)
FNDA:0,(anonymous_76)
FNDA:0,(anonymous_77)
FNDA:0,(anonymous_78)
FNDA:0,(anonymous_79)
FNDA:0,(anonymous_80)
FNDA:0,(anonymous_81)
FNDA:0,(anonymous_82)
FNDA:0,(anonymous_83)
FNDA:0,(anonymous_84)
FNDA:0,(anonymous_85)
FNDA:0,(anonymous_86)
FNDA:0,(anonymous_87)
FNDA:0,(anonymous_88)
FNDA:0,(anonymous_89)
FNDA:0,(anonymous_90)
FNDA:0,(anonymous_91)
FNDA:0,(anonymous_92)
FNDA:0,(anonymous_93)
FNDA:0,(anonymous_94)
FNDA:0,(anonymous_95)
FNDA:0,(anonymous_96)
FNDA:0,(anonymous_97)
FNDA:0,(anonymous_98)
FNDA:0,(anonymous_99)
FNDA:0,(anonymous_100)
FNDA:0,(anonymous_101)
FNDA:0,(anonymous_102)
FNDA:0,(anonymous_103)
FNDA:0,(anonymous_104)
FNDA:0,(anonymous_105)
FNDA:0,(anonymous_106)
FNDA:0,(anonymous_107)
FNDA:0,(anonymous_108)
FNDA:0,(anonymous_109)
FNDA:0,(anonymous_110)
FNDA:0,(anonymous_111)
FNDA:0,(anonymous_112)
FNDA:0,(anonymous_113)
FNDA:0,(anonymous_114)
FNDA:0,(anonymous_115)
FNDA:0,(anonymous_116)
FNDA:0,(anonymous_117)
FNDA:0,(anonymous_118)
FNDA:0,(anonymous_119)
FNDA:0,(anonymous_120)
FNDA:0,(anonymous_121)
FNDA:0,(anonymous_122)
FNDA:0,(anonymous_123)
FNDA:0,(anonymous_124)
FNDA:0,(anonymous_125)
FNDA:0,(anonymous_126)
FNDA:0,(anonymous_127)
FNDA:0,(anonymous_128)
FNDA:0,(anonymous_129)
FNDA:0,(anonymous_130)
FNDA:0,(anonymous_131)
FNDA:0,(anonymous_132)
FNDA:0,(anonymous_133)
FNDA:0,(anonymous_134)
FNDA:0,(anonymous_135)
FNDA:0,(anonymous_136)
FNDA:0,(anonymous_137)
FNDA:0,(anonymous_138)
FNDA:0,(anonymous_139)
FNDA:0,(anonymous_140)
FNDA:0,(anonymous_141)
FNDA:0,(anonymous_142)
FNDA:0,(anonymous_143)
FNDA:0,(anonymous_144)
FNDA:0,(anonymous_145)
FNDA:0,(anonymous_146)
FNDA:0,(anonymous_147)
FNDA:0,(anonymous_148)
FNDA:0,(anonymous_149)
FNDA:0,(anonymous_150)
FNDA:0,(anonymous_151)
FNDA:0,(anonymous_152)
FNDA:0,(anonymous_153)
FNDA:0,(anonymous_154)
FNDA:0,(anonymous_155)
FNDA:0,(anonymous_156)
FNDA:0,(anonymous_157)
FNDA:0,(anonymous_158)
FNDA:0,(anonymous_159)
FNDA:0,(anonymous_160)
FNDA:0,(anonymous_161)
FNDA:0,(anonymous_162)
FNDA:0,(anonymous_163)
FNDA:0,(anonymous_164)
FNDA:0,(anonymous_165)
FNDA:0,(anonymous_166)
FNDA:0,(anonymous_167)
FNDA:0,(anonymous_168)
FNDA:0,(anonymous_169)
FNDA:0,(anonymous_170)
FNDA:0,(anonymous_171)
FNDA:0,(anonymous_172)
FNDA:0,(anonymous_173)
FNDA:0,(anonymous_174)
FNDA:0,(anonymous_175)
FNDA:0,(anonymous_176)
FNDA:0,(anonymous_177)
FNDA:0,(anonymous_178)
FNDA:0,(anonymous_179)
FNDA:0,(anonymous_180)
FNDA:0,(anonymous_181)
FNDA:0,(anonymous_182)
FNDA:0,(anonymous_183)
FNDA:0,(anonymous_184)
FNDA:0,(anonymous_185)
FNDA:0,(anonymous_186)
FNDA:0,(anonymous_187)
FNDA:0,(anonymous_188)
FNDA:0,(anonymous_189)
FNDA:1,(anonymous_190)
FNDA:0,(anonymous_191)
FNDA:0,(anonymous_192)
FNDA:0,(anonymous_193)
FNDA:0,(anonymous_194)
FNDA:0,(anonymous_195)
FNDA:0,(anonymous_196)
FNDA:0,(anonymous_197)
FNDA:0,(anonymous_198)
FNDA:0,(anonymous_199)
FNDA:0,(anonymous_200)
DA:1,1
DA:2,1
DA:3,1
DA:4,1
DA:5,1
DA:6,1
DA:7,1
DA:8,1
DA:9,1
DA:10,1
DA:11,1
DA:12,1
DA:16,1
DA:17,1
DA:18,1
DA:19,1
DA:24,1
DA:25,1
DA:31,1
DA:32,1
DA:40,1
DA:43,1
DA:47,1
DA:59,1
DA:60,1
DA:62,1
DA:80,1
DA:81,1
DA:83,1
DA:84,1
DA:85,1
DA:86,1
DA:87,1
DA:88,1
DA:89,1
DA:90,1
DA:91,1
DA:92,1
DA:95,1
DA:105,1
DA:106,1
DA:107,1
DA:109,1
DA:119,1
DA:158,1
DA:175,1
DA:189,1
DA:202,1
DA:226,1
DA:246,1
DA:258,1
DA:278,1
DA:291,1
DA:300,1
DA:315,1
DA:316,1
DA:317,1
DA:318,1
DA:319,1
DA:320,1
DA:321,1
DA:322,1
DA:323,1
DA:324,1
DA:325,1
DA:326,1
DA:328,1
DA:347,1
DA:355,1
DA:370,1
DA:371,1
DA:372,1
DA:373,1
DA:374,1
DA:375,1
DA:377,1
DA:378,1
DA:379,1
DA:381,1
DA:382,1
DA:383,1
DA:385,0
DA:389,1
DA:390,1
DA:397,1
DA:404,1
DA:411,1
DA:413,1
DA:415,0
DA:416,0
DA:420,1
DA:424,1
DA:431,1
DA:438,1
DA:467,1
DA:468,0
DA:469,0
DA:470,0
DA:472,0
DA:475,1
DA:476,0
DA:482,1
DA:483,0
DA:484,0
DA:485,0
DA:487,0
DA:488,0
DA:490,0
DA:493,1
DA:494,0
DA:500,1
DA:501,0
DA:502,0
DA:506,0
DA:507,0
DA:509,0
DA:510,0
DA:511,0
DA:512,0
DA:514,0
DA:516,0
DA:517,0
DA:521,1
DA:522,0
DA:523,0
DA:524,0
DA:532,0
DA:537,1
DA:538,0
DA:539,0
DA:542,1
DA:543,0
DA:546,1
DA:547,0
DA:548,0
DA:549,0
DA:553,1
DA:554,0
DA:555,0
DA:562,0
DA:565,0
DA:566,0
DA:575,0
DA:582,0
DA:584,0
DA:588,1
DA:589,1
DA:592,1
DA:596,0
DA:597,0
DA:598,0
DA:613,1
DA:617,1
DA:620,1
DA:622,1
DA:623,0
DA:624,0
DA:628,1
DA:629,0
DA:630,0
DA:631,0
DA:632,0
DA:633,0
DA:634,0
DA:636,0
DA:640,1
DA:641,0
DA:642,0
DA:643,0
DA:644,0
DA:646,0
DA:649,1
DA:650,0
DA:651,0
DA:652,0
DA:654,0
DA:657,1
DA:658,0
DA:659,0
DA:660,0
DA:666,0
DA:668,0
DA:671,1
DA:672,0
DA:673,0
DA:674,0
DA:675,0
DA:676,0
DA:678,0
DA:679,0
DA:680,0
DA:681,0
DA:682,0
DA:684,0
DA:689,1
DA:690,1
DA:693,1
DA:694,1
DA:697,1
DA:698,0
DA:699,0
DA:702,1
DA:703,0
DA:704,0
DA:707,1
DA:708,0
DA:709,0
DA:710,0
DA:714,1
DA:715,1
DA:717,1
DA:718,2
DA:719,0
DA:720,0
DA:721,0
DA:723,0
DA:724,0
DA:727,0
DA:728,0
DA:730,0
DA:731,0
DA:736,0
DA:737,0
DA:739,0
DA:744,1
DA:745,0
DA:746,0
DA:749,1
DA:750,0
DA:751,0
DA:755,1
DA:756,0
DA:757,0
DA:758,0
DA:759,0
DA:762,0
DA:763,0
DA:764,0
DA:767,0
DA:770,0
DA:773,0
DA:788,0
DA:790,0
DA:796,0
DA:797,0
DA:798,0
DA:801,0
DA:802,0
DA:803,0
DA:805,0
DA:806,0
DA:810,0
DA:813,0
DA:814,0
DA:815,0
DA:816,0
DA:817,0
DA:818,0
DA:819,0
DA:822,0
DA:829,1
DA:830,0
DA:831,0
DA:832,0
DA:833,0
DA:834,0
DA:835,0
DA:837,0
DA:857,0
DA:858,0
DA:863,1
DA:864,0
DA:866,0
DA:869,0
DA:870,0
DA:871,0
DA:875,0
DA:879,0
DA:882,0
DA:885,0
DA:888,0
DA:891,0
DA:894,0
DA:898,0
DA:901,0
DA:907,0
DA:910,0
DA:911,0
DA:914,0
DA:917,0
DA:920,0
DA:924,0
DA:926,0
DA:940,0
DA:941,0
DA:945,1
DA:946,0
DA:947,0
DA:949,0
DA:956,0
DA:957,0
DA:959,0
DA:960,0
DA:963,0
DA:964,0
DA:965,0
DA:967,0
DA:968,0
DA:971,0
DA:972,0
DA:974,0
DA:975,0
DA:980,0
DA:983,0
DA:984,0
DA:985,0
DA:988,0
DA:989,0
DA:994,0
DA:995,0
DA:998,0
DA:999,0
DA:1004,0
DA:1007,0
DA:1008,0
DA:1020,0
DA:1023,0
DA:1024,0
DA:1029,0
DA:1032,0
DA:1033,0
DA:1038,0
DA:1041,0
DA:1042,0
DA:1047,0
DA:1050,0
DA:1051,0
DA:1057,0
DA:1060,0
DA:1065,0
DA:1066,0
DA:1071,0
DA:1074,0
DA:1075,0
DA:1077,0
DA:1085,0
DA:1086,0
DA:1092,0
DA:1093,0
DA:1102,0
DA:1108,0
DA:1124,0
DA:1125,0
DA:1132,0
DA:1137,1
DA:1138,0
DA:1139,0
DA:1141,0
DA:1148,0
DA:1149,0
DA:1152,0
DA:1153,0
DA:1158,0
DA:1161,0
DA:1162,0
DA:1168,0
DA:1171,0
DA:1172,0
DA:1177,0
DA:1180,0
DA:1185,0
DA:1186,0
DA:1191,0
DA:1194,0
DA:1195,0
DA:1197,0
DA:1198,0
DA:1204,0
DA:1208,0
DA:1209,0
DA:1215,0
DA:1218,0
DA:1224,0
DA:1225,0
DA:1234,0
DA:1240,0
DA:1256,0
DA:1257,0
DA:1264,0
DA:1269,1
DA:1270,0
DA:1271,0
DA:1276,0
DA:1277,0
DA:1280,0
DA:1281,0
DA:1295,0
DA:1296,0
DA:1300,1
DA:1301,0
DA:1302,0
DA:1303,0
DA:1304,0
DA:1305,0
DA:1306,0
DA:1307,0
DA:1309,0
DA:1311,0
DA:1312,0
DA:1314,0
DA:1315,0
DA:1316,0
DA:1318,0
DA:1319,0
DA:1320,0
DA:1323,0
DA:1324,0
DA:1326,0
DA:1327,0
DA:1328,0
DA:1330,0
DA:1334,1
DA:1335,0
DA:1336,0
DA:1337,0
DA:1338,0
DA:1339,0
DA:1340,0
DA:1341,0
DA:1342,0
DA:1343,0
DA:1344,0
DA:1345,0
DA:1347,0
DA:1348,0
DA:1349,0
DA:1351,0
DA:1352,0
DA:1354,0
DA:1355,0
DA:1356,0
DA:1358,0
DA:1359,0
DA:1360,0
DA:1362,0
DA:1363,0
DA:1364,0
DA:1366,0
DA:1367,0
DA:1368,0
DA:1370,0
DA:1371,0
DA:1372,0
DA:1374,0
DA:1375,0
DA:1376,0
DA:1379,0
DA:1380,0
DA:1382,0
DA:1390,0
DA:1391,0
DA:1393,0
DA:1397,1
DA:1398,0
DA:1399,0
DA:1400,0
DA:1401,0
DA:1402,0
DA:1403,0
DA:1404,0
DA:1405,0
DA:1406,0
DA:1407,0
DA:1408,0
DA:1415,0
DA:1416,0
DA:1418,0
DA:1422,1
DA:1423,0
DA:1424,0
DA:1425,0
DA:1426,0
DA:1427,0
DA:1428,0
DA:1429,0
DA:1430,0
DA:1431,0
DA:1432,0
DA:1433,0
DA:1434,0
DA:1435,0
DA:1436,0
DA:1437,0
DA:1438,0
DA:1439,0
DA:1441,0
DA:1442,0
DA:1443,0
DA:1445,0
DA:1446,0
DA:1447,0
DA:1456,0
DA:1457,0
DA:1459,0
DA:1463,1
DA:1464,0
DA:1465,0
DA:1466,0
DA:1467,0
DA:1468,0
DA:1470,0
DA:1471,0
DA:1472,0
DA:1473,0
DA:1479,0
DA:1480,0
DA:1481,0
DA:1482,0
DA:1490,0
DA:1492,0
DA:1494,0
DA:1498,1
DA:1499,0
DA:1500,0
DA:1502,0
DA:1503,0
DA:1508,0
DA:1512,0
DA:1514,0
DA:1518,1
DA:1519,0
DA:1520,0
DA:1521,0
DA:1522,0
DA:1524,0
DA:1525,0
DA:1531,0
DA:1533,0
DA:1534,0
DA:1538,1
DA:1539,0
DA:1540,0
DA:1541,0
DA:1542,0
DA:1544,0
DA:1546,0
DA:1550,1
DA:1551,0
DA:1552,0
DA:1553,0
DA:1554,0
DA:1555,0
DA:1556,0
DA:1557,0
DA:1558,0
DA:1564,0
DA:1566,0
DA:1570,1
DA:1571,0
DA:1572,0
DA:1573,0
DA:1574,0
DA:1575,0
DA:1576,0
DA:1578,0
DA:1580,0
DA:1582,0
DA:1586,1
DA:1587,0
DA:1589,0
DA:1590,0
DA:1591,0
DA:1592,0
DA:1593,0
DA:1595,0
DA:1597,0
DA:1599,0
DA:1600,0
DA:1601,0
DA:1602,0
DA:1603,0
DA:1604,0
DA:1605,0
DA:1606,0
DA:1607,0
DA:1610,0
DA:1611,0
DA:1612,0
DA:1613,0
DA:1614,0
DA:1616,0
DA:1620,1
DA:1621,0
DA:1622,0
DA:1623,0
DA:1624,0
DA:1625,0
DA:1626,0
DA:1627,0
DA:1628,0
DA:1629,0
DA:1630,0
DA:1633,0
DA:1634,0
DA:1636,0
DA:1637,0
DA:1638,0
DA:1639,0
DA:1641,0
DA:1645,1
DA:1646,0
DA:1647,0
DA:1648,0
DA:1650,0
DA:1654,1
DA:1655,0
DA:1656,0
DA:1657,0
DA:1659,0
DA:1663,1
DA:1664,0
DA:1665,0
DA:1666,0
DA:1667,0
DA:1669,0
DA:1670,0
DA:1676,0
DA:1678,0
DA:1682,1
DA:1683,0
DA:1684,0
DA:1685,0
DA:1686,0
DA:1687,0
DA:1688,0
DA:1689,0
DA:1690,0
DA:1691,0
DA:1692,0
DA:1695,0
DA:1696,0
DA:1698,0
DA:1699,0
DA:1700,0
DA:1701,0
DA:1703,0
DA:1707,1
DA:1708,0
DA:1709,0
DA:1710,0
DA:1712,0
DA:1716,1
DA:1717,0
DA:1718,0
DA:1719,0
DA:1721,0
DA:1725,1
DA:1726,0
DA:1727,0
DA:1728,0
DA:1729,0
DA:1731,0
DA:1735,0
DA:1737,0
DA:1741,1
DA:1742,0
DA:1743,0
DA:1744,0
DA:1745,0
DA:1747,0
DA:1751,0
DA:1753,0
DA:1757,1
DA:1758,0
DA:1759,0
DA:1760,0
DA:1762,0
DA:1769,1
DA:1770,0
DA:1771,0
DA:1774,0
DA:1775,0
DA:1776,0
DA:1777,0
DA:1778,0
DA:1781,0
DA:1784,0
DA:1797,0
DA:1798,0
DA:1799,0
DA:1800,0
DA:1801,0
DA:1802,0
DA:1804,0
DA:1807,0
DA:1809,0
DA:1810,0
DA:1814,1
DA:1815,0
DA:1816,0
DA:1818,0
DA:1819,0
DA:1822,0
DA:1827,0
DA:1828,0
DA:1831,0
DA:1832,0
DA:1839,0
DA:1850,0
DA:1851,0
DA:1856,1
DA:1857,0
DA:1858,0
DA:1863,0
DA:1864,0
DA:1867,0
DA:1870,0
DA:1880,0
DA:1883,0
DA:1892,0
DA:1908,0
DA:1916,0
DA:1917,0
DA:1922,1
DA:1923,0
DA:1924,0
DA:1929,0
DA:1930,0
DA:1933,0
DA:1936,0
DA:1947,0
DA:1953,0
DA:1970,0
DA:1971,0
DA:1976,1
DA:1977,0
DA:1978,0
DA:1983,0
DA:1984,0
DA:1987,0
DA:1990,0
DA:2001,0
DA:2007,0
DA:2024,0
DA:2025,0
DA:2029,1
DA:2030,0
DA:2031,0
DA:2038,0
DA:2039,0
DA:2040,0
DA:2041,0
DA:2042,0
DA:2048,0
DA:2049,0
DA:2053,1
DA:2054,0
DA:2055,0
DA:2056,0
DA:2057,0
DA:2058,0
DA:2059,0
DA:2061,0
DA:2062,0
DA:2063,0
DA:2064,0
DA:2065,0
DA:2066,0
DA:2067,0
DA:2068,0
DA:2069,0
DA:2070,0
DA:2071,0
DA:2073,0
DA:2074,0
DA:2075,0
DA:2076,0
DA:2077,0
DA:2078,0
DA:2080,0
DA:2081,0
DA:2085,1
DA:2086,0
DA:2087,0
DA:2088,0
DA:2089,0
DA:2091,0
DA:2092,0
DA:2093,0
DA:2095,0
DA:2096,0
DA:2100,1
DA:2101,0
DA:2102,0
DA:2103,0
DA:2104,0
DA:2106,0
DA:2107,0
DA:2111,1
DA:2112,0
DA:2113,0
DA:2114,0
DA:2118,0
DA:2119,0
DA:2121,0
DA:2122,0
DA:2126,1
DA:2127,0
DA:2128,0
DA:2129,0
DA:2130,0
DA:2131,0
DA:2133,0
DA:2134,0
DA:2138,1
DA:2139,0
DA:2140,0
DA:2141,0
DA:2143,0
DA:2144,0
DA:2148,1
DA:2149,0
DA:2150,0
DA:2151,0
DA:2152,0
DA:2153,0
DA:2158,0
DA:2159,0
DA:2161,0
DA:2162,0
DA:2166,1
DA:2167,0
DA:2168,0
DA:2169,0
DA:2170,0
DA:2172,0
DA:2173,0
DA:2177,1
DA:2178,0
DA:2179,0
DA:2185,0
DA:2187,0
DA:2188,0
DA:2192,1
DA:2193,0
DA:2194,0
DA:2195,0
DA:2196,0
DA:2197,0
DA:2198,0
DA:2200,0
DA:2201,0
DA:2205,1
DA:2206,0
DA:2207,0
DA:2208,0
DA:2209,0
DA:2211,0
DA:2212,0
DA:2216,1
DA:2217,0
DA:2218,0
DA:2224,0
DA:2226,0
DA:2227,0
DA:2238,1
DA:2239,0
DA:2241,0
DA:2243,0
DA:2250,0
DA:2252,0
DA:2255,0
DA:2256,0
DA:2257,0
DA:2259,0
DA:2260,0
DA:2263,0
DA:2267,0
DA:2271,0
DA:2276,0
DA:2277,0
DA:2278,0
DA:2279,0
DA:2285,0
DA:2288,0
DA:2289,0
DA:2290,0
DA:2295,0
DA:2299,0
DA:2300,0
DA:2301,0
DA:2303,0
DA:2304,0
DA:2305,0
DA:2312,0
DA:2315,0
DA:2316,0
DA:2317,0
DA:2324,0
DA:2328,0
DA:2339,0
DA:2342,0
DA:2353,0
DA:2355,0
DA:2356,0
DA:2358,0
DA:2376,0
DA:2377,0
DA:2379,0
DA:2390,0
DA:2398,0
DA:2432,0
DA:2433,0
DA:2440,0
DA:2445,1
DA:2446,0
DA:2449,0
DA:2450,0
DA:2474,0
DA:2475,0
DA:2477,0
DA:2482,0
DA:2483,0
DA:2484,0
DA:2491,0
DA:2505,0
DA:2508,0
DA:2522,0
DA:2523,0
DA:2526,0
DA:2537,0
DA:2540,0
DA:2541,0
DA:2542,0
DA:2543,0
DA:2547,0
DA:2580,0
DA:2583,0
DA:2585,0
DA:2606,0
DA:2608,0
DA:2609,0
DA:2614,1
DA:2615,0
DA:2616,0
DA:2621,0
DA:2622,0
DA:2625,0
DA:2627,0
DA:2628,0
DA:2629,0
DA:2632,0
DA:2647,0
DA:2648,0
DA:2653,1
DA:2654,0
DA:2655,0
DA:2656,0
DA:2657,0
DA:2659,0
DA:2660,0
DA:2661,0
DA:2664,0
DA:2665,0
DA:2666,0
DA:2667,0
DA:2670,0
DA:2671,0
DA:2672,0
DA:2673,0
DA:2675,0
DA:2676,0
DA:2677,0
DA:2680,0
DA:2681,0
DA:2686,0
DA:2688,0
DA:2692,0
DA:2694,0
DA:2697,0
DA:2709,0
DA:2711,0
DA:2719,0
DA:2730,0
DA:2731,0
DA:2732,0
DA:2734,0
DA:2739,1
DA:2740,0
DA:2741,0
DA:2742,0
DA:2743,0
DA:2744,0
DA:2747,0
DA:2748,0
DA:2749,0
DA:2750,0
DA:2751,0
DA:2753,0
DA:2754,0
DA:2755,0
DA:2756,0
DA:2759,0
DA:2760,0
DA:2761,0
DA:2762,0
DA:2764,0
DA:2766,0
DA:2767,0
DA:2768,0
DA:2769,0
DA:2771,0
DA:2772,0
DA:2773,0
DA:2775,0
DA:2780,1
DA:2781,0
DA:2782,0
DA:2783,0
DA:2784,0
DA:2787,0
DA:2788,0
DA:2789,0
DA:2790,0
DA:2791,0
DA:2793,0
DA:2794,0
DA:2795,0
DA:2796,0
DA:2799,0
DA:2800,0
DA:2801,0
DA:2802,0
DA:2804,0
DA:2806,0
DA:2807,0
DA:2808,0
DA:2809,0
DA:2811,0
DA:2812,0
DA:2813,0
DA:2815,0
DA:2820,1
DA:2821,0
DA:2822,0
DA:2823,0
DA:2824,0
DA:2826,0
DA:2827,0
DA:2828,0
DA:2829,0
DA:2832,0
DA:2833,0
DA:2834,0
DA:2835,0
DA:2837,0
DA:2838,0
DA:2839,0
DA:2842,0
DA:2843,0
DA:2844,0
DA:2845,0
DA:2848,0
DA:2849,0
DA:2853,0
DA:2854,0
DA:2855,0
DA:2857,0
DA:2861,0
DA:2863,0
DA:2864,0
DA:2872,0
DA:2884,0
DA:2885,0
DA:2886,0
DA:2888,0
DA:2893,1
DA:2894,0
DA:2895,0
DA:2896,0
DA:2898,0
DA:2899,0
DA:2900,0
DA:2902,0
DA:2903,0
DA:2904,0
DA:2905,0
DA:2906,0
DA:2908,0
DA:2909,0
DA:2920,1
DA:2921,0
DA:2922,0
DA:2923,0
DA:2924,0
DA:2926,0
DA:2927,0
DA:2928,0
DA:2931,0
DA:2932,0
DA:2933,0
DA:2934,0
DA:2936,0
DA:2937,0
DA:2938,0
DA:2941,0
DA:2942,0
DA:2943,0
DA:2945,0
DA:2952,0
DA:2954,0
DA:2955,0
DA:2956,0
DA:2958,0
DA:2963,1
DA:2964,0
DA:2965,0
DA:2966,0
DA:2967,0
DA:2969,0
DA:2970,0
DA:2971,0
DA:2974,0
DA:2975,0
DA:2976,0
DA:2977,0
DA:2979,0
DA:2980,0
DA:2981,0
DA:2984,0
DA:2985,0
DA:2986,0
DA:2988,0
DA:2995,0
DA:2997,0
DA:2998,0
DA:2999,0
DA:3001,0
DA:3006,1
DA:3007,0
DA:3008,0
DA:3009,0
DA:3010,0
DA:3012,0
DA:3013,0
DA:3014,0
DA:3017,0
DA:3018,0
DA:3019,0
DA:3020,0
DA:3022,0
DA:3023,0
DA:3024,0
DA:3027,0
DA:3028,0
DA:3029,0
DA:3030,0
DA:3032,0
DA:3039,0
DA:3041,0
DA:3042,0
DA:3043,0
DA:3045,0
DA:3050,1
DA:3051,0
DA:3052,0
DA:3053,0
DA:3055,0
DA:3056,0
DA:3058,0
DA:3059,0
DA:3060,0
DA:3063,0
DA:3064,0
DA:3066,0
DA:3068,0
DA:3069,0
DA:3074,1
DA:3075,0
DA:3076,0
DA:3077,0
DA:3079,0
DA:3080,0
DA:3081,0
DA:3084,0
DA:3089,0
DA:3115,0
DA:3123,0
DA:3124,0
DA:3132,1
DA:3133,0
DA:3134,0
DA:3135,0
DA:3138,0
DA:3139,0
DA:3140,0
DA:3144,0
DA:3145,0
DA:3146,0
DA:3147,0
DA:3150,0
DA:3156,0
DA:3163,0
DA:3165,0
DA:3166,0
DA:3171,1
DA:3172,0
DA:3173,0
DA:3174,0
DA:3177,0
DA:3182,0
DA:3183,0
DA:3186,0
DA:3187,0
DA:3195,0
DA:3196,0
DA:3207,1
DA:3208,0
DA:3209,0
DA:3213,0
DA:3218,0
DA:3219,0
DA:3224,1
DA:3225,0
DA:3226,0
DA:3230,0
DA:3231,0
DA:3233,0
DA:3234,0
DA:3239,1
DA:3240,0
DA:3241,0
DA:3243,0
DA:3252,0
DA:3253,0
DA:3254,0
DA:3256,0
DA:3257,0
DA:3258,0
DA:3264,0
DA:3266,0
DA:3267,0
DA:3268,0
DA:3274,0
DA:3277,0
DA:3278,0
DA:3279,0
DA:3280,0
DA:3285,0
DA:3288,0
DA:3289,0
DA:3290,0
DA:3291,0
DA:3297,0
DA:3300,0
DA:3301,0
DA:3302,0
DA:3303,0
DA:3304,0
DA:3310,0
DA:3312,0
DA:3313,0
DA:3314,0
DA:3315,0
DA:3316,0
DA:3322,0
DA:3324,0
DA:3325,0
DA:3326,0
DA:3327,0
DA:3328,0
DA:3334,0
DA:3336,0
DA:3337,0
DA:3338,0
DA:3339,0
DA:3345,0
DA:3349,0
DA:3353,0
DA:3354,0
DA:3355,0
DA:3362,0
DA:3365,0
DA:3370,0
DA:3371,0
DA:3372,0
DA:3373,0
DA:3374,0
DA:3375,0
DA:3378,0
DA:3380,0
DA:3381,0
DA:3394,0
DA:3401,0
DA:3403,0
DA:3404,0
DA:3405,0
DA:3414,0
DA:3416,0
DA:3421,1
DA:3422,0
DA:3423,0
DA:3424,0
DA:3426,0
DA:3427,0
DA:3428,0
DA:3431,0
DA:3436,0
DA:3443,0
DA:3444,0
DA:3449,1
DA:3450,0
DA:3451,0
DA:3452,0
DA:3454,0
DA:3455,0
DA:3456,0
DA:3459,0
DA:3460,0
DA:3462,0
DA:3463,0
DA:3465,0
DA:3475,0
DA:3477,0
DA:3478,0
DA:3486,1
DA:3487,0
DA:3488,0
DA:3490,0
DA:3497,0
DA:3498,0
DA:3500,0
DA:3501,0
DA:3502,0
DA:3503,0
DA:3508,0
DA:3511,0
DA:3514,0
DA:3515,0
DA:3516,0
DA:3522,0
DA:3525,0
DA:3526,0
DA:3527,0
DA:3533,0
DA:3537,0
DA:3538,0
DA:3539,0
DA:3540,0
DA:3546,0
DA:3550,0
DA:3551,0
DA:3552,0
DA:3554,0
DA:3555,0
DA:3560,0
DA:3562,0
DA:3564,0
DA:3565,0
DA:3578,0
DA:3586,0
DA:3598,0
DA:3599,0
DA:3600,0
DA:3607,0
DA:3609,0
DA:3614,1
DA:3615,0
DA:3616,0
DA:3617,0
DA:3619,0
DA:3620,0
DA:3621,0
DA:3624,0
DA:3631,0
DA:3632,0
DA:3635,0
DA:3636,0
DA:3648,0
DA:3649,0
DA:3654,1
DA:3655,0
DA:3656,0
DA:3657,0
DA:3660,0
DA:3672,0
DA:3675,0
DA:3684,0
DA:3694,0
DA:3706,0
DA:3707,0
DA:3712,1
DA:3713,0
DA:3714,0
DA:3724,0
DA:3736,0
DA:3737,0
DA:3745,1
DA:3746,0
DA:3747,0
DA:3749,0
DA:3750,0
DA:3754,0
DA:3756,0
DA:3758,0
DA:3764,0
DA:3765,0
DA:3768,0
DA:3770,0
DA:3771,0
DA:3775,0
DA:3793,0
DA:3794,0
DA:3797,0
DA:3798,0
DA:3803,1
DA:3804,0
DA:3805,0
DA:3806,0
DA:3808,0
DA:3809,0
DA:3810,0
DA:3811,0
DA:3812,0
DA:3814,0
DA:3815,0
DA:3817,0
DA:3818,0
DA:3819,0
DA:3823,0
DA:3824,0
DA:3825,0
DA:3826,0
DA:3830,0
DA:3831,0
DA:3832,0
DA:3833,0
DA:3834,0
DA:3838,0
DA:3841,0
DA:3842,0
DA:3843,0
DA:3844,0
DA:3845,0
DA:3846,0
DA:3847,0
DA:3848,0
DA:3852,0
DA:3853,0
DA:3857,0
DA:3858,0
DA:3859,0
DA:3860,0
DA:3862,0
DA:3864,0
DA:3865,0
DA:3866,0
DA:3867,0
DA:3868,0
DA:3873,0
DA:3874,0
DA:3875,0
DA:3876,0
DA:3878,0
DA:3879,0
DA:3884,1
DA:3885,0
DA:3886,0
DA:3889,0
DA:3890,0
DA:3891,0
DA:3892,0
DA:3895,0
DA:3897,0
DA:3898,0
DA:3900,0
DA:3901,0
DA:3906,1
DA:3907,0
DA:3908,0
DA:3909,0
DA:3910,0
DA:3911,0
DA:3912,0
DA:3914,0
DA:3915,0
DA:3916,0
DA:3919,0
DA:3920,0
DA:3921,0
DA:3925,0
DA:3926,0
DA:3929,0
DA:3932,0
DA:3933,0
DA:3934,0
DA:3935,0
DA:3936,0
DA:3940,0
DA:3941,0
DA:3947,0
DA:3948,0
DA:3951,0
DA:3953,0
DA:3955,0
DA:3961,0
DA:3962,0
DA:3965,0
DA:3966,0
DA:3967,0
DA:3968,0
DA:3971,0
DA:3972,0
DA:3973,0
DA:3974,0
DA:3975,0
DA:3976,0
DA:3981,0
DA:3982,0
DA:3984,0
DA:3985,0
DA:3987,0
DA:3991,0
DA:3992,0
DA:3994,0
DA:3995,0
DA:4000,1
DA:4001,0
DA:4002,0
DA:4003,0
DA:4004,0
DA:4005,0
DA:4006,0
DA:4007,0
DA:4009,0
DA:4010,0
DA:4011,0
DA:4014,0
DA:4015,0
DA:4016,0
DA:4019,0
DA:4020,0
DA:4023,0
DA:4026,0
DA:4027,0
DA:4028,0
DA:4029,0
DA:4030,0
DA:4033,0
DA:4034,0
DA:4040,0
DA:4041,0
DA:4044,0
DA:4046,0
DA:4048,0
DA:4054,0
DA:4055,0
DA:4058,0
DA:4059,0
DA:4060,0
DA:4061,0
DA:4064,0
DA:4065,0
DA:4066,0
DA:4067,0
DA:4068,0
DA:4069,0
DA:4074,0
DA:4075,0
DA:4077,0
DA:4078,0
DA:4080,0
DA:4084,0
DA:4085,0
DA:4087,0
DA:4088,0
DA:4093,1
DA:4094,0
DA:4095,0
DA:4096,0
DA:4097,0
DA:4098,0
DA:4099,0
DA:4100,0
DA:4101,0
DA:4103,0
DA:4104,0
DA:4105,0
DA:4108,0
DA:4109,0
DA:4110,0
DA:4113,0
DA:4114,0
DA:4117,0
DA:4120,0
DA:4121,0
DA:4122,0
DA:4123,0
DA:4124,0
DA:4127,0
DA:4128,0
DA:4134,0
DA:4135,0
DA:4138,0
DA:4140,0
DA:4142,0
DA:4148,0
DA:4149,0
DA:4152,0
DA:4153,0
DA:4154,0
DA:4155,0
DA:4158,0
DA:4159,0
DA:4160,0
DA:4161,0
DA:4162,0
DA:4163,0
DA:4168,0
DA:4169,0
DA:4171,0
DA:4172,0
DA:4174,0
DA:4178,0
DA:4179,0
DA:4181,0
DA:4182,0
DA:4187,1
DA:4188,0
DA:4189,0
DA:4190,0
DA:4191,0
DA:4192,0
DA:4199,0
DA:4201,0
DA:4202,0
DA:4207,1
DA:4208,0
DA:4209,0
DA:4211,0
DA:4212,0
DA:4216,0
DA:4218,0
DA:4219,0
DA:4221,0
DA:4222,0
DA:4225,0
DA:4227,0
DA:4229,0
DA:4235,0
DA:4236,0
DA:4239,0
DA:4242,0
DA:4260,0
DA:4262,0
DA:4263,0
DA:4264,0
DA:4277,0
DA:4281,0
DA:4284,0
DA:4285,0
DA:4290,1
DA:4291,0
DA:4292,0
DA:4294,0
DA:4295,0
DA:4298,0
DA:4300,0
DA:4302,0
DA:4308,0
DA:4309,0
DA:4312,0
DA:4314,0
DA:4315,0
DA:4318,0
DA:4332,0
DA:4335,0
DA:4336,0
DA:4341,1
DA:4342,0
DA:4343,0
DA:4344,0
DA:4347,0
DA:4352,0
DA:4353,0
DA:4354,0
DA:4358,0
DA:4360,0
DA:4366,0
DA:4367,0
DA:4370,0
DA:4371,0
DA:4372,0
DA:4373,0
DA:4376,0
DA:4379,0
DA:4380,0
DA:4388,1
DA:4389,0
DA:4390,0
DA:4391,0
DA:4393,0
DA:4396,0
DA:4401,0
DA:4402,0
DA:4403,0
DA:4404,0
DA:4407,0
DA:4408,0
DA:4410,0
DA:4411,0
DA:4416,1
DA:4417,0
DA:4418,0
DA:4424,0
DA:4429,1
DA:4430,0
DA:4431,0
DA:4434,0
DA:4435,0
DA:4436,0
DA:4438,0
DA:4439,0
DA:4441,0
DA:4442,0
DA:4444,0
DA:4445,0
DA:4447,0
DA:4448,0
DA:4450,0
DA:4454,0
DA:4455,0
DA:4458,0
DA:4462,0
DA:4465,0
DA:4468,0
DA:4469,0
DA:4470,0
DA:4474,0
DA:4475,0
DA:4478,0
DA:4481,0
DA:4482,0
DA:4491,0
DA:4492,0
DA:4493,0
DA:4500,0
DA:4504,0
DA:4507,0
DA:4510,0
DA:4513,0
DA:4517,0
DA:4520,0
DA:4531,0
DA:4537,0
DA:4547,0
DA:4548,0
DA:4549,0
DA:4550,0
DA:4557,0
DA:4562,0
DA:4564,0
DA:4570,0
DA:4572,0
DA:4579,0
DA:4581,0
DA:4584,0
DA:4586,0
DA:4605,0
DA:4607,0
DA:4608,0
DA:4613,1
DA:4614,0
DA:4615,0
DA:4616,0
DA:4618,0
DA:4619,0
DA:4620,0
DA:4622,0
DA:4623,0
DA:4628,0
DA:4629,0
DA:4632,0
DA:4633,0
DA:4634,0
DA:4635,0
DA:4638,0
DA:4639,0
DA:4640,0
DA:4641,0
DA:4644,0
DA:4646,0
DA:4650,0
DA:4652,0
DA:4653,0
DA:4667,0
DA:4687,0
DA:4697,0
DA:4699,0
DA:4700,0
DA:4705,1
DA:4706,0
DA:4707,0
DA:4720,0
DA:4721,0
DA:4724,0
DA:4726,0
DA:4733,0
DA:4743,0
DA:4769,0
DA:4771,0
DA:4772,0
DA:4777,1
DA:4778,0
DA:4779,0
DA:4780,0
DA:4781,0
DA:4782,0
DA:4783,0
DA:4785,0
DA:4786,0
DA:4787,0
DA:4788,0
DA:4789,0
DA:4790,0
DA:4791,0
DA:4793,0
DA:4794,0
DA:4795,0
DA:4797,0
DA:4798,0
DA:4803,1
DA:4804,0
DA:4805,0
DA:4810,0
DA:4811,0
DA:4814,0
DA:4816,0
DA:4824,0
DA:4831,0
DA:4837,0
DA:4847,0
DA:4848,0
DA:4853,1
DA:4854,0
DA:4855,0
DA:4857,0
DA:4862,0
DA:4863,0
DA:4866,0
DA:4868,0
DA:4876,0
DA:4884,0
DA:4891,0
DA:4901,0
DA:4902,0
DA:4907,1
DA:4908,0
DA:4909,0
DA:4914,0
DA:4915,0
DA:4918,0
DA:4920,0
DA:4928,0
DA:4935,0
DA:4941,0
DA:4951,0
DA:4952,0
DA:4957,1
DA:4958,0
DA:4959,0
DA:4960,0
DA:4962,0
DA:4967,0
DA:4968,0
DA:4969,0
DA:4972,0
DA:4974,0
DA:4981,0
DA:4982,0
DA:4983,0
DA:4988,0
DA:4989,0
DA:4991,0
DA:4998,0
DA:5004,0
DA:5006,0
DA:5007,0
DA:5008,0
DA:5010,0
DA:5015,1
DA:5016,0
DA:5017,0
DA:5018,0
DA:5020,0
DA:5021,0
DA:5022,0
DA:5024,0
DA:5025,0
DA:5026,0
DA:5027,0
DA:5030,0
DA:5031,0
DA:5038,0
DA:5039,0
DA:5042,0
DA:5044,0
DA:5050,0
DA:5052,0
DA:5053,0
DA:5070,0
DA:5094,0
DA:5104,0
DA:5106,0
DA:5107,0
DA:5112,1
DA:5113,0
DA:5114,0
DA:5131,0
DA:5132,0
DA:5135,0
DA:5137,0
DA:5147,0
DA:5154,0
DA:5159,0
DA:5208,0
DA:5210,0
DA:5211,0
DA:5216,1
DA:5217,0
DA:5218,0
DA:5219,0
DA:5221,0
DA:5223,0
DA:5228,0
DA:5229,0
DA:5230,0
DA:5233,0
DA:5235,0
DA:5236,0
DA:5237,0
DA:5240,0
DA:5245,0
DA:5253,0
DA:5254,0
DA:5263,0
DA:5265,0
DA:5273,0
DA:5279,0
DA:5281,0
DA:5282,0
DA:5283,0
DA:5285,0
DA:5290,1
DA:5291,0
DA:5292,0
DA:5294,0
DA:5295,0
DA:5296,0
DA:5298,0
DA:5299,0
DA:5301,0
DA:5302,0
DA:5304,0
DA:5305,0
DA:5307,0
DA:5308,0
DA:5310,0
DA:5313,0
DA:5322,0
DA:5331,0
DA:5341,0
DA:5348,0
DA:5364,0
DA:5375,0
DA:5382,0
DA:5390,0
DA:5396,0
DA:5398,0
DA:5399,0
DA:5404,1
DA:5405,0
DA:5406,0
DA:5407,0
DA:5409,0
DA:5410,0
DA:5411,0
DA:5413,0
DA:5414,0
DA:5415,0
DA:5416,0
DA:5419,0
DA:5420,0
DA:5421,0
DA:5422,0
DA:5425,0
DA:5426,0
DA:5427,0
DA:5428,0
DA:5431,0
DA:5433,0
DA:5437,0
DA:5439,0
DA:5440,0
DA:5453,0
DA:5466,0
DA:5476,0
DA:5477,0
DA:5482,1
DA:5483,0
DA:5484,0
DA:5485,0
DA:5487,0
DA:5488,0
DA:5489,0
DA:5491,0
DA:5492,0
DA:5494,0
DA:5495,0
DA:5498,0
DA:5499,0
DA:5501,0
DA:5502,0
DA:5505,0
DA:5506,0
DA:5511,1
DA:5512,0
DA:5513,0
DA:5515,0
DA:5516,0
DA:5517,0
DA:5520,0
DA:5521,0
DA:5523,0
DA:5528,0
DA:5535,0
DA:5541,0
DA:5546,0
DA:5547,0
DA:5552,1
DA:5553,0
DA:5554,0
DA:5558,0
DA:5559,0
DA:5560,0
DA:5568,0
DA:5570,0
DA:5572,0
DA:5573,0
DA:5578,1
DA:5579,0
DA:5580,0
DA:5582,0
DA:5591,0
DA:5598,0
DA:5604,0
DA:5609,0
DA:5610,0
DA:5615,1
DA:5616,0
DA:5617,0
DA:5618,0
DA:5620,0
DA:5622,0
DA:5623,0
DA:5624,0
DA:5627,0
DA:5634,0
DA:5635,0
DA:5644,0
DA:5646,0
DA:5652,0
DA:5658,0
DA:5664,0
DA:5665,0
DA:5666,0
DA:5668,0
DA:5673,1
DA:5674,0
DA:5675,0
DA:5676,0
DA:5678,0
DA:5679,0
DA:5681,0
DA:5682,0
DA:5683,0
DA:5686,0
DA:5692,0
DA:5699,0
DA:5705,0
DA:5712,0
DA:5713,0
DA:5718,1
DA:5719,0
DA:5720,0
DA:5723,0
DA:5725,0
DA:5726,0
DA:5728,0
DA:5729,0
DA:5731,0
DA:5732,0
DA:5734,0
DA:5735,0
DA:5737,0
DA:5740,0
DA:5741,0
DA:5742,0
DA:5744,0
DA:5745,0
DA:5746,0
DA:5747,0
DA:5750,0
DA:5751,0
DA:5752,0
DA:5753,0
DA:5756,0
DA:5758,0
DA:5773,0
DA:5782,0
DA:5789,0
DA:5792,0
DA:5793,0
DA:5794,0
DA:5798,0
DA:5799,0
DA:5804,1
DA:5805,1
DA:5807,1
DA:5821,1
DA:5833,1
DA:5846,1
DA:5847,1
DA:5848,1
DA:5851,1
DA:5864,1
DA:5866,0
DA:5867,0
DA:5875,1
DA:5878,1
DA:5879,0
DA:5886,0
DA:5890,1
DA:5891,0
DA:5901,0
DA:5903,0
DA:5911,1
DA:5912,1
DA:5921,1
DA:5922,1
DA:5924,1
DA:5925,0
DA:5927,0
DA:5928,0
DA:5930,0
DA:5931,0
DA:5932,0
DA:5937,0
DA:5938,0
DA:5939,0
DA:5942,0
DA:5943,0
DA:5944,0
DA:5945,0
DA:5948,0
DA:5949,0
DA:5951,0
DA:5956,0
DA:5957,0
DA:5966,0
DA:5967,0
DA:5971,0
DA:5972,0
DA:5974,0
DA:5975,0
DA:5976,0
DA:5981,0
DA:5982,0
DA:5983,0
DA:5986,0
DA:5991,0
DA:5996,0
DA:6004,0
DA:6008,0
DA:6009,0
DA:6012,0
DA:6013,0
DA:6017,1
DA:6018,1
DA:6019,0
DA:6020,0
DA:6021,0
DA:6022,0
DA:6023,0
DA:6024,0
DA:6025,0
DA:6026,0
DA:6027,0
DA:6028,0
DA:6029,0
DA:6030,0
DA:6031,0
DA:6032,0
DA:6033,0
DA:6034,0
DA:6035,0
DA:6036,0
DA:6037,0
DA:6038,0
DA:6039,0
DA:6040,0
DA:6041,0
DA:6042,0
DA:6043,0
DA:6044,0
DA:6045,0
DA:6046,0
DA:6047,0
DA:6048,0
DA:6049,0
DA:6050,0
DA:6051,0
DA:6052,0
DA:6053,0
DA:6054,0
DA:6058,1
DA:6059,0
DA:6060,0
DA:6061,0
DA:6062,0
DA:6063,0
DA:6067,1
LF:2232
LH:249
BRDA:16,0,0,1
BRDA:16,0,1,1
BRDA:25,1,0,1
BRDA:25,1,1,0
BRDA:31,2,0,1
BRDA:31,2,1,0
BRDA:48,3,0,1
BRDA:48,3,1,0
BRDA:49,4,0,1
BRDA:49,4,1,0
BRDA:50,5,0,1
BRDA:50,5,1,0
BRDA:50,6,0,1
BRDA:50,6,1,1
BRDA:50,7,0,0
BRDA:50,7,1,0
BRDA:51,8,0,1
BRDA:51,8,1,0
BRDA:52,9,0,1
BRDA:52,9,1,0
BRDA:469,10,0,0
BRDA:469,10,1,0
BRDA:469,11,0,0
BRDA:469,11,1,0
BRDA:484,12,0,0
BRDA:484,12,1,0
BRDA:484,13,0,0
BRDA:484,13,1,0
BRDA:487,14,0,0
BRDA:487,14,1,0
BRDA:506,15,0,0
BRDA:506,15,1,0
BRDA:510,16,0,0
BRDA:510,16,1,0
BRDA:565,17,0,0
BRDA:565,17,1,0
BRDA:597,18,0,0
BRDA:597,18,1,0
BRDA:622,19,0,0
BRDA:622,19,1,1
BRDA:630,20,0,0
BRDA:630,20,1,0
BRDA:642,21,0,0
BRDA:642,21,1,0
BRDA:643,22,0,0
BRDA:643,22,1,0
BRDA:643,23,0,0
BRDA:643,23,1,0
BRDA:643,23,2,0
BRDA:650,24,0,0
BRDA:650,24,1,0
BRDA:650,25,0,0
BRDA:650,25,1,0
BRDA:659,26,0,0
BRDA:659,26,1,0
BRDA:660,27,0,0
BRDA:660,27,1,0
BRDA:661,28,0,0
BRDA:661,28,1,0
BRDA:661,28,2,0
BRDA:661,28,3,0
BRDA:661,28,4,0
BRDA:661,28,5,0
BRDA:674,29,0,0
BRDA:674,29,1,0
BRDA:675,30,0,0
BRDA:675,30,1,0
BRDA:675,31,0,0
BRDA:675,31,1,0
BRDA:675,31,2,0
BRDA:679,32,0,0
BRDA:679,32,1,0
BRDA:681,33,0,0
BRDA:681,33,1,0
BRDA:681,34,0,0
BRDA:681,34,1,0
BRDA:697,35,0,0
BRDA:698,36,0,0
BRDA:698,36,1,0
BRDA:702,37,0,0
BRDA:703,38,0,0
BRDA:703,38,1,0
BRDA:707,39,0,0
BRDA:707,40,0,0
BRDA:709,41,0,0
BRDA:709,41,1,0
BRDA:709,42,0,0
BRDA:709,42,1,0
BRDA:709,42,2,0
BRDA:717,43,0,0
BRDA:717,44,0,0
BRDA:719,45,0,0
BRDA:719,45,1,0
BRDA:723,46,0,0
BRDA:723,46,1,0
BRDA:730,47,0,0
BRDA:730,47,1,0
BRDA:751,48,0,0
BRDA:751,48,1,0
BRDA:757,49,0,0
BRDA:757,49,1,0
BRDA:762,50,0,0
BRDA:762,50,1,0
BRDA:796,51,0,0
BRDA:796,51,1,0
BRDA:796,52,0,0
BRDA:796,52,1,0
BRDA:801,53,0,0
BRDA:801,53,1,0
BRDA:813,54,0,0
BRDA:813,54,1,0
BRDA:816,55,0,0
BRDA:816,55,1,0
BRDA:818,56,0,0
BRDA:818,56,1,0
BRDA:839,57,0,0
BRDA:839,57,1,0
BRDA:839,58,0,0
BRDA:839,58,1,0
BRDA:917,59,0,0
BRDA:917,59,1,0
BRDA:947,60,0,0
BRDA:947,60,1,0
BRDA:956,61,0,0
BRDA:956,61,1,0
BRDA:959,62,0,0
BRDA:959,62,1,0
BRDA:959,63,0,0
BRDA:959,63,1,0
BRDA:963,64,0,0
BRDA:963,64,1,0
BRDA:967,65,0,0
BRDA:967,65,1,0
BRDA:974,66,0,0
BRDA:974,66,1,0
BRDA:988,67,0,0
BRDA:988,67,1,0
BRDA:998,68,0,0
BRDA:998,68,1,0
BRDA:998,69,0,0
BRDA:998,69,1,0
BRDA:1007,70,0,0
BRDA:1007,70,1,0
BRDA:1007,71,0,0
BRDA:1007,71,1,0
BRDA:1007,71,2,0
BRDA:1007,71,3,0
BRDA:1007,71,4,0
BRDA:1007,71,5,0
BRDA:1007,71,6,0
BRDA:1007,71,7,0
BRDA:1023,72,0,0
BRDA:1023,72,1,0
BRDA:1023,73,0,0
BRDA:1023,73,1,0
BRDA:1032,74,0,0
BRDA:1032,74,1,0
BRDA:1041,75,0,0
BRDA:1041,75,1,0
BRDA:1050,76,0,0
BRDA:1050,76,1,0
BRDA:1065,77,0,0
BRDA:1065,77,1,0
BRDA:1082,78,0,0
BRDA:1082,78,1,0
BRDA:1139,79,0,0
BRDA:1139,79,1,0
BRDA:1152,80,0,0
BRDA:1152,80,1,0
BRDA:1152,81,0,0
BRDA:1152,81,1,0
BRDA:1161,82,0,0
BRDA:1161,82,1,0
BRDA:1161,83,0,0
BRDA:1161,83,1,0
BRDA:1171,84,0,0
BRDA:1171,84,1,0
BRDA:1185,85,0,0
BRDA:1185,85,1,0
BRDA:1197,86,0,0
BRDA:1197,86,1,0
BRDA:1208,87,0,0
BRDA:1208,87,1,0
BRDA:1276,88,0,0
BRDA:1276,88,1,0
BRDA:1302,89,0,0
BRDA:1302,89,1,0
BRDA:1303,90,0,0
BRDA:1303,90,1,0
BRDA:1304,91,0,0
BRDA:1304,91,1,0
BRDA:1305,92,0,0
BRDA:1305,92,1,0
BRDA:1306,93,0,0
BRDA:1306,93,1,0
BRDA:1309,94,0,0
BRDA:1309,94,1,0
BRDA:1314,95,0,0
BRDA:1314,95,1,0
BRDA:1318,96,0,0
BRDA:1318,96,1,0
BRDA:1336,97,0,0
BRDA:1336,97,1,0
BRDA:1337,98,0,0
BRDA:1337,98,1,0
BRDA:1338,99,0,0
BRDA:1338,99,1,0
BRDA:1339,100,0,0
BRDA:1339,100,1,0
BRDA:1340,101,0,0
BRDA:1340,101,1,0
BRDA:1341,102,0,0
BRDA:1341,102,1,0
BRDA:1342,103,0,0
BRDA:1342,103,1,0
BRDA:1344,104,0,0
BRDA:1344,104,1,0
BRDA:1345,105,0,0
BRDA:1345,105,1,0
BRDA:1348,106,0,0
BRDA:1348,106,1,0
BRDA:1349,107,0,0
BRDA:1349,107,1,0
BRDA:1354,108,0,0
BRDA:1354,108,1,0
BRDA:1358,109,0,0
BRDA:1358,109,1,0
BRDA:1362,110,0,0
BRDA:1362,110,1,0
BRDA:1366,111,0,0
BRDA:1366,111,1,0
BRDA:1370,112,0,0
BRDA:1370,112,1,0
BRDA:1374,113,0,0
BRDA:1374,113,1,0
BRDA:1399,114,0,0
BRDA:1399,114,1,0
BRDA:1402,115,0,0
BRDA:1402,115,1,0
BRDA:1403,116,0,0
BRDA:1403,116,1,0
BRDA:1404,117,0,0
BRDA:1404,117,1,0
BRDA:1406,118,0,0
BRDA:1406,118,1,0
BRDA:1406,119,0,0
BRDA:1406,119,1,0
BRDA:1424,120,0,0
BRDA:1424,120,1,0
BRDA:1427,121,0,0
BRDA:1427,121,1,0
BRDA:1428,122,0,0
BRDA:1428,122,1,0
BRDA:1429,123,0,0
BRDA:1429,123,1,0
BRDA:1430,124,0,0
BRDA:1430,124,1,0
BRDA:1431,125,0,0
BRDA:1431,125,1,0
BRDA:1433,126,0,0
BRDA:1433,126,1,0
BRDA:1433,127,0,0
BRDA:1433,127,1,0
BRDA:1437,128,0,0
BRDA:1437,128,1,0
BRDA:1441,129,0,0
BRDA:1441,129,1,0
BRDA:1465,130,0,0
BRDA:1465,130,1,0
BRDA:1467,131,0,0
BRDA:1467,131,1,0
BRDA:1467,132,0,0
BRDA:1467,132,1,0
BRDA:1472,133,0,0
BRDA:1472,133,1,0
BRDA:1477,134,0,0
BRDA:1477,134,1,0
BRDA:1477,135,0,0
BRDA:1477,135,1,0
BRDA:1477,136,0,0
BRDA:1477,136,1,0
BRDA:1477,137,0,0
BRDA:1477,137,1,0
BRDA:1477,138,0,0
BRDA:1477,138,1,0
BRDA:1479,139,0,0
BRDA:1479,139,1,0
BRDA:1481,140,0,0
BRDA:1481,140,1,0
BRDA:1486,141,0,0
BRDA:1486,141,1,0
BRDA:1486,142,0,0
BRDA:1486,142,1,0
BRDA:1486,143,0,0
BRDA:1486,143,1,0
BRDA:1486,144,0,0
BRDA:1486,144,1,0
BRDA:1500,145,0,0
BRDA:1500,145,1,0
BRDA:1502,146,0,0
BRDA:1502,146,1,0
BRDA:1521,147,0,0
BRDA:1521,147,1,0
BRDA:1521,148,0,0
BRDA:1521,148,1,0
BRDA:1521,148,2,0
BRDA:1529,149,0,0
BRDA:1529,149,1,0
BRDA:1529,150,0,0
BRDA:1529,150,1,0
BRDA:1529,151,0,0
BRDA:1529,151,1,0
BRDA:1529,152,0,0
BRDA:1529,152,1,0
BRDA:1529,153,0,0
BRDA:1529,153,1,0
BRDA:1529,154,0,0
BRDA:1529,154,1,0
BRDA:1529,155,0,0
BRDA:1529,155,1,0
BRDA:1541,156,0,0
BRDA:1541,156,1,0
BRDA:1554,157,0,0
BRDA:1554,157,1,0
BRDA:1556,158,0,0
BRDA:1556,158,1,0
BRDA:1556,159,0,0
BRDA:1556,159,1,0
BRDA:1556,159,2,0
BRDA:1562,160,0,0
BRDA:1562,160,1,0
BRDA:1562,161,0,0
BRDA:1562,161,1,0
BRDA:1562,162,0,0
BRDA:1562,162,1,0
BRDA:1562,163,0,0
BRDA:1562,163,1,0
BRDA:1562,164,0,0
BRDA:1562,164,1,0
BRDA:1562,165,0,0
BRDA:1562,165,1,0
BRDA:1573,166,0,0
BRDA:1573,166,1,0
BRDA:1574,167,0,0
BRDA:1574,167,1,0
BRDA:1576,168,0,0
BRDA:1576,168,1,0
BRDA:1590,169,0,0
BRDA:1590,169,1,0
BRDA:1591,170,0,0
BRDA:1591,170,1,0
BRDA:1593,171,0,0
BRDA:1593,171,1,0
BRDA:1595,172,0,0
BRDA:1595,172,1,0
BRDA:1604,173,0,0
BRDA:1604,173,1,0
BRDA:1610,174,0,0
BRDA:1610,174,1,0
BRDA:1627,175,0,0
BRDA:1627,175,1,0
BRDA:1633,176,0,0
BRDA:1633,176,1,0
BRDA:1666,177,0,0
BRDA:1666,177,1,0
BRDA:1666,178,0,0
BRDA:1666,178,1,0
BRDA:1674,179,0,0
BRDA:1674,179,1,0
BRDA:1674,180,0,0
BRDA:1674,180,1,0
BRDA:1674,181,0,0
BRDA:1674,181,1,0
BRDA:1674,182,0,0
BRDA:1674,182,1,0
BRDA:1689,183,0,0
BRDA:1689,183,1,0
BRDA:1695,184,0,0
BRDA:1695,184,1,0
BRDA:1728,185,0,0
BRDA:1728,185,1,0
BRDA:1744,186,0,0
BRDA:1744,186,1,0
BRDA:1775,187,0,0
BRDA:1775,187,1,0
BRDA:1776,188,0,0
BRDA:1776,188,1,0
BRDA:1777,189,0,0
BRDA:1777,189,1,0
BRDA:1778,190,0,0
BRDA:1778,190,1,0
BRDA:1781,191,0,0
BRDA:1781,191,1,0
BRDA:1787,192,0,0
BRDA:1787,192,1,0
BRDA:1797,193,0,0
BRDA:1797,193,1,0
BRDA:1799,194,0,0
BRDA:1799,194,1,0
BRDA:1801,195,0,0
BRDA:1801,195,1,0
BRDA:1818,196,0,0
BRDA:1818,196,1,0
BRDA:1827,197,0,0
BRDA:1827,197,1,0
BRDA:1863,198,0,0
BRDA:1863,198,1,0
BRDA:1904,199,0,0
BRDA:1904,199,1,0
BRDA:1929,200,0,0
BRDA:1929,200,1,0
BRDA:1983,201,0,0
BRDA:1983,201,1,0
BRDA:2038,202,0,0
BRDA:2038,202,1,0
BRDA:2055,203,0,0
BRDA:2055,203,1,0
BRDA:2057,204,0,0
BRDA:2057,204,1,0
BRDA:2058,205,0,0
BRDA:2058,205,1,0
BRDA:2059,206,0,0
BRDA:2059,206,1,0
BRDA:2064,207,0,0
BRDA:2064,207,1,0
BRDA:2065,208,0,0
BRDA:2065,208,1,0
BRDA:2066,209,0,0
BRDA:2066,209,1,0
BRDA:2067,210,0,0
BRDA:2067,210,1,0
BRDA:2068,211,0,0
BRDA:2068,211,1,0
BRDA:2069,212,0,0
BRDA:2069,212,1,0
BRDA:2070,213,0,0
BRDA:2070,213,1,0
BRDA:2071,214,0,0
BRDA:2071,214,1,0
BRDA:2073,215,0,0
BRDA:2073,215,1,0
BRDA:2087,216,0,0
BRDA:2087,216,1,0
BRDA:2088,217,0,0
BRDA:2088,217,1,0
BRDA:2088,218,0,0
BRDA:2088,218,1,0
BRDA:2088,218,2,0
BRDA:2103,219,0,0
BRDA:2103,219,1,0
BRDA:2113,220,0,0
BRDA:2113,220,1,0
BRDA:2116,221,0,0
BRDA:2116,221,1,0
BRDA:2116,222,0,0
BRDA:2116,222,1,0
BRDA:2116,223,0,0
BRDA:2116,223,1,0
BRDA:2116,224,0,0
BRDA:2116,224,1,0
BRDA:2116,225,0,0
BRDA:2116,225,1,0
BRDA:2128,226,0,0
BRDA:2128,226,1,0
BRDA:2150,227,0,0
BRDA:2150,227,1,0
BRDA:2151,228,0,0
BRDA:2151,228,1,0
BRDA:2151,229,0,0
BRDA:2151,229,1,0
BRDA:2152,230,0,0
BRDA:2152,230,1,0
BRDA:2194,231,0,0
BRDA:2194,231,1,0
BRDA:2195,232,0,0
BRDA:2195,232,1,0
BRDA:2195,233,0,0
BRDA:2195,233,1,0
BRDA:2255,234,0,0
BRDA:2255,234,1,0
BRDA:2277,235,0,0
BRDA:2277,235,1,0
BRDA:2277,236,0,0
BRDA:2277,236,1,0
BRDA:2288,237,0,0
BRDA:2288,237,1,0
BRDA:2303,238,0,0
BRDA:2303,238,1,0
BRDA:2303,239,0,0
BRDA:2303,239,1,0
BRDA:2303,239,2,0
BRDA:2308,240,0,0
BRDA:2308,240,1,0
BRDA:2309,241,0,0
BRDA:2309,241,1,0
BRDA:2315,242,0,0
BRDA:2315,242,1,0
BRDA:2315,243,0,0
BRDA:2315,243,1,0
BRDA:2315,243,2,0
BRDA:2320,244,0,0
BRDA:2320,244,1,0
BRDA:2321,245,0,0
BRDA:2321,245,1,0
BRDA:2331,246,0,0
BRDA:2331,246,1,0
BRDA:2332,247,0,0
BRDA:2332,247,1,0
BRDA:2333,248,0,0
BRDA:2333,248,1,0
BRDA:2345,249,0,0
BRDA:2345,249,1,0
BRDA:2346,250,0,0
BRDA:2346,250,1,0
BRDA:2347,251,0,0
BRDA:2347,251,1,0
BRDA:2366,252,0,0
BRDA:2366,252,1,0
BRDA:2368,253,0,0
BRDA:2368,253,1,0
BRDA:2370,254,0,0
BRDA:2370,254,1,0
BRDA:2371,255,0,0
BRDA:2371,255,1,0
BRDA:2371,256,0,0
BRDA:2371,256,1,0
BRDA:2372,257,0,0
BRDA:2372,257,1,0
BRDA:2372,258,0,0
BRDA:2372,258,1,0
BRDA:2373,259,0,0
BRDA:2373,259,1,0
BRDA:2416,260,0,0
BRDA:2416,260,1,0
BRDA:2417,261,0,0
BRDA:2417,261,1,0
BRDA:2449,262,0,0
BRDA:2449,262,1,0
BRDA:2475,263,0,0
BRDA:2475,263,1,0
BRDA:2483,264,0,0
BRDA:2483,264,1,0
BRDA:2552,265,0,0
BRDA:2552,265,1,0
BRDA:2553,266,0,0
BRDA:2553,266,1,0
BRDA:2556,267,0,0
BRDA:2556,267,1,0
BRDA:2558,268,0,0
BRDA:2558,268,1,0
BRDA:2564,269,0,0
BRDA:2564,269,1,0
BRDA:2565,270,0,0
BRDA:2565,270,1,0
BRDA:2566,271,0,0
BRDA:2566,271,1,0
BRDA:2568,272,0,0
BRDA:2568,272,1,0
BRDA:2569,273,0,0
BRDA:2569,273,1,0
BRDA:2573,274,0,0
BRDA:2573,274,1,0
BRDA:2590,275,0,0
BRDA:2590,275,1,0
BRDA:2591,276,0,0
BRDA:2591,276,1,0
BRDA:2594,277,0,0
BRDA:2594,277,1,0
BRDA:2596,278,0,0
BRDA:2596,278,1,0
BRDA:2599,279,0,0
BRDA:2599,279,1,0
BRDA:2621,280,0,0
BRDA:2621,280,1,0
BRDA:2627,281,0,0
BRDA:2627,281,1,0
BRDA:2627,282,0,0
BRDA:2627,282,1,0
BRDA:2627,282,2,0
BRDA:2627,282,3,0
BRDA:2637,283,0,0
BRDA:2637,283,1,0
BRDA:2638,284,0,0
BRDA:2638,284,1,0
BRDA:2641,285,0,0
BRDA:2641,285,1,0
BRDA:2643,286,0,0
BRDA:2643,286,1,0
BRDA:2659,287,0,0
BRDA:2659,287,1,0
BRDA:2665,288,0,0
BRDA:2665,288,1,0
BRDA:2671,289,0,0
BRDA:2671,289,1,0
BRDA:2675,290,0,0
BRDA:2675,290,1,0
BRDA:2683,291,0,0
BRDA:2683,291,1,0
BRDA:2683,292,0,0
BRDA:2683,292,1,0
BRDA:2683,293,0,0
BRDA:2683,293,1,0
BRDA:2743,294,0,0
BRDA:2743,294,1,0
BRDA:2749,295,0,0
BRDA:2749,295,1,0
BRDA:2754,296,0,0
BRDA:2754,296,1,0
BRDA:2760,297,0,0
BRDA:2760,297,1,0
BRDA:2766,298,0,0
BRDA:2766,298,1,0
BRDA:2783,299,0,0
BRDA:2783,299,1,0
BRDA:2789,300,0,0
BRDA:2789,300,1,0
BRDA:2794,301,0,0
BRDA:2794,301,1,0
BRDA:2800,302,0,0
BRDA:2800,302,1,0
BRDA:2827,303,0,0
BRDA:2827,303,1,0
BRDA:2833,304,0,0
BRDA:2833,304,1,0
BRDA:2837,305,0,0
BRDA:2837,305,1,0
BRDA:2843,306,0,0
BRDA:2843,306,1,0
BRDA:2896,307,0,0
BRDA:2896,307,1,0
BRDA:2899,308,0,0
BRDA:2899,308,1,0
BRDA:2900,309,0,0
BRDA:2900,309,1,0
BRDA:2926,310,0,0
BRDA:2926,310,1,0
BRDA:2932,311,0,0
BRDA:2932,311,1,0
BRDA:2936,312,0,0
BRDA:2936,312,1,0
BRDA:2969,313,0,0
BRDA:2969,313,1,0
BRDA:2975,314,0,0
BRDA:2975,314,1,0
BRDA:2979,315,0,0
BRDA:2979,315,1,0
BRDA:3012,316,0,0
BRDA:3012,316,1,0
BRDA:3018,317,0,0
BRDA:3018,317,1,0
BRDA:3018,318,0,0
BRDA:3018,318,1,0
BRDA:3022,319,0,0
BRDA:3022,319,1,0
BRDA:3053,320,0,0
BRDA:3053,320,1,0
BRDA:3053,321,0,0
BRDA:3053,321,1,0
BRDA:3056,322,0,0
BRDA:3056,322,1,0
BRDA:3059,323,0,0
BRDA:3059,323,1,0
BRDA:3077,324,0,0
BRDA:3077,324,1,0
BRDA:3080,325,0,0
BRDA:3080,325,1,0
BRDA:3080,326,0,0
BRDA:3080,326,1,0
BRDA:3092,327,0,0
BRDA:3092,327,1,0
BRDA:3134,328,0,0
BRDA:3134,328,1,0
BRDA:3139,329,0,0
BRDA:3139,329,1,0
BRDA:3139,330,0,0
BRDA:3139,330,1,0
BRDA:3146,331,0,0
BRDA:3146,331,1,0
BRDA:3146,332,0,0
BRDA:3146,332,1,0
BRDA:3146,332,2,0
BRDA:3146,332,3,0
BRDA:3173,333,0,0
BRDA:3173,333,1,0
BRDA:3182,334,0,0
BRDA:3182,334,1,0
BRDA:3230,335,0,0
BRDA:3230,335,1,0
BRDA:3256,336,0,0
BRDA:3256,336,1,0
BRDA:3256,337,0,0
BRDA:3256,337,1,0
BRDA:3256,337,2,0
BRDA:3266,338,0,0
BRDA:3266,338,1,0
BRDA:3266,339,0,0
BRDA:3266,339,1,0
BRDA:3278,340,0,0
BRDA:3278,340,1,0
BRDA:3289,341,0,0
BRDA:3289,341,1,0
BRDA:3301,342,0,0
BRDA:3301,342,1,0
BRDA:3302,343,0,0
BRDA:3302,343,1,0
BRDA:3313,344,0,0
BRDA:3313,344,1,0
BRDA:3314,345,0,0
BRDA:3314,345,1,0
BRDA:3325,346,0,0
BRDA:3325,346,1,0
BRDA:3326,347,0,0
BRDA:3326,347,1,0
BRDA:3336,348,0,0
BRDA:3336,348,1,0
BRDA:3337,349,0,0
BRDA:3337,349,1,0
BRDA:3353,350,0,0
BRDA:3353,350,1,0
BRDA:3367,351,0,0
BRDA:3367,351,1,0
BRDA:3367,352,0,0
BRDA:3367,352,1,0
BRDA:3367,353,0,0
BRDA:3367,353,1,0
BRDA:3367,354,0,0
BRDA:3367,354,1,0
BRDA:3367,355,0,0
BRDA:3367,355,1,0
BRDA:3370,356,0,0
BRDA:3370,356,1,0
BRDA:3373,357,0,0
BRDA:3373,357,1,0
BRDA:3424,358,0,0
BRDA:3424,358,1,0
BRDA:3427,359,0,0
BRDA:3427,359,1,0
BRDA:3427,360,0,0
BRDA:3427,360,1,0
BRDA:3452,361,0,0
BRDA:3452,361,1,0
BRDA:3455,362,0,0
BRDA:3455,362,1,0
BRDA:3455,363,0,0
BRDA:3455,363,1,0
BRDA:3469,364,0,0
BRDA:3469,364,1,0
BRDA:3470,365,0,0
BRDA:3470,365,1,0
BRDA:3501,366,0,0
BRDA:3501,366,1,0
BRDA:3514,367,0,0
BRDA:3514,367,1,0
BRDA:3525,368,0,0
BRDA:3525,368,1,0
BRDA:3538,369,0,0
BRDA:3538,369,1,0
BRDA:3617,370,0,0
BRDA:3617,370,1,0
BRDA:3620,371,0,0
BRDA:3620,371,1,0
BRDA:3620,372,0,0
BRDA:3620,372,1,0
BRDA:3631,373,0,0
BRDA:3631,373,1,0
BRDA:3656,374,0,0
BRDA:3656,374,1,0
BRDA:3749,375,0,0
BRDA:3749,375,1,0
BRDA:3749,376,0,0
BRDA:3749,376,1,0
BRDA:3764,377,0,0
BRDA:3764,377,1,0
BRDA:3770,378,0,0
BRDA:3770,378,1,0
BRDA:3770,379,0,0
BRDA:3770,379,1,0
BRDA:3781,380,0,0
BRDA:3781,380,1,0
BRDA:3782,381,0,0
BRDA:3782,381,1,0
BRDA:3782,381,2,0
BRDA:3782,381,3,0
BRDA:3783,382,0,0
BRDA:3783,382,1,0
BRDA:3783,382,2,0
BRDA:3783,382,3,0
BRDA:3784,383,0,0
BRDA:3784,383,1,0
BRDA:3784,383,2,0
BRDA:3784,383,3,0
BRDA:3785,384,0,0
BRDA:3785,384,1,0
BRDA:3789,385,0,0
BRDA:3789,385,1,0
BRDA:3805,386,0,0
BRDA:3805,386,1,0
BRDA:3806,387,0,0
BRDA:3806,387,1,0
BRDA:3809,388,0,0
BRDA:3809,388,1,0
BRDA:3810,389,0,0
BRDA:3810,389,1,0
BRDA:3814,390,0,0
BRDA:3814,390,1,0
BRDA:3824,391,0,0
BRDA:3824,391,1,0
BRDA:3831,392,0,0
BRDA:3831,392,1,0
BRDA:3841,393,0,0
BRDA:3841,393,1,0
BRDA:3847,394,0,0
BRDA:3847,394,1,0
BRDA:3857,395,0,0
BRDA:3857,395,1,0
BRDA:3864,396,0,0
BRDA:3864,396,1,0
BRDA:3909,397,0,0
BRDA:3909,397,1,0
BRDA:3911,398,0,0
BRDA:3911,398,1,0
BRDA:3920,399,0,0
BRDA:3920,399,1,0
BRDA:3926,400,0,0
BRDA:3926,400,1,0
BRDA:3929,401,0,0
BRDA:3929,401,1,0
BRDA:3933,402,0,0
BRDA:3933,402,1,0
BRDA:3947,403,0,0
BRDA:3947,403,1,0
BRDA:3961,404,0,0
BRDA:3961,404,1,0
BRDA:3967,405,0,0
BRDA:3967,405,1,0
BRDA:3967,405,2,0
BRDA:3967,405,3,0
BRDA:3968,406,0,0
BRDA:3968,406,1,0
BRDA:3968,406,2,0
BRDA:3971,407,0,0
BRDA:3971,407,1,0
BRDA:4004,408,0,0
BRDA:4004,408,1,0
BRDA:4006,409,0,0
BRDA:4006,409,1,0
BRDA:4015,410,0,0
BRDA:4015,410,1,0
BRDA:4020,411,0,0
BRDA:4020,411,1,0
BRDA:4023,412,0,0
BRDA:4023,412,1,0
BRDA:4027,413,0,0
BRDA:4027,413,1,0
BRDA:4040,414,0,0
BRDA:4040,414,1,0
BRDA:4054,415,0,0
BRDA:4054,415,1,0
BRDA:4060,416,0,0
BRDA:4060,416,1,0
BRDA:4060,416,2,0
BRDA:4060,416,3,0
BRDA:4061,417,0,0
BRDA:4061,417,1,0
BRDA:4061,417,2,0
BRDA:4064,418,0,0
BRDA:4064,418,1,0
BRDA:4098,419,0,0
BRDA:4098,419,1,0
BRDA:4100,420,0,0
BRDA:4100,420,1,0
BRDA:4109,421,0,0
BRDA:4109,421,1,0
BRDA:4114,422,0,0
BRDA:4114,422,1,0
BRDA:4117,423,0,0
BRDA:4117,423,1,0
BRDA:4121,424,0,0
BRDA:4121,424,1,0
BRDA:4134,425,0,0
BRDA:4134,425,1,0
BRDA:4148,426,0,0
BRDA:4148,426,1,0
BRDA:4154,427,0,0
BRDA:4154,427,1,0
BRDA:4154,427,2,0
BRDA:4154,427,3,0
BRDA:4155,428,0,0
BRDA:4155,428,1,0
BRDA:4155,428,2,0
BRDA:4158,429,0,0
BRDA:4158,429,1,0
BRDA:4209,430,0,0
BRDA:4211,431,0,0
BRDA:4211,431,1,0
BRDA:4211,432,0,0
BRDA:4211,432,1,0
BRDA:4218,433,0,0
BRDA:4218,433,1,0
BRDA:4221,434,0,0
BRDA:4221,434,1,0
BRDA:4235,435,0,0
BRDA:4235,435,1,0
BRDA:4250,436,0,0
BRDA:4250,436,1,0
BRDA:4251,437,0,0
BRDA:4251,437,1,0
BRDA:4251,437,2,0
BRDA:4251,437,3,0
BRDA:4252,438,0,0
BRDA:4252,438,1,0
BRDA:4252,438,2,0
BRDA:4252,438,3,0
BRDA:4253,439,0,0
BRDA:4253,439,1,0
BRDA:4253,439,2,0
BRDA:4253,439,3,0
BRDA:4254,440,0,0
BRDA:4254,440,1,0
BRDA:4255,441,0,0
BRDA:4255,441,1,0
BRDA:4260,442,0,0
BRDA:4260,442,1,0
BRDA:4260,443,0,0
BRDA:4260,443,1,0
BRDA:4269,444,0,0
BRDA:4269,444,1,0
BRDA:4270,445,0,0
BRDA:4270,445,1,0
BRDA:4271,446,0,0
BRDA:4271,446,1,0
BRDA:4272,447,0,0
BRDA:4272,447,1,0
BRDA:4294,448,0,0
BRDA:4294,448,1,0
BRDA:4294,449,0,0
BRDA:4294,449,1,0
BRDA:4308,450,0,0
BRDA:4308,450,1,0
BRDA:4314,451,0,0
BRDA:4314,451,1,0
BRDA:4314,452,0,0
BRDA:4314,452,1,0
BRDA:4323,453,0,0
BRDA:4323,453,1,0
BRDA:4324,454,0,0
BRDA:4324,454,1,0
BRDA:4324,454,2,0
BRDA:4324,454,3,0
BRDA:4325,455,0,0
BRDA:4325,455,1,0
BRDA:4325,455,2,0
BRDA:4325,455,3,0
BRDA:4326,456,0,0
BRDA:4326,456,1,0
BRDA:4326,456,2,0
BRDA:4326,456,3,0
BRDA:4327,457,0,0
BRDA:4327,457,1,0
BRDA:4328,458,0,0
BRDA:4328,458,1,0
BRDA:4344,459,0,0
BRDA:4352,460,0,0
BRDA:4352,460,1,0
BRDA:4366,461,0,0
BRDA:4366,461,1,0
BRDA:4372,462,0,0
BRDA:4372,462,1,0
BRDA:4372,462,2,0
BRDA:4372,462,3,0
BRDA:4373,463,0,0
BRDA:4373,463,1,0
BRDA:4373,463,2,0
BRDA:4391,464,0,0
BRDA:4391,464,1,0
BRDA:4402,465,0,0
BRDA:4402,465,1,0
BRDA:4402,465,2,0
BRDA:4402,465,3,0
BRDA:4403,466,0,0
BRDA:4403,466,1,0
BRDA:4403,467,0,0
BRDA:4403,467,1,0
BRDA:4416,468,0,0
BRDA:4421,469,0,0
BRDA:4421,469,1,0
BRDA:4431,470,0,0
BRDA:4436,471,0,0
BRDA:4436,471,1,0
BRDA:4436,471,2,0
BRDA:4436,471,3,0
BRDA:4436,471,4,0
BRDA:4495,472,0,0
BRDA:4495,472,1,0
BRDA:4562,473,0,0
BRDA:4562,473,1,0
BRDA:4570,474,0,0
BRDA:4570,474,1,0
BRDA:4579,475,0,0
BRDA:4579,475,1,0
BRDA:4584,476,0,0
BRDA:4584,476,1,0
BRDA:4615,477,0,0
BRDA:4615,478,0,0
BRDA:4615,479,0,0
BRDA:4615,480,0,0
BRDA:4615,481,0,0
BRDA:4622,482,0,0
BRDA:4622,482,1,0
BRDA:4632,483,0,0
BRDA:4632,483,1,0
BRDA:4638,484,0,0
BRDA:4638,484,1,0
BRDA:4640,485,0,0
BRDA:4640,485,1,0
BRDA:4644,486,0,0
BRDA:4644,486,1,0
BRDA:4673,487,0,0
BRDA:4673,487,1,0
BRDA:4673,488,0,0
BRDA:4673,488,1,0
BRDA:4720,489,0,0
BRDA:4720,489,1,0
BRDA:4762,490,0,0
BRDA:4762,490,1,0
BRDA:4779,491,0,0
BRDA:4779,492,0,0
BRDA:4779,493,0,0
BRDA:4779,493,1,0
BRDA:4782,494,0,0
BRDA:4782,494,1,0
BRDA:4786,495,0,0
BRDA:4786,495,1,0
BRDA:4786,496,0,0
BRDA:4786,496,1,0
BRDA:4790,497,0,0
BRDA:4790,497,1,0
BRDA:4810,498,0,0
BRDA:4810,498,1,0
BRDA:4862,499,0,0
BRDA:4862,499,1,0
BRDA:4873,500,0,0
BRDA:4873,500,1,0
BRDA:4914,501,0,0
BRDA:4914,501,1,0
BRDA:4967,502,0,0
BRDA:4967,502,1,0
BRDA:4981,503,0,0
BRDA:4981,503,1,0
BRDA:5017,504,0,0
BRDA:5017,505,0,0
BRDA:5017,506,0,0
BRDA:5017,507,0,0
BRDA:5024,508,0,0
BRDA:5024,508,1,0
BRDA:5030,509,0,0
BRDA:5030,509,1,0
BRDA:5042,510,0,0
BRDA:5042,510,1,0
BRDA:5085,511,0,0
BRDA:5085,511,1,0
BRDA:5131,512,0,0
BRDA:5131,512,1,0
BRDA:5178,513,0,0
BRDA:5178,513,1,0
BRDA:5179,514,0,0
BRDA:5179,514,1,0
BRDA:5189,515,0,0
BRDA:5189,515,1,0
BRDA:5196,516,0,0
BRDA:5196,516,1,0
BRDA:5205,517,0,0
BRDA:5205,517,1,0
BRDA:5228,518,0,0
BRDA:5228,518,1,0
BRDA:5235,519,0,0
BRDA:5235,519,1,0
BRDA:5235,520,0,0
BRDA:5235,520,1,0
BRDA:5250,521,0,0
BRDA:5250,521,1,0
BRDA:5253,522,0,0
BRDA:5253,522,1,0
BRDA:5259,523,0,0
BRDA:5259,523,1,0
BRDA:5292,524,0,0
BRDA:5296,525,0,0
BRDA:5296,525,1,0
BRDA:5296,525,2,0
BRDA:5296,525,3,0
BRDA:5296,525,4,0
BRDA:5377,526,0,0
BRDA:5377,526,1,0
BRDA:5378,527,0,0
BRDA:5378,527,1,0
BRDA:5379,528,0,0
BRDA:5379,528,1,0
BRDA:5380,529,0,0
BRDA:5380,529,1,0
BRDA:5406,530,0,0
BRDA:5406,531,0,0
BRDA:5406,532,0,0
BRDA:5413,533,0,0
BRDA:5413,533,1,0
BRDA:5419,534,0,0
BRDA:5419,534,1,0
BRDA:5425,535,0,0
BRDA:5425,535,1,0
BRDA:5431,536,0,0
BRDA:5431,536,1,0
BRDA:5485,537,0,0
BRDA:5485,537,1,0
BRDA:5487,538,0,0
BRDA:5487,538,1,0
BRDA:5488,539,0,0
BRDA:5488,539,1,0
BRDA:5489,540,0,0
BRDA:5489,540,1,0
BRDA:5491,541,0,0
BRDA:5491,541,1,0
BRDA:5491,542,0,0
BRDA:5491,542,1,0
BRDA:5492,543,0,0
BRDA:5492,543,1,0
BRDA:5513,544,0,0
BRDA:5516,545,0,0
BRDA:5516,545,1,0
BRDA:5622,546,0,0
BRDA:5622,546,1,0
BRDA:5622,547,0,0
BRDA:5622,547,1,0
BRDA:5720,548,0,0
BRDA:5723,549,0,0
BRDA:5723,549,1,0
BRDA:5723,549,2,0
BRDA:5723,549,3,0
BRDA:5723,549,4,0
BRDA:5744,550,0,0
BRDA:5744,550,1,0
BRDA:5750,551,0,0
BRDA:5750,551,1,0
BRDA:5794,552,0,0
BRDA:5794,552,1,0
BRDA:5901,553,0,0
BRDA:5901,553,1,0
BRDA:5905,554,0,0
BRDA:5905,554,1,0
BRDA:5937,555,0,0
BRDA:5937,555,1,0
BRDA:5943,556,0,0
BRDA:5943,556,1,0
BRDA:5943,557,0,0
BRDA:5943,557,1,0
BRDA:5956,558,0,0
BRDA:5956,558,1,0
BRDA:5981,559,0,0
BRDA:5981,559,1,0
BRDA:5981,560,0,0
BRDA:5981,560,1,0
BRDA:6017,561,0,1
BRDA:6017,561,1,0
BRDA:6027,562,0,0
BRDA:6027,562,1,0
BRDA:6027,563,0,0
BRDA:6027,563,1,0
BRF:1165
BRH:13
end_of_record
TN:
SF:middleware\auth.js
FN:13,(anonymous_0)
FN:53,(anonymous_1)
FN:54,(anonymous_2)
FN:61,(anonymous_3)
FN:82,(anonymous_4)
FN:83,(anonymous_5)
FNF:6
FNH:1
FNDA:0,(anonymous_0)
FNDA:5,(anonymous_1)
FNDA:0,(anonymous_2)
FNDA:0,(anonymous_3)
FNDA:0,(anonymous_4)
FNDA:0,(anonymous_5)
DA:1,1
DA:2,1
DA:5,1
DA:6,1
DA:8,1
DA:13,1
DA:14,0
DA:15,0
DA:17,0
DA:18,0
DA:24,0
DA:27,0
DA:28,0
DA:29,0
DA:31,0
DA:38,0
DA:40,0
DA:46,0
DA:53,1
DA:54,5
DA:55,0
DA:56,0
DA:59,0
DA:60,0
DA:61,0
DA:62,0
DA:63,0
DA:72,0
DA:75,0
DA:82,1
DA:83,0
DA:84,0
DA:85,0
DA:89,0
DA:90,0
DA:94,0
DA:96,0
DA:97,0
DA:104,0
DA:107,0
DA:111,1
LF:41
LH:10
BRDA:5,0,0,1
BRDA:5,0,1,1
BRDA:15,1,0,0
BRDA:15,1,1,0
BRDA:17,2,0,0
BRDA:17,2,1,0
BRDA:55,3,0,0
BRDA:55,3,1,0
BRDA:60,4,0,0
BRDA:60,4,1,0
BRDA:61,5,0,0
BRDA:61,5,1,0
BRDA:62,6,0,0
BRDA:62,6,1,0
BRDA:69,7,0,0
BRDA:69,7,1,0
BRDA:82,8,0,0
BRDA:84,9,0,0
BRDA:84,9,1,0
BRDA:89,10,0,0
BRDA:89,10,1,0
BRDA:94,11,0,0
BRDA:94,11,1,0
BRDA:96,12,0,0
BRDA:96,12,1,0
BRDA:101,13,0,0
BRDA:101,13,1,0
BRF:27
BRH:2
end_of_record
TN:
SF:middleware\rateLimit.js
FN:9,(anonymous_0)
FN:18,(anonymous_1)
FN:31,(anonymous_2)
FN:58,(anonymous_3)
FN:119,(anonymous_4)
FN:124,(anonymous_5)
FNF:6
FNH:1
FNDA:4,(anonymous_0)
FNDA:0,(anonymous_1)
FNDA:0,(anonymous_2)
FNDA:0,(anonymous_3)
FNDA:0,(anonymous_4)
FNDA:0,(anonymous_5)
DA:1,1
DA:4,1
DA:9,1
DA:16,4
DA:18,4
DA:19,0
DA:20,0
DA:21,0
DA:24,0
DA:25,0
DA:28,0
DA:31,0
DA:34,0
DA:35,0
DA:46,0
DA:53,0
DA:54,0
DA:57,0
DA:58,0
DA:60,0
DA:63,0
DA:64,0
DA:65,0
DA:66,0
DA:67,0
DA:71,0
DA:74,0
DA:81,1
DA:92,1
DA:101,1
DA:110,1
DA:119,1
DA:120,0
DA:121,0
DA:123,0
DA:124,0
DA:125,0
DA:126,0
DA:128,0
DA:134,1
DA:136,1
LF:41
LH:12
BRDA:9,0,0,0
BRDA:11,1,0,0
BRDA:12,2,0,0
BRDA:13,3,0,0
BRDA:14,4,0,3
BRDA:15,5,0,3
BRDA:19,6,0,0
BRDA:19,6,1,0
BRDA:24,7,0,0
BRDA:24,7,1,0
BRDA:34,8,0,0
BRDA:34,8,1,0
BRDA:42,9,0,0
BRDA:42,9,1,0
BRDA:60,10,0,0
BRDA:60,10,1,0
BRDA:60,11,0,0
BRDA:60,11,1,0
BRDA:60,11,2,0
BRDA:60,11,3,0
BRDA:63,12,0,0
BRDA:63,12,1,0
BRDA:65,13,0,0
BRDA:65,13,1,0
BRDA:125,14,0,0
BRDA:125,14,1,0
BRF:26
BRH:2
end_of_record
TN:
SF:routes\drivers.js
FN:29,(anonymous_0)
FN:79,(anonymous_1)
FN:135,(anonymous_2)
FN:191,(anonymous_3)
FN:224,(anonymous_4)
FN:339,(anonymous_5)
FNF:6
FNH:0
FNDA:0,(anonymous_0)
FNDA:0,(anonymous_1)
FNDA:0,(anonymous_2)
FNDA:0,(anonymous_3)
FNDA:0,(anonymous_4)
FNDA:0,(anonymous_5)
DA:1,1
DA:2,1
DA:3,1
DA:4,1
DA:5,1
DA:6,1
DA:9,1
DA:10,1
DA:12,1
DA:15,1
DA:26,1
DA:29,1
DA:30,0
DA:31,0
DA:32,0
DA:35,0
DA:40,0
DA:41,0
DA:44,0
DA:45,0
DA:46,0
DA:50,0
DA:55,0
DA:61,0
DA:69,0
DA:74,0
DA:79,1
DA:80,0
DA:81,0
DA:82,0
DA:85,0
DA:90,0
DA:91,0
DA:94,0
DA:95,0
DA:96,0
DA:100,0
DA:106,0
DA:111,0
DA:117,0
DA:125,0
DA:130,0
DA:135,1
DA:136,0
DA:137,0
DA:138,0
DA:139,0
DA:142,0
DA:147,0
DA:148,0
DA:151,0
DA:152,0
DA:153,0
DA:157,0
DA:166,0
DA:181,0
DA:186,0
DA:191,1
DA:192,0
DA:193,0
DA:195,0
DA:196,0
DA:202,0
DA:208,0
DA:215,0
DA:219,0
DA:224,1
DA:225,0
DA:226,0
DA:227,0
DA:228,0
DA:230,0
DA:231,0
DA:234,0
DA:235,0
DA:238,0
DA:239,0
DA:243,0
DA:248,0
DA:249,0
DA:252,0
DA:253,0
DA:254,0
DA:257,0
DA:258,0
DA:262,0
DA:278,0
DA:281,0
DA:282,0
DA:283,0
DA:292,0
DA:300,0
DA:306,0
DA:314,0
DA:329,0
DA:334,0
DA:339,1
DA:340,0
DA:342,0
DA:348,0
DA:354,0
DA:358,0
DA:362,1
LF:103
LH:18
BRDA:9,0,0,1
BRDA:9,0,1,1
BRDA:12,1,0,1
BRDA:12,1,1,0
BRDA:16,2,0,1
BRDA:16,2,1,0
BRDA:17,3,0,1
BRDA:17,3,1,0
BRDA:18,4,0,1
BRDA:18,4,1,0
BRDA:18,5,0,1
BRDA:18,5,1,1
BRDA:18,6,0,0
BRDA:18,6,1,0
BRDA:19,7,0,1
BRDA:19,7,1,0
BRDA:20,8,0,1
BRDA:20,8,1,0
BRDA:40,9,0,0
BRDA:40,9,1,0
BRDA:45,10,0,0
BRDA:45,10,1,0
BRDA:74,11,0,0
BRDA:74,11,1,0
BRDA:90,12,0,0
BRDA:90,12,1,0
BRDA:95,13,0,0
BRDA:95,13,1,0
BRDA:130,14,0,0
BRDA:130,14,1,0
BRDA:147,15,0,0
BRDA:147,15,1,0
BRDA:152,16,0,0
BRDA:152,16,1,0
BRDA:152,17,0,0
BRDA:152,17,1,0
BRDA:168,18,0,0
BRDA:168,18,1,0
BRDA:169,19,0,0
BRDA:169,19,1,0
BRDA:186,20,0,0
BRDA:186,20,1,0
BRDA:195,21,0,0
BRDA:195,21,1,0
BRDA:210,22,0,0
BRDA:210,22,1,0
BRDA:219,23,0,0
BRDA:219,23,1,0
BRDA:230,24,0,0
BRDA:230,24,1,0
BRDA:230,25,0,0
BRDA:230,25,1,0
BRDA:234,26,0,0
BRDA:234,26,1,0
BRDA:234,27,0,0
BRDA:234,27,1,0
BRDA:238,28,0,0
BRDA:238,28,1,0
BRDA:238,29,0,0
BRDA:238,29,1,0
BRDA:238,29,2,0
BRDA:238,29,3,0
BRDA:248,30,0,0
BRDA:248,30,1,0
BRDA:253,31,0,0
BRDA:253,31,1,0
BRDA:257,32,0,0
BRDA:257,32,1,0
BRDA:272,33,0,0
BRDA:272,33,1,0
BRDA:273,34,0,0
BRDA:273,34,1,0
BRDA:274,35,0,0
BRDA:274,35,1,0
BRDA:282,36,0,0
BRDA:282,36,1,0
BRDA:334,37,0,0
BRDA:334,37,1,0
BRDA:358,38,0,0
BRDA:358,38,1,0
BRF:80
BRH:10
end_of_record
